#
# A fatal error has been detected by the Java Runtime Environment:
#
#  SIGSEGV (0xb) at pc=0x00007f786672a97d, pid=33575, tid=33606
#
# JRE version: OpenJDK Runtime Environment (11.0.14+9) (build 11.0.14+9-Ubuntu-0ubuntu2)
# Java VM: OpenJDK 64-Bit Server VM (11.0.14+9-Ubuntu-0ubuntu2, mixed mode, sharing, tiered, compressed oops, g1 gc, linux-amd64)
# Problematic frame:
# C  [libc.so.6+0x19d97d]
#
# Core dump will be written. Default location: Core dumps may be processed with "/usr/share/apport/apport %p %s %c %d %P %E" (or dumping to /home/dibier/Java/demo/core.33575)
#
# If you would like to submit a bug report, please visit:
#   https://bugs.launchpad.net/ubuntu/+source/openjdk-lts
# The crash happened outside the Java Virtual Machine in native code.
# See problematic frame for where to report the bug.
#

---------------  S U M M A R Y ------------

Command Line: -Xverify:none -XX:TieredStopAtLevel=1 -Dfile.encoding=UTF-8 -Duser.country=CO -Duser.language=es -Duser.variant com.example.demo.DemoApplication

Host: Intel(R) Core(TM) i3-9100F CPU @ 3.60GHz, 4 cores, 3G, Ubuntu Jammy Jellyfish (development branch)
Time: Wed Mar 23 14:20:14 2022 -05 elapsed time: 30.213379 seconds (0d 0h 0m 30s)

---------------  T H R E A D  ---------------

Current thread (0x00007f7861267000):  JavaThread "http-nio-8080-exec-3" daemon [_thread_in_native, id=33606, stack(0x00007f77dff00000,0x00007f77e0000000)]

Stack: [0x00007f77dff00000,0x00007f77e0000000],  sp=0x00007f77dfffb4e8,  free space=1005k
Native frames: (J=compiled Java code, A=aot compiled Java code, j=interpreted, Vv=VM code, C=native code)
C  [libc.so.6+0x19d97d]

Java frames: (J=compiled Java code, j=interpreted, Vv=VM code)
j  com.sun.jna.Native.invokeLong(JI[Ljava/lang/Object;)J+0
j  com.sun.jna.Function.invoke([Ljava/lang/Object;Ljava/lang/Class;Z)Ljava/lang/Object;+256
j  com.sun.jna.Function.invoke(Ljava/lang/reflect/Method;[Ljava/lang/Class;Ljava/lang/Class;[Ljava/lang/Object;Ljava/util/Map;)Ljava/lang/Object;+249
j  com.sun.jna.Library$Handler.invoke(Ljava/lang/Object;Ljava/lang/reflect/Method;[Ljava/lang/Object;)Ljava/lang/Object;+348
j  com.sun.proxy.$Proxy99.argon2_encodedlen(Lde/mkammerer/argon2/jna/Uint32_t;Lde/mkammerer/argon2/jna/Uint32_t;Lde/mkammerer/argon2/jna/Uint32_t;Lde/mkammerer/argon2/jna/Uint32_t;Lde/mkammerer/argon2/jna/Uint32_t;)Lde/mkammerer/argon2/jna/Size_t;+34
j  de.mkammerer.argon2.BaseArgon2.hashBytes(III[B)Ljava/lang/String;+66
j  de.mkammerer.argon2.BaseArgon2.hash(IIILjava/lang/String;Ljava/nio/charset/Charset;)Ljava/lang/String;+15
j  de.mkammerer.argon2.BaseArgon2.hash(IIILjava/lang/String;)Ljava/lang/String;+9
j  com.example.demo.controller.UserController.saveUser(Lcom/example/demo/model/User;)V+17
v  ~StubRoutines::call_stub
J 2265  jdk.internal.reflect.NativeMethodAccessorImpl.invoke0(Ljava/lang/reflect/Method;Ljava/lang/Object;[Ljava/lang/Object;)Ljava/lang/Object; java.base@11.0.14 (0 bytes) @ 0x00007f784922dcc7 [0x00007f784922dc40+0x0000000000000087]
J 2264 c1 jdk.internal.reflect.NativeMethodAccessorImpl.invoke(Ljava/lang/Object;[Ljava/lang/Object;)Ljava/lang/Object; java.base@11.0.14 (104 bytes) @ 0x00007f784922e4dc [0x00007f784922e120+0x00000000000003bc]
J 2133 c1 jdk.internal.reflect.DelegatingMethodAccessorImpl.invoke(Ljava/lang/Object;[Ljava/lang/Object;)Ljava/lang/Object; java.base@11.0.14 (10 bytes) @ 0x00007f78491fc5a4 [0x00007f78491fc540+0x0000000000000064]
J 2134 c1 java.lang.reflect.Method.invoke(Ljava/lang/Object;[Ljava/lang/Object;)Ljava/lang/Object; java.base@11.0.14 (65 bytes) @ 0x00007f78491fdd04 [0x00007f78491fdbe0+0x0000000000000124]
j  org.springframework.web.method.support.InvocableHandlerMethod.doInvoke([Ljava/lang/Object;)Ljava/lang/Object;+28
j  org.springframework.web.method.support.InvocableHandlerMethod.invokeForRequest(Lorg/springframework/web/context/request/NativeWebRequest;Lorg/springframework/web/method/support/ModelAndViewContainer;[Ljava/lang/Object;)Ljava/lang/Object;+54
j  org.springframework.web.servlet.mvc.method.annotation.ServletInvocableHandlerMethod.invokeAndHandle(Lorg/springframework/web/context/request/ServletWebRequest;Lorg/springframework/web/method/support/ModelAndViewContainer;[Ljava/lang/Object;)V+4
j  org.springframework.web.servlet.mvc.method.annotation.RequestMappingHandlerAdapter.invokeHandlerMethod(Ljavax/servlet/http/HttpServletRequest;Ljavax/servlet/http/HttpServletResponse;Lorg/springframework/web/method/HandlerMethod;)Lorg/springframework/web/servlet/ModelAndView;+244
j  org.springframework.web.servlet.mvc.method.annotation.RequestMappingHandlerAdapter.handleInternal(Ljavax/servlet/http/HttpServletRequest;Ljavax/servlet/http/HttpServletResponse;Lorg/springframework/web/method/HandlerMethod;)Lorg/springframework/web/servlet/ModelAndView;+81
j  org.springframework.web.servlet.mvc.method.AbstractHandlerMethodAdapter.handle(Ljavax/servlet/http/HttpServletRequest;Ljavax/servlet/http/HttpServletResponse;Ljava/lang/Object;)Lorg/springframework/web/servlet/ModelAndView;+7
j  org.springframework.web.servlet.DispatcherServlet.doDispatch(Ljavax/servlet/http/HttpServletRequest;Ljavax/servlet/http/HttpServletResponse;)V+259
j  org.springframework.web.servlet.DispatcherServlet.doService(Ljavax/servlet/http/HttpServletRequest;Ljavax/servlet/http/HttpServletResponse;)V+241
j  org.springframework.web.servlet.FrameworkServlet.processRequest(Ljavax/servlet/http/HttpServletRequest;Ljavax/servlet/http/HttpServletResponse;)V+71
j  org.springframework.web.servlet.FrameworkServlet.doPost(Ljavax/servlet/http/HttpServletRequest;Ljavax/servlet/http/HttpServletResponse;)V+3
j  javax.servlet.http.HttpServlet.service(Ljavax/servlet/http/HttpServletRequest;Ljavax/servlet/http/HttpServletResponse;)V+149
j  org.springframework.web.servlet.FrameworkServlet.service(Ljavax/servlet/http/HttpServletRequest;Ljavax/servlet/http/HttpServletResponse;)V+33
j  javax.servlet.http.HttpServlet.service(Ljavax/servlet/ServletRequest;Ljavax/servlet/ServletResponse;)V+36
j  org.apache.catalina.core.ApplicationFilterChain.internalDoFilter(Ljavax/servlet/ServletRequest;Ljavax/servlet/ServletResponse;)V+304
j  org.apache.catalina.core.ApplicationFilterChain.doFilter(Ljavax/servlet/ServletRequest;Ljavax/servlet/ServletResponse;)V+99
j  org.apache.tomcat.websocket.server.WsFilter.doFilter(Ljavax/servlet/ServletRequest;Ljavax/servlet/ServletResponse;Ljavax/servlet/FilterChain;)V+21
j  org.apache.catalina.core.ApplicationFilterChain.internalDoFilter(Ljavax/servlet/ServletRequest;Ljavax/servlet/ServletResponse;)V+135
j  org.apache.catalina.core.ApplicationFilterChain.doFilter(Ljavax/servlet/ServletRequest;Ljavax/servlet/ServletResponse;)V+99
j  org.springframework.web.filter.RequestContextFilter.doFilterInternal(Ljavax/servlet/http/HttpServletRequest;Ljavax/servlet/http/HttpServletResponse;Ljavax/servlet/FilterChain;)V+21
j  org.springframework.web.filter.OncePerRequestFilter.doFilter(Ljavax/servlet/ServletRequest;Ljavax/servlet/ServletResponse;Ljavax/servlet/FilterChain;)V+147
j  org.apache.catalina.core.ApplicationFilterChain.internalDoFilter(Ljavax/servlet/ServletRequest;Ljavax/servlet/ServletResponse;)V+135
j  org.apache.catalina.core.ApplicationFilterChain.doFilter(Ljavax/servlet/ServletRequest;Ljavax/servlet/ServletResponse;)V+99
j  org.springframework.web.filter.FormContentFilter.doFilterInternal(Ljavax/servlet/http/HttpServletRequest;Ljavax/servlet/http/HttpServletResponse;Ljavax/servlet/FilterChain;)V+38
j  org.springframework.web.filter.OncePerRequestFilter.doFilter(Ljavax/servlet/ServletRequest;Ljavax/servlet/ServletResponse;Ljavax/servlet/FilterChain;)V+147
j  org.apache.catalina.core.ApplicationFilterChain.internalDoFilter(Ljavax/servlet/ServletRequest;Ljavax/servlet/ServletResponse;)V+135
j  org.apache.catalina.core.ApplicationFilterChain.doFilter(Ljavax/servlet/ServletRequest;Ljavax/servlet/ServletResponse;)V+99
j  org.springframework.web.filter.CharacterEncodingFilter.doFilterInternal(Ljavax/servlet/http/HttpServletRequest;Ljavax/servlet/http/HttpServletResponse;Ljavax/servlet/FilterChain;)V+53
j  org.springframework.web.filter.OncePerRequestFilter.doFilter(Ljavax/servlet/ServletRequest;Ljavax/servlet/ServletResponse;Ljavax/servlet/FilterChain;)V+147
j  org.apache.catalina.core.ApplicationFilterChain.internalDoFilter(Ljavax/servlet/ServletRequest;Ljavax/servlet/ServletResponse;)V+135
j  org.apache.catalina.core.ApplicationFilterChain.doFilter(Ljavax/servlet/ServletRequest;Ljavax/servlet/ServletResponse;)V+99
j  org.apache.catalina.core.StandardWrapperValve.invoke(Lorg/apache/catalina/connector/Request;Lorg/apache/catalina/connector/Response;)V+694
j  org.apache.catalina.core.StandardContextValve.invoke(Lorg/apache/catalina/connector/Request;Lorg/apache/catalina/connector/Response;)V+169
j  org.apache.catalina.authenticator.AuthenticatorBase.invoke(Lorg/apache/catalina/connector/Request;Lorg/apache/catalina/connector/Response;)V+260
j  org.apache.catalina.core.StandardHostValve.invoke(Lorg/apache/catalina/connector/Request;Lorg/apache/catalina/connector/Response;)V+128
j  org.apache.catalina.valves.ErrorReportValve.invoke(Lorg/apache/catalina/connector/Request;Lorg/apache/catalina/connector/Response;)V+6
j  org.apache.catalina.core.StandardEngineValve.invoke(Lorg/apache/catalina/connector/Request;Lorg/apache/catalina/connector/Response;)V+59
j  org.apache.catalina.connector.CoyoteAdapter.service(Lorg/apache/coyote/Request;Lorg/apache/coyote/Response;)V+203
j  org.apache.coyote.http11.Http11Processor.service(Lorg/apache/tomcat/util/net/SocketWrapperBase;)Lorg/apache/tomcat/util/net/AbstractEndpoint$Handler$SocketState;+796
j  org.apache.coyote.AbstractProcessorLight.process(Lorg/apache/tomcat/util/net/SocketWrapperBase;Lorg/apache/tomcat/util/net/SocketEvent;)Lorg/apache/tomcat/util/net/AbstractEndpoint$Handler$SocketState;+170
j  org.apache.coyote.AbstractProtocol$ConnectionHandler.process(Lorg/apache/tomcat/util/net/SocketWrapperBase;Lorg/apache/tomcat/util/net/SocketEvent;)Lorg/apache/tomcat/util/net/AbstractEndpoint$Handler$SocketState;+495
j  org.apache.tomcat.util.net.NioEndpoint$SocketProcessor.doRun()V+216
j  org.apache.tomcat.util.net.SocketProcessorBase.run()V+21
j  org.apache.tomcat.util.threads.ThreadPoolExecutor.runWorker(Lorg/apache/tomcat/util/threads/ThreadPoolExecutor$Worker;)V+92
j  org.apache.tomcat.util.threads.ThreadPoolExecutor$Worker.run()V+5
j  org.apache.tomcat.util.threads.TaskThread$WrappingRunnable.run()V+4
j  java.lang.Thread.run()V+11 java.base@11.0.14
v  ~StubRoutines::call_stub

siginfo: si_signo: 11 (SIGSEGV), si_code: 1 (SEGV_MAPERR), si_addr: 0x0000000000000000

Register to memory mapping:

RAX=0x0 is NULL
RBX=0x0000000000000001 is an unknown value
RCX=0x0000000000000010 is an unknown value
RDX=0x0 is NULL
RSP=0x00007f77dfffb4e8 is pointing into the stack for thread: 0x00007f7861267000
RBP=0x00007f77dfffb520 is pointing into the stack for thread: 0x00007f7861267000
RSI=0x0 is NULL
RDI=0x0 is NULL
R8 =0x0000000000000020 is an unknown value
R9 =0x00007f7865bc56fe: <offset 0x00000000009156fe> in /usr/lib/jvm/java-11-openjdk-amd64/lib/server/libjvm.so at 0x00007f78652b0000
R10=0x00007f786659b940: <offset 0x000000000000e940> in /lib/x86_64-linux-gnu/libc.so.6 at 0x00007f786658d000
R11=0x00007f786672a960: <offset 0x000000000019d960> in /lib/x86_64-linux-gnu/libc.so.6 at 0x00007f786658d000
R12=0x0000000000000400 is an unknown value
R13=0x0000000000000001 is an unknown value
R14=0x0000000000000010 is an unknown value
R15=0x0000000000000020 is an unknown value


Registers:
RAX=0x0000000000000000, RBX=0x0000000000000001, RCX=0x0000000000000010, RDX=0x0000000000000000
RSP=0x00007f77dfffb4e8, RBP=0x00007f77dfffb520, RSI=0x0000000000000000, RDI=0x0000000000000000
R8 =0x0000000000000020, R9 =0x00007f7865bc56fe, R10=0x00007f786659b940, R11=0x00007f786672a960
R12=0x0000000000000400, R13=0x0000000000000001, R14=0x0000000000000010, R15=0x0000000000000020
RIP=0x00007f786672a97d, EFLAGS=0x0000000000010283, CSGSFS=0x002b000000000033, ERR=0x0000000000000004
  TRAPNO=0x000000000000000e

Top of Stack: (sp=0x00007f77dfffb4e8)
0x00007f77dfffb4e8:   00007f78400a521d 00007f77dfffb680
0x00007f77dfffb4f8:   fffffffffffffffc 00007f77dfffbfd0
0x00007f77dfffb508:   00007f77dfffb470 0000000000000005
0x00007f77dfffb518:   00007f77dee1265c 000000000000000c 

Instructions: (pc=0x00007f786672a97d)
0x00007f786672a87d:   fd d7 ca c5 fd d7 c3 09 c1 75 38 c5 fd 6f 0f c5
0x00007f786672a88d:   fd 74 d1 48 83 c7 20 c5 dd 74 d9 c5 fd d7 ca c5
0x00007f786672a89d:   fd d7 c3 09 c1 75 1c c5 fd 6f 0f c5 fd 74 d1 48
0x00007f786672a8ad:   83 c7 20 c5 dd 74 d9 c5 fd d7 ca c5 fd d7 c3 09
0x00007f786672a8bd:   c1 74 90 85 c0 75 1c 85 d2 0f 84 84 00 00 00 89
0x00007f786672a8cd:   d0 48 89 f7 0f bd c0 48 8d 44 07 e0 c5 f8 77 c3
0x00007f786672a8dd:   0f 1f 00 c5 fd d7 ca 85 c9 75 18 89 c2 48 89 fe
0x00007f786672a8ed:   e9 5e ff ff ff 66 66 2e 0f 1f 84 00 00 00 00 00
0x00007f786672a8fd:   0f 1f 00 41 89 c8 41 83 e8 01 41 31 c8 44 21 c0
0x00007f786672a90d:   85 c0 74 b3 0f bd c0 48 8d 44 07 e0 c5 f8 77 c3
0x00007f786672a91d:   0f 1f 00 48 01 cf 89 d1 41 89 c8 41 83 e8 01 41
0x00007f786672a92d:   31 c8 44 21 c0 85 c0 74 1a 0f bd c0 48 8d 44 07
0x00007f786672a93d:   e0 c5 f8 77 c3 66 66 2e 0f 1f 84 00 00 00 00 00
0x00007f786672a94d:   0f 1f 00 31 c0 c5 f8 77 c3 66 2e 0f 1f 84 00 00
0x00007f786672a95d:   00 00 00 f3 0f 1e fa 89 f8 48 89 fa c5 f9 ef c0
0x00007f786672a96d:   25 ff 0f 00 00 3d e0 0f 00 00 0f 87 33 01 00 00
0x00007f786672a97d:   c5 fd 74 0f c5 fd d7 c1 85 c0 74 57 f3 0f bc c0
0x00007f786672a98d:   c5 f8 77 c3 66 66 2e 0f 1f 84 00 00 00 00 00 0f
0x00007f786672a99d:   1f 40 00 f3 0f bc c0 29 d7 ff c7 01 f8 c5 f8 77
0x00007f786672a9ad:   c3 66 90 f3 0f bc c0 29 d7 83 c7 21 01 f8 c5 f8
0x00007f786672a9bd:   77 c3 90 f3 0f bc c0 29 d7 83 c7 41 01 f8 c5 f8
0x00007f786672a9cd:   77 c3 90 f3 0f bc c0 29 d7 83 c7 61 01 f8 c5 f8
0x00007f786672a9dd:   77 c3 90 48 83 cf 1f c5 fd 74 4f 01 c5 fd d7 c1
0x00007f786672a9ed:   85 c0 75 af c5 fd 74 4f 21 c5 fd d7 c1 85 c0 75
0x00007f786672a9fd:   b2 c5 fd 74 4f 41 c5 fd d7 c1 85 c0 75 b5 c5 fd
0x00007f786672aa0d:   74 4f 61 c5 fd d7 c1 85 c0 75 b8 48 ff c7 48 83
0x00007f786672aa1d:   cf 7f 90 c5 fd 6f 4f 01 c5 f5 da 57 21 c5 fd 6f
0x00007f786672aa2d:   5f 41 c5 e5 da 67 61 c5 dd da ea c5 fd 74 ed c5
0x00007f786672aa3d:   fd d7 cd 48 83 ef 80 85 c9 74 d8 c5 fd 74 c9 c5
0x00007f786672aa4d:   fd d7 c1 48 29 d7 85 c0 75 39 c5 fd 74 d2 c5 fd
0x00007f786672aa5d:   d7 c2 85 c0 75 3d c5 fd 74 db c5 fd d7 c3 48 c1
0x00007f786672aa6d:   e1 20 48 09 c8 f3 48 0f bc c0 48 83 ef 3f 48 01 


Stack slot to memory mapping:
stack at sp + 0 slots: 0x00007f78400a521d: argon2_encodedlen+0x000000000000002d in /usr/lib/x86_64-linux-gnu/libargon2.so.1 at 0x00007f78400a2000
stack at sp + 1 slots: 0x00007f77dfffb680 is pointing into the stack for thread: 0x00007f7861267000
stack at sp + 2 slots: 0xfffffffffffffffc is an unknown value
stack at sp + 3 slots: 0x00007f77dfffbfd0 is pointing into the stack for thread: 0x00007f7861267000
stack at sp + 4 slots: 0x00007f77dfffb470 is pointing into the stack for thread: 0x00007f7861267000
stack at sp + 5 slots: 0x0000000000000005 is an unknown value
stack at sp + 6 slots: 0x00007f77dee1265c: ffi_call_unix64+0x000000000000004c in /tmp/jna--1332058823/jna2006435904802122114.tmp at 0x00007f77dee00000
stack at sp + 7 slots: 0x000000000000000c is an unknown value


---------------  P R O C E S S  ---------------

Threads class SMR info:
_java_thread_list=0x00007f77d409f7d0, length=26, elements={
0x00007f78600c0800, 0x00007f78600c2800, 0x00007f78600c8000, 0x00007f78600ca000,
0x00007f78600cc000, 0x00007f78600ce000, 0x00007f7860142000, 0x00007f7860c10800,
0x00007f780418e000, 0x00007f7860c13000, 0x00007f7860c28000, 0x00007f7860d2f000,
0x00007f7861264000, 0x00007f7861265000, 0x00007f7861267000, 0x00007f7861269000,
0x00007f786126b000, 0x00007f786126c800, 0x00007f786126e800, 0x00007f7861270800,
0x00007f7861272800, 0x00007f7861274800, 0x00007f786127e800, 0x00007f786127f800,
0x00007f7860017800, 0x00007f77d409e800
}

Java Threads: ( => current thread )
  0x00007f78600c0800 JavaThread "Reference Handler" daemon [_thread_blocked, id=33584, stack(0x00007f7833700000,0x00007f7833800000)]
  0x00007f78600c2800 JavaThread "Finalizer" daemon [_thread_blocked, id=33585, stack(0x00007f7833600000,0x00007f7833700000)]
  0x00007f78600c8000 JavaThread "Signal Dispatcher" daemon [_thread_blocked, id=33586, stack(0x00007f7832cff000,0x00007f7832dff000)]
  0x00007f78600ca000 JavaThread "Service Thread" daemon [_thread_blocked, id=33587, stack(0x00007f7832bff000,0x00007f7832cff000)]
  0x00007f78600cc000 JavaThread "C1 CompilerThread0" daemon [_thread_blocked, id=33588, stack(0x00007f7832aff000,0x00007f7832bff000)]
  0x00007f78600ce000 JavaThread "Sweeper thread" daemon [_thread_blocked, id=33589, stack(0x00007f78329ff000,0x00007f7832aff000)]
  0x00007f7860142000 JavaThread "Common-Cleaner" daemon [_thread_blocked, id=33591, stack(0x00007f78327fd000,0x00007f78328fd000)]
  0x00007f7860c10800 JavaThread "Catalina-utility-1" [_thread_blocked, id=33597, stack(0x00007f78325fb000,0x00007f78326fb000)]
  0x00007f780418e000 JavaThread "Catalina-utility-2" [_thread_blocked, id=33598, stack(0x00007f78316f7000,0x00007f78317f7000)]
  0x00007f7860c13000 JavaThread "container-0" [_thread_blocked, id=33599, stack(0x00007f78315f7000,0x00007f78316f7000)]
  0x00007f7860c28000 JavaThread "mysql-cj-abandoned-connection-cleanup" daemon [_thread_blocked, id=33600, stack(0x00007f78314f7000,0x00007f78315f7000)]
  0x00007f7860d2f000 JavaThread "HikariPool-1 housekeeper" daemon [_thread_blocked, id=33601, stack(0x00007f78311f7000,0x00007f78312f7000)]
  0x00007f7861264000 JavaThread "http-nio-8080-exec-1" daemon [_thread_blocked, id=33604, stack(0x00007f78301f7000,0x00007f78302f7000)]
  0x00007f7861265000 JavaThread "http-nio-8080-exec-2" daemon [_thread_blocked, id=33605, stack(0x00007f78300f7000,0x00007f78301f7000)]
=>0x00007f7861267000 JavaThread "http-nio-8080-exec-3" daemon [_thread_in_native, id=33606, stack(0x00007f77dff00000,0x00007f77e0000000)]
  0x00007f7861269000 JavaThread "http-nio-8080-exec-4" daemon [_thread_blocked, id=33607, stack(0x00007f77dfe00000,0x00007f77dff00000)]
  0x00007f786126b000 JavaThread "http-nio-8080-exec-5" daemon [_thread_blocked, id=33608, stack(0x00007f77dfd00000,0x00007f77dfe00000)]
  0x00007f786126c800 JavaThread "http-nio-8080-exec-6" daemon [_thread_blocked, id=33609, stack(0x00007f77dfc00000,0x00007f77dfd00000)]
  0x00007f786126e800 JavaThread "http-nio-8080-exec-7" daemon [_thread_blocked, id=33610, stack(0x00007f77dfb00000,0x00007f77dfc00000)]
  0x00007f7861270800 JavaThread "http-nio-8080-exec-8" daemon [_thread_blocked, id=33611, stack(0x00007f77dfa00000,0x00007f77dfb00000)]
  0x00007f7861272800 JavaThread "http-nio-8080-exec-9" daemon [_thread_blocked, id=33612, stack(0x00007f77df900000,0x00007f77dfa00000)]
  0x00007f7861274800 JavaThread "http-nio-8080-exec-10" daemon [_thread_blocked, id=33613, stack(0x00007f77df800000,0x00007f77df900000)]
  0x00007f786127e800 JavaThread "http-nio-8080-Poller" daemon [_thread_in_native, id=33614, stack(0x00007f77df700000,0x00007f77df800000)]
  0x00007f786127f800 JavaThread "http-nio-8080-Acceptor" daemon [_thread_in_native, id=33615, stack(0x00007f77df600000,0x00007f77df700000)]
  0x00007f7860017800 JavaThread "DestroyJavaVM" [_thread_blocked, id=33577, stack(0x00007f7864e7d000,0x00007f7864f7d000)]
  0x00007f77d409e800 JavaThread "process reaper" daemon [_thread_blocked, id=33648, stack(0x00007f78400ac000,0x00007f78400ce000)]

Other Threads:
  0x00007f78600bd800 VMThread "VM Thread" [stack: 0x00007f7840100000,0x00007f7840200000] [id=33583]
  0x00007f786013f800 WatcherThread [stack: 0x00007f78328ff000,0x00007f78329ff000] [id=33590]
  0x00007f7860031000 GCTaskThread "GC Thread#0" [stack: 0x00007f7864b4c000,0x00007f7864c4c000] [id=33578]
  0x00007f7828001000 GCTaskThread "GC Thread#1" [stack: 0x00007f78326fd000,0x00007f78327fd000] [id=33592]
  0x00007f7828003800 GCTaskThread "GC Thread#2" [stack: 0x00007f78322fb000,0x00007f78323fb000] [id=33594]
  0x00007f7828005000 GCTaskThread "GC Thread#3" [stack: 0x00007f78321f9000,0x00007f78322f9000] [id=33595]
  0x00007f786004b800 ConcurrentGCThread "G1 Main Marker" [stack: 0x00007f7864086000,0x00007f7864186000] [id=33579]
  0x00007f786004d800 ConcurrentGCThread "G1 Conc#0" [stack: 0x00007f784873d000,0x00007f784883d000] [id=33580]
  0x00007f786008f800 ConcurrentGCThread "G1 Refine#0" [stack: 0x00007f7848237000,0x00007f7848337000] [id=33581]
  0x00007f7860091000 ConcurrentGCThread "G1 Young RemSet Sampling" [stack: 0x00007f7848135000,0x00007f7848235000] [id=33582]

Threads with active compile tasks:

VM state:not at safepoint (normal execution)

VM Mutex/Monitor currently owned by a thread: None

Heap address: 0x00000000c4000000, size: 960 MB, Compressed Oops mode: 32-bit
Narrow klass base: 0x0000000800000000, Narrow klass shift: 3
Compressed class space size: 1073741824 Address: 0x0000000840000000

Heap:
 garbage-first heap   total 113664K, used 59269K [0x00000000c4000000, 0x0000000100000000)
  region size 1024K, 45 young (46080K), 5 survivors (5120K)
 Metaspace       used 47115K, capacity 48518K, committed 48796K, reserved 1091584K
  class space    used 6228K, capacity 6771K, committed 6908K, reserved 1048576K
Heap Regions: E=young(eden), S=young(survivor), O=old, HS=humongous(starts), HC=humongous(continues), CS=collection set, F=free, A=archive, TAMS=top-at-mark-start (previous, next)
|   0|0x00000000c4000000, 0x00000000c4100000, 0x00000000c4100000|100%|HS|  |TAMS 0x00000000c4100000, 0x00000000c4000000| Complete 
|   1|0x00000000c4100000, 0x00000000c4200000, 0x00000000c4200000|100%| O|  |TAMS 0x00000000c4200000, 0x00000000c4100000| Untracked 
|   2|0x00000000c4200000, 0x00000000c4300000, 0x00000000c4300000|100%| O|  |TAMS 0x00000000c4300000, 0x00000000c4200000| Untracked 
|   3|0x00000000c4300000, 0x00000000c4400000, 0x00000000c4400000|100%| O|  |TAMS 0x00000000c4400000, 0x00000000c4300000| Untracked 
|   4|0x00000000c4400000, 0x00000000c4500000, 0x00000000c4500000|100%| O|  |TAMS 0x00000000c4500000, 0x00000000c4400000| Untracked 
|   5|0x00000000c4500000, 0x00000000c4600000, 0x00000000c4600000|100%| O|  |TAMS 0x00000000c4600000, 0x00000000c4500000| Untracked 
|   6|0x00000000c4600000, 0x00000000c4700000, 0x00000000c4700000|100%| O|  |TAMS 0x00000000c4700000, 0x00000000c4600000| Untracked 
|   7|0x00000000c4700000, 0x00000000c4800000, 0x00000000c4800000|100%| O|  |TAMS 0x00000000c4800000, 0x00000000c4700000| Untracked 
|   8|0x00000000c4800000, 0x00000000c4900000, 0x00000000c4900000|100%| O|  |TAMS 0x00000000c4900000, 0x00000000c4800000| Untracked 
|   9|0x00000000c4900000, 0x00000000c4a00000, 0x00000000c4a00000|100%| O|  |TAMS 0x00000000c4a00000, 0x00000000c4900000| Untracked 
|  10|0x00000000c4a00000, 0x00000000c4b00000, 0x00000000c4b00000|100%| O|  |TAMS 0x00000000c4b00000, 0x00000000c4a00000| Untracked 
|  11|0x00000000c4b00000, 0x00000000c4c00000, 0x00000000c4c00000|100%| O|  |TAMS 0x00000000c4c00000, 0x00000000c4b00000| Untracked 
|  12|0x00000000c4c00000, 0x00000000c4d00000, 0x00000000c4d00000|100%| O|  |TAMS 0x00000000c4d00000, 0x00000000c4c00000| Untracked 
|  13|0x00000000c4d00000, 0x00000000c4e00000, 0x00000000c4e00000|100%| O|  |TAMS 0x00000000c4e00000, 0x00000000c4d00000| Untracked 
|  14|0x00000000c4e00000, 0x00000000c4f00000, 0x00000000c4f00000|100%| O|  |TAMS 0x00000000c4f00000, 0x00000000c4e00000| Untracked 
|  15|0x00000000c4f00000, 0x00000000c4f14400, 0x00000000c5000000|  7%| O|  |TAMS 0x00000000c4f14400, 0x00000000c4f00000| Untracked 
|  16|0x00000000c5000000, 0x00000000c5000000, 0x00000000c5100000|  0%| F|  |TAMS 0x00000000c5000000, 0x00000000c5000000| Untracked 
|  17|0x00000000c5100000, 0x00000000c5100000, 0x00000000c5200000|  0%| F|  |TAMS 0x00000000c5100000, 0x00000000c5100000| Untracked 
|  18|0x00000000c5200000, 0x00000000c5200000, 0x00000000c5300000|  0%| F|  |TAMS 0x00000000c5200000, 0x00000000c5200000| Untracked 
|  19|0x00000000c5300000, 0x00000000c5300000, 0x00000000c5400000|  0%| F|  |TAMS 0x00000000c5300000, 0x00000000c5300000| Untracked 
|  20|0x00000000c5400000, 0x00000000c5400000, 0x00000000c5500000|  0%| F|  |TAMS 0x00000000c5400000, 0x00000000c5400000| Untracked 
|  21|0x00000000c5500000, 0x00000000c5500000, 0x00000000c5600000|  0%| F|  |TAMS 0x00000000c5500000, 0x00000000c5500000| Untracked 
|  22|0x00000000c5600000, 0x00000000c5600000, 0x00000000c5700000|  0%| F|  |TAMS 0x00000000c5600000, 0x00000000c5600000| Untracked 
|  23|0x00000000c5700000, 0x00000000c5700000, 0x00000000c5800000|  0%| F|  |TAMS 0x00000000c5700000, 0x00000000c5700000| Untracked 
|  24|0x00000000c5800000, 0x00000000c5800000, 0x00000000c5900000|  0%| F|  |TAMS 0x00000000c5800000, 0x00000000c5800000| Untracked 
|  25|0x00000000c5900000, 0x00000000c5900000, 0x00000000c5a00000|  0%| F|  |TAMS 0x00000000c5900000, 0x00000000c5900000| Untracked 
|  26|0x00000000c5a00000, 0x00000000c5a00000, 0x00000000c5b00000|  0%| F|  |TAMS 0x00000000c5a00000, 0x00000000c5a00000| Untracked 
|  27|0x00000000c5b00000, 0x00000000c5b00000, 0x00000000c5c00000|  0%| F|  |TAMS 0x00000000c5b00000, 0x00000000c5b00000| Untracked 
|  28|0x00000000c5c00000, 0x00000000c5c00000, 0x00000000c5d00000|  0%| F|  |TAMS 0x00000000c5c00000, 0x00000000c5c00000| Untracked 
|  29|0x00000000c5d00000, 0x00000000c5d00000, 0x00000000c5e00000|  0%| F|  |TAMS 0x00000000c5d00000, 0x00000000c5d00000| Untracked 
|  30|0x00000000c5e00000, 0x00000000c5e00000, 0x00000000c5f00000|  0%| F|  |TAMS 0x00000000c5e00000, 0x00000000c5e00000| Untracked 
|  31|0x00000000c5f00000, 0x00000000c5f00000, 0x00000000c6000000|  0%| F|  |TAMS 0x00000000c5f00000, 0x00000000c5f00000| Untracked 
|  32|0x00000000c6000000, 0x00000000c6000000, 0x00000000c6100000|  0%| F|  |TAMS 0x00000000c6000000, 0x00000000c6000000| Untracked 
|  33|0x00000000c6100000, 0x00000000c6100000, 0x00000000c6200000|  0%| F|  |TAMS 0x00000000c6100000, 0x00000000c6100000| Untracked 
|  34|0x00000000c6200000, 0x00000000c6200000, 0x00000000c6300000|  0%| F|  |TAMS 0x00000000c6200000, 0x00000000c6200000| Untracked 
|  35|0x00000000c6300000, 0x00000000c6300000, 0x00000000c6400000|  0%| F|  |TAMS 0x00000000c6300000, 0x00000000c6300000| Untracked 
|  36|0x00000000c6400000, 0x00000000c6400000, 0x00000000c6500000|  0%| F|  |TAMS 0x00000000c6400000, 0x00000000c6400000| Untracked 
|  37|0x00000000c6500000, 0x00000000c6500000, 0x00000000c6600000|  0%| F|  |TAMS 0x00000000c6500000, 0x00000000c6500000| Untracked 
|  38|0x00000000c6600000, 0x00000000c6600000, 0x00000000c6700000|  0%| F|  |TAMS 0x00000000c6600000, 0x00000000c6600000| Untracked 
|  39|0x00000000c6700000, 0x00000000c6700000, 0x00000000c6800000|  0%| F|  |TAMS 0x00000000c6700000, 0x00000000c6700000| Untracked 
|  40|0x00000000c6800000, 0x00000000c6800000, 0x00000000c6900000|  0%| F|  |TAMS 0x00000000c6800000, 0x00000000c6800000| Untracked 
|  41|0x00000000c6900000, 0x00000000c6900000, 0x00000000c6a00000|  0%| F|  |TAMS 0x00000000c6900000, 0x00000000c6900000| Untracked 
|  42|0x00000000c6a00000, 0x00000000c6a00000, 0x00000000c6b00000|  0%| F|  |TAMS 0x00000000c6a00000, 0x00000000c6a00000| Untracked 
|  43|0x00000000c6b00000, 0x00000000c6b00000, 0x00000000c6c00000|  0%| F|  |TAMS 0x00000000c6b00000, 0x00000000c6b00000| Untracked 
|  44|0x00000000c6c00000, 0x00000000c6c00000, 0x00000000c6d00000|  0%| F|  |TAMS 0x00000000c6c00000, 0x00000000c6c00000| Untracked 
|  45|0x00000000c6d00000, 0x00000000c6d00000, 0x00000000c6e00000|  0%| F|  |TAMS 0x00000000c6d00000, 0x00000000c6d00000| Untracked 
|  46|0x00000000c6e00000, 0x00000000c6e00000, 0x00000000c6f00000|  0%| F|  |TAMS 0x00000000c6e00000, 0x00000000c6e00000| Untracked 
|  47|0x00000000c6f00000, 0x00000000c6f00000, 0x00000000c7000000|  0%| F|  |TAMS 0x00000000c6f00000, 0x00000000c6f00000| Untracked 
|  48|0x00000000c7000000, 0x00000000c7000000, 0x00000000c7100000|  0%| F|  |TAMS 0x00000000c7000000, 0x00000000c7000000| Untracked 
|  49|0x00000000c7100000, 0x00000000c7100000, 0x00000000c7200000|  0%| F|  |TAMS 0x00000000c7100000, 0x00000000c7100000| Untracked 
|  50|0x00000000c7200000, 0x00000000c7200000, 0x00000000c7300000|  0%| F|  |TAMS 0x00000000c7200000, 0x00000000c7200000| Untracked 
|  51|0x00000000c7300000, 0x00000000c7300000, 0x00000000c7400000|  0%| F|  |TAMS 0x00000000c7300000, 0x00000000c7300000| Untracked 
|  52|0x00000000c7400000, 0x00000000c7400000, 0x00000000c7500000|  0%| F|  |TAMS 0x00000000c7400000, 0x00000000c7400000| Untracked 
|  53|0x00000000c7500000, 0x00000000c7500000, 0x00000000c7600000|  0%| F|  |TAMS 0x00000000c7500000, 0x00000000c7500000| Untracked 
|  54|0x00000000c7600000, 0x00000000c7600000, 0x00000000c7700000|  0%| F|  |TAMS 0x00000000c7600000, 0x00000000c7600000| Untracked 
|  55|0x00000000c7700000, 0x00000000c7700000, 0x00000000c7800000|  0%| F|  |TAMS 0x00000000c7700000, 0x00000000c7700000| Untracked 
|  56|0x00000000c7800000, 0x00000000c7800000, 0x00000000c7900000|  0%| F|  |TAMS 0x00000000c7800000, 0x00000000c7800000| Untracked 
|  57|0x00000000c7900000, 0x00000000c7900000, 0x00000000c7a00000|  0%| F|  |TAMS 0x00000000c7900000, 0x00000000c7900000| Untracked 
|  58|0x00000000c7a00000, 0x00000000c7a00000, 0x00000000c7b00000|  0%| F|  |TAMS 0x00000000c7a00000, 0x00000000c7a00000| Untracked 
|  59|0x00000000c7b00000, 0x00000000c7b00000, 0x00000000c7c00000|  0%| F|  |TAMS 0x00000000c7b00000, 0x00000000c7b00000| Untracked 
|  60|0x00000000c7c00000, 0x00000000c7c00000, 0x00000000c7d00000|  0%| F|  |TAMS 0x00000000c7c00000, 0x00000000c7c00000| Untracked 
|  61|0x00000000c7d00000, 0x00000000c7d00000, 0x00000000c7e00000|  0%| F|  |TAMS 0x00000000c7d00000, 0x00000000c7d00000| Untracked 
|  62|0x00000000c7e00000, 0x00000000c7e1b120, 0x00000000c7f00000| 10%| S|CS|TAMS 0x00000000c7e00000, 0x00000000c7e00000| Complete 
|  63|0x00000000c7f00000, 0x00000000c8000000, 0x00000000c8000000|100%| S|CS|TAMS 0x00000000c7f00000, 0x00000000c7f00000| Complete 
|  64|0x00000000c8000000, 0x00000000c8100000, 0x00000000c8100000|100%| S|CS|TAMS 0x00000000c8000000, 0x00000000c8000000| Complete 
|  65|0x00000000c8100000, 0x00000000c8200000, 0x00000000c8200000|100%| S|CS|TAMS 0x00000000c8100000, 0x00000000c8100000| Complete 
|  66|0x00000000c8200000, 0x00000000c8300000, 0x00000000c8300000|100%| S|CS|TAMS 0x00000000c8200000, 0x00000000c8200000| Complete 
|  67|0x00000000c8300000, 0x00000000c8300000, 0x00000000c8400000|  0%| F|  |TAMS 0x00000000c8300000, 0x00000000c8300000| Untracked 
|  68|0x00000000c8400000, 0x00000000c8400000, 0x00000000c8500000|  0%| F|  |TAMS 0x00000000c8400000, 0x00000000c8400000| Untracked 
|  69|0x00000000c8500000, 0x00000000c85d78e0, 0x00000000c8600000| 84%| E|  |TAMS 0x00000000c8500000, 0x00000000c8500000| Complete 
|  70|0x00000000c8600000, 0x00000000c8700000, 0x00000000c8700000|100%| E|CS|TAMS 0x00000000c8600000, 0x00000000c8600000| Complete 
|  71|0x00000000c8700000, 0x00000000c8800000, 0x00000000c8800000|100%| E|CS|TAMS 0x00000000c8700000, 0x00000000c8700000| Complete 
|  72|0x00000000c8800000, 0x00000000c8900000, 0x00000000c8900000|100%| E|CS|TAMS 0x00000000c8800000, 0x00000000c8800000| Complete 
|  73|0x00000000c8900000, 0x00000000c8a00000, 0x00000000c8a00000|100%| E|CS|TAMS 0x00000000c8900000, 0x00000000c8900000| Complete 
|  74|0x00000000c8a00000, 0x00000000c8b00000, 0x00000000c8b00000|100%| E|CS|TAMS 0x00000000c8a00000, 0x00000000c8a00000| Complete 
|  75|0x00000000c8b00000, 0x00000000c8c00000, 0x00000000c8c00000|100%| E|CS|TAMS 0x00000000c8b00000, 0x00000000c8b00000| Complete 
|  76|0x00000000c8c00000, 0x00000000c8d00000, 0x00000000c8d00000|100%| E|CS|TAMS 0x00000000c8c00000, 0x00000000c8c00000| Complete 
|  77|0x00000000c8d00000, 0x00000000c8e00000, 0x00000000c8e00000|100%| E|CS|TAMS 0x00000000c8d00000, 0x00000000c8d00000| Complete 
|  78|0x00000000c8e00000, 0x00000000c8f00000, 0x00000000c8f00000|100%| E|CS|TAMS 0x00000000c8e00000, 0x00000000c8e00000| Complete 
|  79|0x00000000c8f00000, 0x00000000c9000000, 0x00000000c9000000|100%| E|CS|TAMS 0x00000000c8f00000, 0x00000000c8f00000| Complete 
|  80|0x00000000c9000000, 0x00000000c9100000, 0x00000000c9100000|100%| E|CS|TAMS 0x00000000c9000000, 0x00000000c9000000| Complete 
|  81|0x00000000c9100000, 0x00000000c9200000, 0x00000000c9200000|100%| E|CS|TAMS 0x00000000c9100000, 0x00000000c9100000| Complete 
|  82|0x00000000c9200000, 0x00000000c9300000, 0x00000000c9300000|100%| E|CS|TAMS 0x00000000c9200000, 0x00000000c9200000| Complete 
|  83|0x00000000c9300000, 0x00000000c9400000, 0x00000000c9400000|100%| E|CS|TAMS 0x00000000c9300000, 0x00000000c9300000| Complete 
|  84|0x00000000c9400000, 0x00000000c9500000, 0x00000000c9500000|100%| E|CS|TAMS 0x00000000c9400000, 0x00000000c9400000| Complete 
|  85|0x00000000c9500000, 0x00000000c9600000, 0x00000000c9600000|100%| E|CS|TAMS 0x00000000c9500000, 0x00000000c9500000| Complete 
|  86|0x00000000c9600000, 0x00000000c9700000, 0x00000000c9700000|100%| E|CS|TAMS 0x00000000c9600000, 0x00000000c9600000| Complete 
|  87|0x00000000c9700000, 0x00000000c9800000, 0x00000000c9800000|100%| E|CS|TAMS 0x00000000c9700000, 0x00000000c9700000| Complete 
|  88|0x00000000c9800000, 0x00000000c9900000, 0x00000000c9900000|100%| E|CS|TAMS 0x00000000c9800000, 0x00000000c9800000| Complete 
|  89|0x00000000c9900000, 0x00000000c9a00000, 0x00000000c9a00000|100%| E|CS|TAMS 0x00000000c9900000, 0x00000000c9900000| Complete 
|  90|0x00000000c9a00000, 0x00000000c9b00000, 0x00000000c9b00000|100%| E|CS|TAMS 0x00000000c9a00000, 0x00000000c9a00000| Complete 
|  91|0x00000000c9b00000, 0x00000000c9c00000, 0x00000000c9c00000|100%| E|CS|TAMS 0x00000000c9b00000, 0x00000000c9b00000| Complete 
|  92|0x00000000c9c00000, 0x00000000c9d00000, 0x00000000c9d00000|100%| E|CS|TAMS 0x00000000c9c00000, 0x00000000c9c00000| Complete 
|  93|0x00000000c9d00000, 0x00000000c9e00000, 0x00000000c9e00000|100%| E|CS|TAMS 0x00000000c9d00000, 0x00000000c9d00000| Complete 
|  94|0x00000000c9e00000, 0x00000000c9f00000, 0x00000000c9f00000|100%| E|  |TAMS 0x00000000c9e00000, 0x00000000c9e00000| Complete 
|  95|0x00000000c9f00000, 0x00000000ca000000, 0x00000000ca000000|100%| E|CS|TAMS 0x00000000c9f00000, 0x00000000c9f00000| Complete 
|  96|0x00000000ca000000, 0x00000000ca100000, 0x00000000ca100000|100%| E|CS|TAMS 0x00000000ca000000, 0x00000000ca000000| Complete 
|  97|0x00000000ca100000, 0x00000000ca200000, 0x00000000ca200000|100%| E|CS|TAMS 0x00000000ca100000, 0x00000000ca100000| Complete 
|  98|0x00000000ca200000, 0x00000000ca300000, 0x00000000ca300000|100%| E|CS|TAMS 0x00000000ca200000, 0x00000000ca200000| Complete 
|  99|0x00000000ca300000, 0x00000000ca400000, 0x00000000ca400000|100%| E|CS|TAMS 0x00000000ca300000, 0x00000000ca300000| Complete 
| 100|0x00000000ca400000, 0x00000000ca500000, 0x00000000ca500000|100%| E|CS|TAMS 0x00000000ca400000, 0x00000000ca400000| Complete 
| 101|0x00000000ca500000, 0x00000000ca600000, 0x00000000ca600000|100%| E|CS|TAMS 0x00000000ca500000, 0x00000000ca500000| Complete 
| 102|0x00000000ca600000, 0x00000000ca700000, 0x00000000ca700000|100%| E|CS|TAMS 0x00000000ca600000, 0x00000000ca600000| Complete 
| 103|0x00000000ca700000, 0x00000000ca800000, 0x00000000ca800000|100%| E|CS|TAMS 0x00000000ca700000, 0x00000000ca700000| Complete 
| 104|0x00000000ca800000, 0x00000000ca900000, 0x00000000ca900000|100%| E|CS|TAMS 0x00000000ca800000, 0x00000000ca800000| Complete 
| 105|0x00000000ca900000, 0x00000000caa00000, 0x00000000caa00000|100%| E|CS|TAMS 0x00000000ca900000, 0x00000000ca900000| Complete 
| 106|0x00000000caa00000, 0x00000000cab00000, 0x00000000cab00000|100%| E|CS|TAMS 0x00000000caa00000, 0x00000000caa00000| Complete 
| 107|0x00000000cab00000, 0x00000000cac00000, 0x00000000cac00000|100%| E|CS|TAMS 0x00000000cab00000, 0x00000000cab00000| Complete 
| 108|0x00000000cac00000, 0x00000000cad00000, 0x00000000cad00000|100%| E|CS|TAMS 0x00000000cac00000, 0x00000000cac00000| Complete 
| 958|0x00000000ffe00000, 0x00000000ffe47000, 0x00000000fff00000| 27%|OA|  |TAMS 0x00000000ffe47000, 0x00000000ffe00000| Untracked 
| 959|0x00000000fff00000, 0x00000000fff6b000, 0x0000000100000000| 41%|CA|  |TAMS 0x00000000fff6b000, 0x00000000fff00000| Untracked 

Card table byte_map: [0x00007f7864386000,0x00007f7864566000] _byte_map_base: 0x00007f7863d66000

Marking Bits (Prev, Next): (CMBitMap*) 0x00007f7860046fa0, (CMBitMap*) 0x00007f7860046f68
 Prev Bits: [0x00007f7842200000, 0x00007f7843100000)
 Next Bits: [0x00007f7843100000, 0x00007f7844000000)

Polling page: 0x00007f78667b5000

Metaspace:

Usage:
  Non-class:     40,77 MB capacity,    39,93 MB ( 98%) used,   693,02 KB (  2%) free+waste,   167,19 KB ( <1%) overhead. 
      Class:      6,61 MB capacity,     6,08 MB ( 92%) used,   459,76 KB (  7%) free+waste,    82,62 KB (  1%) overhead. 
       Both:     47,38 MB capacity,    46,01 MB ( 97%) used,     1,13 MB (  2%) free+waste,   249,81 KB ( <1%) overhead. 

Virtual space:
  Non-class space:       42,00 MB reserved,      40,91 MB ( 97%) committed 
      Class space:        1,00 GB reserved,       6,75 MB ( <1%) committed 
             Both:        1,04 GB reserved,      47,65 MB (  4%) committed 

Chunk freelists:
   Non-Class:  13,00 KB
       Class:  13,00 KB
        Both:  26,00 KB

MaxMetaspaceSize: unlimited
CompressedClassSpaceSize: 1,00 GB
Initial GC threshold: 20,80 MB
Current GC threshold: 67,13 MB
CDS: on

CodeHeap 'non-profiled nmethods': size=238948Kb used=6098Kb max_used=6098Kb free=232849Kb
 bounds [0x00007f7848ee4000, 0x00007f78494e4000, 0x00007f785783d000]
CodeHeap 'non-nmethods': size=6812Kb used=1285Kb max_used=1285Kb free=5526Kb
 bounds [0x00007f784883d000, 0x00007f7848aad000, 0x00007f7848ee4000]
 total_blobs=4490 nmethods=3903 adapters=515
 compilation: enabled
              stopped_count=0, restarted_count=0
 full_count=0

Compilation events (20 events):
Event: 30,166 Thread 0x00007f78600cc000 nmethod 3886 0x00007f78494c7e90 code [0x00007f78494c8040, 0x00007f78494c8110]
Event: 30,170 Thread 0x00007f78600cc000 3887   !   1       java.util.concurrent.ConcurrentHashMap::computeIfAbsent (576 bytes)
Event: 30,171 Thread 0x00007f78600cc000 nmethod 3887 0x00007f78494c8190 code [0x00007f78494c84a0, 0x00007f78494c9a40]
Event: 30,171 Thread 0x00007f78600cc000 3888       1       jdk.internal.loader.BuiltinClassLoader::getAndVerifyPackage (109 bytes)
Event: 30,172 Thread 0x00007f78600cc000 nmethod 3888 0x00007f78494ca590 code [0x00007f78494ca860, 0x00007f78494cb2a0]
Event: 30,172 Thread 0x00007f78600cc000 3890       1       java.lang.ClassLoader::definePackage (84 bytes)
Event: 30,173 Thread 0x00007f78600cc000 nmethod 3890 0x00007f78494cb810 code [0x00007f78494cba60, 0x00007f78494cc0f0]
Event: 30,173 Thread 0x00007f78600cc000 3889       1       java.lang.ClassLoader::getDefinedPackage (35 bytes)
Event: 30,173 Thread 0x00007f78600cc000 nmethod 3889 0x00007f78494cc490 code [0x00007f78494cc660, 0x00007f78494cc8c0]
Event: 30,183 Thread 0x00007f78600cc000 3895       1       jdk.internal.org.objectweb.asm.ClassWriter::newConstItem (320 bytes)
Event: 30,183 Thread 0x00007f78600cc000 nmethod 3895 0x00007f78494cdf10 code [0x00007f78494ce2c0, 0x00007f78494cf510]
Event: 30,185 Thread 0x00007f78600cc000 3899   !   1       java.io.BufferedReader::readLine (304 bytes)
Event: 30,186 Thread 0x00007f78600cc000 nmethod 3899 0x00007f78494cfe10 code [0x00007f78494d00a0, 0x00007f78494d0c20]
Event: 30,186 Thread 0x00007f78600cc000 3900       1       java.io.BufferedReader::readLine (6 bytes)
Event: 30,186 Thread 0x00007f78600cc000 nmethod 3900 0x00007f78494d1510 code [0x00007f78494d16c0, 0x00007f78494d17c0]
Event: 30,186 Thread 0x00007f78600cc000 3901   !   1       java.util.concurrent.ConcurrentHashMap::replaceNode (437 bytes)
Event: 30,187 Thread 0x00007f78600cc000 nmethod 3901 0x00007f78494d1890 code [0x00007f78494d1b20, 0x00007f78494d2930]
Event: 30,189 Thread 0x00007f78600cc000 3902       1       com.sun.jna.NativeLibrary$2::accept (88 bytes)
Event: 30,190 Thread 0x00007f78600cc000 nmethod 3902 0x00007f78494d3190 code [0x00007f78494d3400, 0x00007f78494d3a80]
Event: 30,192 Thread 0x00007f78600cc000 3903   !   1       java.lang.reflect.ProxyGenerator::generateClassFile (691 bytes)

GC Heap History (20 events):
Event: 0,251 GC heap before
{Heap before GC invocations=0 (full 0):
 garbage-first heap   total 63488K, used 15048K [0x00000000c4000000, 0x0000000100000000)
  region size 1024K, 14 young (14336K), 0 survivors (0K)
 Metaspace       used 2884K, capacity 6093K, committed 6272K, reserved 1056768K
  class space    used 323K, capacity 588K, committed 640K, reserved 1048576K
}
Event: 0,258 GC heap after
{Heap after GC invocations=1 (full 0):
 garbage-first heap   total 63488K, used 6183K [0x00000000c4000000, 0x0000000100000000)
  region size 1024K, 2 young (2048K), 2 survivors (2048K)
 Metaspace       used 2884K, capacity 6093K, committed 6272K, reserved 1056768K
  class space    used 323K, capacity 588K, committed 640K, reserved 1048576K
}
Event: 0,371 GC heap before
{Heap before GC invocations=1 (full 0):
 garbage-first heap   total 63488K, used 17447K [0x00000000c4000000, 0x0000000100000000)
  region size 1024K, 13 young (13312K), 2 survivors (2048K)
 Metaspace       used 5085K, capacity 7760K, committed 7936K, reserved 1056768K
  class space    used 658K, capacity 898K, committed 1024K, reserved 1048576K
}
Event: 0,377 GC heap after
{Heap after GC invocations=2 (full 0):
 garbage-first heap   total 63488K, used 7064K [0x00000000c4000000, 0x0000000100000000)
  region size 1024K, 1 young (1024K), 1 survivors (1024K)
 Metaspace       used 5085K, capacity 7760K, committed 7936K, reserved 1056768K
  class space    used 658K, capacity 898K, committed 1024K, reserved 1048576K
}
Event: 0,519 GC heap before
{Heap before GC invocations=2 (full 0):
 garbage-first heap   total 63488K, used 29592K [0x00000000c4000000, 0x0000000100000000)
  region size 1024K, 23 young (23552K), 1 survivors (1024K)
 Metaspace       used 9066K, capacity 11125K, committed 11264K, reserved 1058816K
  class space    used 1209K, capacity 1458K, committed 1536K, reserved 1048576K
}
Event: 0,522 GC heap after
{Heap after GC invocations=3 (full 0):
 garbage-first heap   total 63488K, used 8096K [0x00000000c4000000, 0x0000000100000000)
  region size 1024K, 2 young (2048K), 2 survivors (2048K)
 Metaspace       used 9066K, capacity 11125K, committed 11264K, reserved 1058816K
  class space    used 1209K, capacity 1458K, committed 1536K, reserved 1048576K
}
Event: 0,634 GC heap before
{Heap before GC invocations=3 (full 0):
 garbage-first heap   total 63488K, used 32672K [0x00000000c4000000, 0x0000000100000000)
  region size 1024K, 27 young (27648K), 2 survivors (2048K)
 Metaspace       used 12921K, capacity 14621K, committed 14720K, reserved 1062912K
  class space    used 1691K, capacity 1904K, committed 1920K, reserved 1048576K
}
Event: 0,637 GC heap after
{Heap after GC invocations=4 (full 0):
 garbage-first heap   total 63488K, used 9458K [0x00000000c4000000, 0x0000000100000000)
  region size 1024K, 4 young (4096K), 4 survivors (4096K)
 Metaspace       used 12921K, capacity 14621K, committed 14720K, reserved 1062912K
  class space    used 1691K, capacity 1904K, committed 1920K, reserved 1048576K
}
Event: 0,831 GC heap before
{Heap before GC invocations=4 (full 0):
 garbage-first heap   total 63488K, used 36082K [0x00000000c4000000, 0x0000000100000000)
  region size 1024K, 30 young (30720K), 4 survivors (4096K)
 Metaspace       used 14705K, capacity 16509K, committed 16640K, reserved 1062912K
  class space    used 1962K, capacity 2212K, committed 2304K, reserved 1048576K
}
Event: 0,836 GC heap after
{Heap after GC invocations=5 (full 0):
 garbage-first heap   total 86016K, used 10549K [0x00000000c4000000, 0x0000000100000000)
  region size 1024K, 3 young (3072K), 3 survivors (3072K)
 Metaspace       used 14705K, capacity 16509K, committed 16640K, reserved 1062912K
  class space    used 1962K, capacity 2212K, committed 2304K, reserved 1048576K
}
Event: 1,111 GC heap before
{Heap before GC invocations=5 (full 0):
 garbage-first heap   total 86016K, used 46389K [0x00000000c4000000, 0x0000000100000000)
  region size 1024K, 39 young (39936K), 3 survivors (3072K)
 Metaspace       used 19831K, capacity 21181K, committed 21248K, reserved 1067008K
  class space    used 2687K, capacity 3043K, committed 3072K, reserved 1048576K
}
Event: 1,117 GC heap after
{Heap after GC invocations=6 (full 0):
 garbage-first heap   total 86016K, used 13020K [0x00000000c4000000, 0x0000000100000000)
  region size 1024K, 5 young (5120K), 5 survivors (5120K)
 Metaspace       used 19831K, capacity 21181K, committed 21248K, reserved 1067008K
  class space    used 2687K, capacity 3043K, committed 3072K, reserved 1048576K
}
Event: 1,377 GC heap before
{Heap before GC invocations=7 (full 0):
 garbage-first heap   total 86016K, used 55004K [0x00000000c4000000, 0x0000000100000000)
  region size 1024K, 46 young (47104K), 5 survivors (5120K)
 Metaspace       used 26811K, capacity 27909K, committed 28284K, reserved 1073152K
  class space    used 3469K, capacity 3895K, committed 3964K, reserved 1048576K
}
Event: 1,384 GC heap after
{Heap after GC invocations=8 (full 0):
 garbage-first heap   total 86016K, used 16217K [0x00000000c4000000, 0x0000000100000000)
  region size 1024K, 6 young (6144K), 6 survivors (6144K)
 Metaspace       used 26811K, capacity 27909K, committed 28284K, reserved 1073152K
  class space    used 3469K, capacity 3895K, committed 3964K, reserved 1048576K
}
Event: 1,606 GC heap before
{Heap before GC invocations=8 (full 0):
 garbage-first heap   total 86016K, used 58201K [0x00000000c4000000, 0x0000000100000000)
  region size 1024K, 47 young (48128K), 6 survivors (6144K)
 Metaspace       used 34066K, capacity 35213K, committed 35580K, reserved 1079296K
  class space    used 4546K, capacity 4984K, committed 5116K, reserved 1048576K
}
Event: 1,612 GC heap after
{Heap after GC invocations=9 (full 0):
 garbage-first heap   total 86016K, used 18201K [0x00000000c4000000, 0x0000000100000000)
  region size 1024K, 2 young (2048K), 2 survivors (2048K)
 Metaspace       used 34066K, capacity 35213K, committed 35580K, reserved 1079296K
  class space    used 4546K, capacity 4984K, committed 5116K, reserved 1048576K
}
Event: 1,630 GC heap before
{Heap before GC invocations=9 (full 0):
 garbage-first heap   total 86016K, used 22297K [0x00000000c4000000, 0x0000000100000000)
  region size 1024K, 7 young (7168K), 2 survivors (2048K)
 Metaspace       used 34601K, capacity 35763K, committed 36048K, reserved 1081344K
  class space    used 4646K, capacity 5082K, committed 5116K, reserved 1048576K
}
Event: 1,633 GC heap after
{Heap after GC invocations=10 (full 0):
 garbage-first heap   total 113664K, used 18142K [0x00000000c4000000, 0x0000000100000000)
  region size 1024K, 2 young (2048K), 2 survivors (2048K)
 Metaspace       used 34601K, capacity 35763K, committed 36048K, reserved 1081344K
  class space    used 4646K, capacity 5082K, committed 5116K, reserved 1048576K
}
Event: 1,906 GC heap before
{Heap before GC invocations=11 (full 0):
 garbage-first heap   total 113664K, used 59102K [0x00000000c4000000, 0x0000000100000000)
  region size 1024K, 42 young (43008K), 2 survivors (2048K)
 Metaspace       used 39573K, capacity 40893K, committed 41244K, reserved 1085440K
  class space    used 5402K, capacity 5933K, committed 6012K, reserved 1048576K
}
Event: 1,910 GC heap after
{Heap after GC invocations=12 (full 0):
 garbage-first heap   total 113664K, used 20357K [0x00000000c4000000, 0x0000000100000000)
  region size 1024K, 5 young (5120K), 5 survivors (5120K)
 Metaspace       used 39573K, capacity 40893K, committed 41244K, reserved 1085440K
  class space    used 5402K, capacity 5933K, committed 6012K, reserved 1048576K
}

Deoptimization events (6 events):
Event: 1,919 Thread 0x00007f7860017800 DEOPT PACKING pc=0x00007f78491641a5 sp=0x00007f7864f7a360
Event: 1,919 Thread 0x00007f7860017800 DEOPT UNPACKING pc=0x00007f784888764a sp=0x00007f7864f79888 mode 3
Event: 1,919 Thread 0x00007f7860017800 DEOPT PACKING pc=0x00007f784915f2ee sp=0x00007f7864f7a320
Event: 1,919 Thread 0x00007f7860017800 DEOPT UNPACKING pc=0x00007f784888764a sp=0x00007f7864f79888 mode 3
Event: 9,120 Thread 0x00007f7861265000 DEOPT PACKING pc=0x00007f7848f80bbc sp=0x00007f78301f2770
Event: 9,120 Thread 0x00007f7861265000 DEOPT UNPACKING pc=0x00007f784888764a sp=0x00007f78301f1ca8 mode 0

Classes redefined (0 events):
No events

Internal exceptions (20 events):
Event: 1,791 Thread 0x00007f7860017800 Exception <a 'java/lang/ClassNotFoundException'{0x00000000c9416a28}: org/springframework/context/ApplicationContextAwareCustomizer> (0x00000000c9416a28) thrown at [./src/hotspot/share/classfile/systemDictionary.cpp, line 230]
Event: 1,791 Thread 0x00007f7860017800 Exception <a 'java/lang/ClassNotFoundException'{0x00000000c9428d28}: org/springframework/beans/factory/AwareCustomizer> (0x00000000c9428d28) thrown at [./src/hotspot/share/classfile/systemDictionary.cpp, line 230]
Event: 1,791 Thread 0x00007f7860017800 Exception <a 'java/lang/ClassNotFoundException'{0x00000000c943b270}: org/springframework/web/context/ServletContextAwareCustomizer> (0x00000000c943b270) thrown at [./src/hotspot/share/classfile/systemDictionary.cpp, line 230]
Event: 1,791 Thread 0x00007f7860017800 Exception <a 'java/lang/ClassNotFoundException'{0x00000000c944d048}: org/springframework/beans/factory/AwareCustomizer> (0x00000000c944d048) thrown at [./src/hotspot/share/classfile/systemDictionary.cpp, line 230]
Event: 1,850 Thread 0x00007f7860017800 Exception <a 'java/lang/NoSuchMethodError'{0x00000000c89154d8}: 'void java.lang.invoke.DirectMethodHandle$Holder.invokeVirtual(java.lang.Object, java.lang.Object, int)'> (0x00000000c89154d8) thrown at [./src/hotspot/share/interpreter/linkResolver.cpp, line 772]
Event: 1,851 Thread 0x00007f7860017800 Exception <a 'java/lang/NoSuchMethodError'{0x00000000c892f2d0}: 'void java.lang.invoke.DirectMethodHandle$Holder.invokeVirtual(java.lang.Object, java.lang.Object, long)'> (0x00000000c892f2d0) thrown at [./src/hotspot/share/interpreter/linkResolver.cpp, line 772]
Event: 1,896 Thread 0x00007f7860017800 Exception <a 'java/lang/IncompatibleClassChangeError'{0x00000000c84dfe70}: Found class java.lang.Object, but interface was expected> (0x00000000c84dfe70) thrown at [./src/hotspot/share/interpreter/linkResolver.cpp, line 839]
Event: 1,914 Thread 0x00007f7860017800 Exception <a 'java/lang/NoSuchMethodError'{0x00000000cac4c648}: 'int java.lang.invoke.DirectMethodHandle$Holder.invokeStaticInit(java.lang.Object, java.lang.Object, java.lang.Object, java.lang.Object)'> (0x00000000cac4c648) thrown at [./src/hotspot/share/interpreter/linkResolver.cpp, line 772]
Event: 1,957 Thread 0x00007f7860017800 Exception <a 'java/lang/NoSuchMethodError'{0x00000000ca74a698}: 'java.lang.Object java.lang.invoke.DirectMethodHandle$Holder.invokeSpecial(java.lang.Object, java.lang.Object, int, java.lang.Object, int, java.lang.Object)'> (0x00000000ca74a698) thrown at [./src/hotspot/share/interpreter/linkResolver.cpp, line 772]
Event: 1,958 Thread 0x00007f7860017800 Exception <a 'java/lang/NoSuchMethodError'{0x00000000ca751b80}: 'java.lang.Object java.lang.invoke.DirectMethodHandle$Holder.invokeStatic(java.lang.Object, java.lang.Object, int, java.lang.Object, int)'> (0x00000000ca751b80) thrown at [./src/hotspot/share/interpreter/linkResolver.cpp, line 772]
Event: 1,958 Thread 0x00007f7860017800 Exception <a 'java/lang/NoSuchMethodError'{0x00000000ca755360}: 'java.lang.Object java.lang.invoke.DirectMethodHandle$Holder.invokeSpecial(java.lang.Object, java.lang.Object, java.lang.Object, int, java.lang.Object, int)'> (0x00000000ca755360) thrown at [./src/hotspot/share/interpreter/linkResolver.cpp, line 772]
Event: 1,958 Thread 0x00007f7860017800 Exception <a 'java/lang/NoSuchMethodError'{0x00000000ca75fc00}: 'void java.lang.invoke.DirectMethodHandle$Holder.invokeVirtual(java.lang.Object, java.lang.Object)'> (0x00000000ca75fc00) thrown at [./src/hotspot/share/interpreter/linkResolver.cpp, line 772]
Event: 9,091 Thread 0x00007f7861265000 Exception <a 'java/lang/NoSuchMethodError'{0x00000000c91c21f0}: 'java.lang.Object java.lang.invoke.DirectMethodHandle$Holder.invokeStaticInit(java.lang.Object, java.lang.Object, java.lang.Object, java.lang.Object, java.lang.Object, java.lang.Object)'> (0x00000000c91c21f0) thrown at [./src/hotspot/share/interpreter/linkResolver.cpp, line 772]
Event: 30,182 Thread 0x00007f7861267000 Exception <a 'java/lang/NoSuchMethodError'{0x00000000c8789568}: 'java.lang.Object java.lang.invoke.DirectMethodHandle$Holder.invokeStaticInit(java.lang.Object, java.lang.Object, long, java.lang.Object)'> (0x00000000c8789568) thrown at [./src/hotspot/share/interpreter/linkResolver.cpp, line 772]
Event: 30,183 Thread 0x00007f7861267000 Exception <a 'java/lang/NoSuchMethodError'{0x00000000c87955d8}: 'java.lang.Object java.lang.invoke.Invokers$Holder.linkToTargetMethod(java.lang.Object, long, java.lang.Object)'> (0x00000000c87955d8) thrown at [./src/hotspot/share/interpreter/linkResolver.cpp, line 772]
Event: 30,183 Thread 0x00007f7861267000 Exception <a 'java/lang/NoSuchMethodError'{0x00000000c879be50}: 'java.lang.Object java.lang.invoke.DirectMethodHandle$Holder.invokeStatic(java.lang.Object, java.lang.Object, java.lang.Object, int)'> (0x00000000c879be50) thrown at [./src/hotspot/share/interpreter/linkResolver.cpp, line 772]
Event: 30,183 Thread 0x00007f7861267000 Exception <a 'java/lang/NoSuchMethodError'{0x00000000c879fac0}: 'java.lang.Object java.lang.invoke.DirectMethodHandle$Holder.invokeSpecial(java.lang.Object, java.lang.Object, java.lang.Object, java.lang.Object, int)'> (0x00000000c879fac0) thrown at [./src/hotspot/share/interpreter/linkResolver.cpp, line 772]
Event: 30,183 Thread 0x00007f7861267000 Exception <a 'java/lang/NoSuchMethodError'{0x00000000c87a2dd0}: 'java.lang.Object java.lang.invoke.Invokers$Holder.linkToTargetMethod(java.lang.Object, java.lang.Object, int, java.lang.Object)'> (0x00000000c87a2dd0) thrown at [./src/hotspot/share/interpreter/linkResolver.cpp, line 772]
Event: 30,187 Thread 0x00007f7861267000 Exception <a 'java/lang/UnsatisfiedLinkError'{0x00000000c8615700}: libargon2.so: no se puede abrir el archivo del objeto compartido: No existe el archivo o el directorio> (0x00000000c8615700) thrown at [./src/hotspot/share/prims/jni.cpp, line 637]
Event: 30,187 Thread 0x00007f7861267000 Exception <a 'java/lang/UnsatisfiedLinkError'{0x00000000c8616860}: libargon2.so: no se puede abrir el archivo del objeto compartido: No existe el archivo o el directorio> (0x00000000c8616860) thrown at [./src/hotspot/share/prims/jni.cpp, line 637]

Events (20 events):
Event: 30,193 loading class com/sun/jna/VarArgsChecker
Event: 30,193 loading class com/sun/jna/VarArgsChecker done
Event: 30,193 loading class com/sun/jna/VarArgsChecker$RealVarArgsChecker
Event: 30,193 loading class com/sun/jna/VarArgsChecker$RealVarArgsChecker done
Event: 30,193 loading class com/sun/jna/Library$Handler$FunctionInfo
Event: 30,193 loading class com/sun/jna/Library$Handler$FunctionInfo done
Event: 30,193 loading class com/sun/jna/NativeMappedConverter
Event: 30,193 loading class com/sun/jna/NativeMappedConverter done
Event: 30,194 loading class com/sun/jna/TypeConverter
Event: 30,194 loading class com/sun/jna/TypeConverter done
Event: 30,194 loading class com/sun/jna/FromNativeConverter
Event: 30,194 loading class com/sun/jna/FromNativeConverter done
Event: 30,194 loading class com/sun/jna/ToNativeConverter
Event: 30,194 loading class com/sun/jna/ToNativeConverter done
Event: 30,194 loading class com/sun/jna/MethodParameterContext
Event: 30,194 loading class com/sun/jna/MethodParameterContext done
Event: 30,194 loading class com/sun/jna/FunctionParameterContext
Event: 30,194 loading class com/sun/jna/FunctionParameterContext done
Event: 30,194 loading class com/sun/jna/ToNativeContext
Event: 30,194 loading class com/sun/jna/ToNativeContext done


Dynamic libraries:
c4000000-cad00000 rw-p 00000000 00:00 0 
cad00000-ffe00000 ---p 00000000 00:00 0 
ffe00000-ffe47000 rw-p 01118000 08:05 14290596                           /usr/lib/jvm/java-11-openjdk-amd64/lib/server/classes.jsa
ffe47000-fff00000 rw-p 00000000 00:00 0 
fff00000-fff6b000 rw-p 010ad000 08:05 14290596                           /usr/lib/jvm/java-11-openjdk-amd64/lib/server/classes.jsa
fff6b000-100000000 rw-p 00000000 00:00 0 
800000000-800002000 rwxp 00001000 08:05 14290596                         /usr/lib/jvm/java-11-openjdk-amd64/lib/server/classes.jsa
800002000-8003cb000 rw-p 00003000 08:05 14290596                         /usr/lib/jvm/java-11-openjdk-amd64/lib/server/classes.jsa
8003cb000-800a99000 r--p 003cc000 08:05 14290596                         /usr/lib/jvm/java-11-openjdk-amd64/lib/server/classes.jsa
800a99000-800a9a000 rw-p 00a9a000 08:05 14290596                         /usr/lib/jvm/java-11-openjdk-amd64/lib/server/classes.jsa
800a9a000-8010ac000 r--p 00a9b000 08:05 14290596                         /usr/lib/jvm/java-11-openjdk-amd64/lib/server/classes.jsa
840000000-8406bf000 rw-p 00000000 00:00 0 
8406bf000-880000000 ---p 00000000 00:00 0 
5643455a0000-5643455a1000 r--p 00000000 08:05 12978824                   /usr/lib/jvm/java-11-openjdk-amd64/bin/java
5643455a1000-5643455a2000 r-xp 00001000 08:05 12978824                   /usr/lib/jvm/java-11-openjdk-amd64/bin/java
5643455a2000-5643455a3000 r--p 00002000 08:05 12978824                   /usr/lib/jvm/java-11-openjdk-amd64/bin/java
5643455a3000-5643455a4000 r--p 00002000 08:05 12978824                   /usr/lib/jvm/java-11-openjdk-amd64/bin/java
5643455a4000-5643455a5000 rw-p 00003000 08:05 12978824                   /usr/lib/jvm/java-11-openjdk-amd64/bin/java
5643465f8000-564346619000 rw-p 00000000 00:00 0                          [heap]
7f77c4000000-7f77c4021000 rw-p 00000000 00:00 0 
7f77c4021000-7f77c8000000 ---p 00000000 00:00 0 
7f77c8000000-7f77c8021000 rw-p 00000000 00:00 0 
7f77c8021000-7f77cc000000 ---p 00000000 00:00 0 
7f77cc000000-7f77cc021000 rw-p 00000000 00:00 0 
7f77cc021000-7f77d0000000 ---p 00000000 00:00 0 
7f77d0000000-7f77d0021000 rw-p 00000000 00:00 0 
7f77d0021000-7f77d4000000 ---p 00000000 00:00 0 
7f77d4000000-7f77d40fa000 rw-p 00000000 00:00 0 
7f77d40fa000-7f77d8000000 ---p 00000000 00:00 0 
7f77d8000000-7f77d80ed000 rw-p 00000000 00:00 0 
7f77d80ed000-7f77dc000000 ---p 00000000 00:00 0 
7f77dee00000-7f77dee17000 r-xp 00000000 08:05 7342058                    /tmp/jna--1332058823/jna2006435904802122114.tmp (deleted)
7f77dee17000-7f77def16000 ---p 00017000 08:05 7342058                    /tmp/jna--1332058823/jna2006435904802122114.tmp (deleted)
7f77def16000-7f77def18000 rw-p 00016000 08:05 7342058                    /tmp/jna--1332058823/jna2006435904802122114.tmp (deleted)
7f77df000000-7f77df100000 rw-p 00000000 00:00 0 
7f77df100000-7f77df200000 ---p 00000000 00:00 0 
7f77df200000-7f77df400000 rw-p 00000000 00:00 0 
7f77df400000-7f77df600000 rw-p 00000000 00:00 0 
7f77df600000-7f77df604000 ---p 00000000 00:00 0 
7f77df604000-7f77df700000 rw-p 00000000 00:00 0 
7f77df700000-7f77df704000 ---p 00000000 00:00 0 
7f77df704000-7f77df800000 rw-p 00000000 00:00 0 
7f77df800000-7f77df804000 ---p 00000000 00:00 0 
7f77df804000-7f77df900000 rw-p 00000000 00:00 0 
7f77df900000-7f77df904000 ---p 00000000 00:00 0 
7f77df904000-7f77dfa00000 rw-p 00000000 00:00 0 
7f77dfa00000-7f77dfa04000 ---p 00000000 00:00 0 
7f77dfa04000-7f77dfb00000 rw-p 00000000 00:00 0 
7f77dfb00000-7f77dfb04000 ---p 00000000 00:00 0 
7f77dfb04000-7f77dfc00000 rw-p 00000000 00:00 0 
7f77dfc00000-7f77dfc04000 ---p 00000000 00:00 0 
7f77dfc04000-7f77dfd00000 rw-p 00000000 00:00 0 
7f77dfd00000-7f77dfd04000 ---p 00000000 00:00 0 
7f77dfd04000-7f77dfe00000 rw-p 00000000 00:00 0 
7f77dfe00000-7f77dfe04000 ---p 00000000 00:00 0 
7f77dfe04000-7f77dff00000 rw-p 00000000 00:00 0 
7f77dff00000-7f77dff04000 ---p 00000000 00:00 0 
7f77dff04000-7f77e0000000 rw-p 00000000 00:00 0 
7f77e0000000-7f77e0021000 rw-p 00000000 00:00 0 
7f77e0021000-7f77e4000000 ---p 00000000 00:00 0 
7f77e4000000-7f77e42a7000 rw-p 00000000 00:00 0 
7f77e42a7000-7f77e8000000 ---p 00000000 00:00 0 
7f77e8000000-7f77e8021000 rw-p 00000000 00:00 0 
7f77e8021000-7f77ec000000 ---p 00000000 00:00 0 
7f77ec000000-7f77ec021000 rw-p 00000000 00:00 0 
7f77ec021000-7f77f0000000 ---p 00000000 00:00 0 
7f77f0000000-7f77f0021000 rw-p 00000000 00:00 0 
7f77f0021000-7f77f4000000 ---p 00000000 00:00 0 
7f77f4000000-7f77f4021000 rw-p 00000000 00:00 0 
7f77f4021000-7f77f8000000 ---p 00000000 00:00 0 
7f77f8000000-7f77f8021000 rw-p 00000000 00:00 0 
7f77f8021000-7f77fc000000 ---p 00000000 00:00 0 
7f77fc000000-7f77fc038000 rw-p 00000000 00:00 0 
7f77fc038000-7f7800000000 ---p 00000000 00:00 0 
7f7800000000-7f7800021000 rw-p 00000000 00:00 0 
7f7800021000-7f7804000000 ---p 00000000 00:00 0 
7f7804000000-7f78041a3000 rw-p 00000000 00:00 0 
7f78041a3000-7f7808000000 ---p 00000000 00:00 0 
7f7808000000-7f7808021000 rw-p 00000000 00:00 0 
7f7808021000-7f780c000000 ---p 00000000 00:00 0 
7f780c000000-7f780c021000 rw-p 00000000 00:00 0 
7f780c021000-7f7810000000 ---p 00000000 00:00 0 
7f7810000000-7f7810331000 rw-p 00000000 00:00 0 
7f7810331000-7f7814000000 ---p 00000000 00:00 0 
7f7814000000-7f7814021000 rw-p 00000000 00:00 0 
7f7814021000-7f7818000000 ---p 00000000 00:00 0 
7f7818000000-7f7818021000 rw-p 00000000 00:00 0 
7f7818021000-7f781c000000 ---p 00000000 00:00 0 
7f781c000000-7f781c021000 rw-p 00000000 00:00 0 
7f781c021000-7f7820000000 ---p 00000000 00:00 0 
7f7820000000-7f7820021000 rw-p 00000000 00:00 0 
7f7820021000-7f7824000000 ---p 00000000 00:00 0 
7f7824000000-7f7824021000 rw-p 00000000 00:00 0 
7f7824021000-7f7828000000 ---p 00000000 00:00 0 
7f7828000000-7f78280f0000 rw-p 00000000 00:00 0 
7f78280f0000-7f782c000000 ---p 00000000 00:00 0 
7f782c000000-7f782c021000 rw-p 00000000 00:00 0 
7f782c021000-7f7830000000 ---p 00000000 00:00 0 
7f78300f7000-7f78300fb000 ---p 00000000 00:00 0 
7f78300fb000-7f78301f7000 rw-p 00000000 00:00 0 
7f78301f7000-7f78301fb000 ---p 00000000 00:00 0 
7f78301fb000-7f78304f7000 rw-p 00000000 00:00 0 
7f78304f7000-7f78306f7000 rw-p 00000000 00:00 0 
7f78306f7000-7f78308df000 rw-p 00000000 00:00 0 
7f78308df000-7f78308f7000 ---p 00000000 00:00 0 
7f78308f7000-7f7830af7000 rw-p 00000000 00:00 0 
7f7830af7000-7f7830cf7000 rw-p 00000000 00:00 0 
7f7830cf7000-7f7830cfb000 ---p 00000000 00:00 0 
7f7830cfb000-7f7830ff7000 rw-p 00000000 00:00 0 
7f7830ff7000-7f78311f7000 rw-p 00000000 00:00 0 
7f78311f7000-7f78311fb000 ---p 00000000 00:00 0 
7f78311fb000-7f78314f7000 rw-p 00000000 00:00 0 
7f78314f7000-7f78314fb000 ---p 00000000 00:00 0 
7f78314fb000-7f78315f7000 rw-p 00000000 00:00 0 
7f78315f7000-7f78315fb000 ---p 00000000 00:00 0 
7f78315fb000-7f78316f7000 rw-p 00000000 00:00 0 
7f78316f7000-7f78316fb000 ---p 00000000 00:00 0 
7f78316fb000-7f78319f7000 rw-p 00000000 00:00 0 
7f78319f7000-7f7831bf7000 rw-p 00000000 00:00 0 
7f7831bf7000-7f7831df7000 rw-p 00000000 00:00 0 
7f7831df7000-7f7831ff7000 rw-p 00000000 00:00 0 
7f7831ff7000-7f78321f7000 rw-p 00000000 00:00 0 
7f78321f7000-7f78321f8000 ---p 00000000 00:00 0 
7f78321f8000-7f78322f9000 rw-p 00000000 00:00 0 
7f78322f9000-7f78322fa000 ---p 00000000 00:00 0 
7f78322fa000-7f78325fb000 rw-p 00000000 00:00 0 
7f78325fb000-7f78325ff000 ---p 00000000 00:00 0 
7f78325ff000-7f78326fb000 rw-p 00000000 00:00 0 
7f78326fb000-7f78326fc000 ---p 00000000 00:00 0 
7f78326fc000-7f78327fd000 rw-p 00000000 00:00 0 
7f78327fd000-7f7832801000 ---p 00000000 00:00 0 
7f7832801000-7f78328fd000 rw-p 00000000 00:00 0 
7f78328fd000-7f78328fe000 ---p 00000000 00:00 0 
7f78328fe000-7f78329ff000 rw-p 00000000 00:00 0 
7f78329ff000-7f7832a03000 ---p 00000000 00:00 0 
7f7832a03000-7f7832aff000 rw-p 00000000 00:00 0 
7f7832aff000-7f7832b03000 ---p 00000000 00:00 0 
7f7832b03000-7f7832bff000 rw-p 00000000 00:00 0 
7f7832bff000-7f7832c03000 ---p 00000000 00:00 0 
7f7832c03000-7f7832cff000 rw-p 00000000 00:00 0 
7f7832cff000-7f7832d03000 ---p 00000000 00:00 0 
7f7832d03000-7f7832dff000 rw-p 00000000 00:00 0 
7f7832dff000-7f7833600000 r--p 00000000 08:05 11537267                   /usr/lib/locale/locale-archive
7f7833600000-7f7833604000 ---p 00000000 00:00 0 
7f7833604000-7f7833700000 rw-p 00000000 00:00 0 
7f7833700000-7f7833704000 ---p 00000000 00:00 0 
7f7833704000-7f7834000000 rw-p 00000000 00:00 0 
7f7834000000-7f7834021000 rw-p 00000000 00:00 0 
7f7834021000-7f7838000000 ---p 00000000 00:00 0 
7f7838000000-7f7838021000 rw-p 00000000 00:00 0 
7f7838021000-7f783c000000 ---p 00000000 00:00 0 
7f783c000000-7f783c021000 rw-p 00000000 00:00 0 
7f783c021000-7f7840000000 ---p 00000000 00:00 0 
7f78400a2000-7f78400a3000 r--p 00000000 08:05 11538515                   /usr/lib/x86_64-linux-gnu/libargon2.so.1
7f78400a3000-7f78400a8000 r-xp 00001000 08:05 11538515                   /usr/lib/x86_64-linux-gnu/libargon2.so.1
7f78400a8000-7f78400aa000 r--p 00006000 08:05 11538515                   /usr/lib/x86_64-linux-gnu/libargon2.so.1
7f78400aa000-7f78400ab000 r--p 00007000 08:05 11538515                   /usr/lib/x86_64-linux-gnu/libargon2.so.1
7f78400ab000-7f78400ac000 rw-p 00008000 08:05 11538515                   /usr/lib/x86_64-linux-gnu/libargon2.so.1
7f78400ac000-7f78400b0000 ---p 00000000 00:00 0 
7f78400b0000-7f78400ce000 rw-p 00000000 00:00 0 
7f78400ce000-7f78400cf000 r--p 00000000 08:05 14297190                   /usr/lib/jvm/java-11-openjdk-amd64/lib/libextnet.so
7f78400cf000-7f78400d0000 r-xp 00001000 08:05 14297190                   /usr/lib/jvm/java-11-openjdk-amd64/lib/libextnet.so
7f78400d0000-7f78400d1000 r--p 00002000 08:05 14297190                   /usr/lib/jvm/java-11-openjdk-amd64/lib/libextnet.so
7f78400d1000-7f78400d2000 r--p 00002000 08:05 14297190                   /usr/lib/jvm/java-11-openjdk-amd64/lib/libextnet.so
7f78400d2000-7f78400d3000 rw-p 00003000 08:05 14297190                   /usr/lib/jvm/java-11-openjdk-amd64/lib/libextnet.so
7f78400d3000-7f78400d5000 r--p 00000000 08:05 14297206                   /usr/lib/jvm/java-11-openjdk-amd64/lib/libmanagement_ext.so
7f78400d5000-7f78400d8000 r-xp 00002000 08:05 14297206                   /usr/lib/jvm/java-11-openjdk-amd64/lib/libmanagement_ext.so
7f78400d8000-7f78400da000 r--p 00005000 08:05 14297206                   /usr/lib/jvm/java-11-openjdk-amd64/lib/libmanagement_ext.so
7f78400da000-7f78400db000 r--p 00006000 08:05 14297206                   /usr/lib/jvm/java-11-openjdk-amd64/lib/libmanagement_ext.so
7f78400db000-7f78400dc000 rw-p 00007000 08:05 14297206                   /usr/lib/jvm/java-11-openjdk-amd64/lib/libmanagement_ext.so
7f78400dc000-7f78400fe000 r--p 00000000 08:05 13769325                   /usr/share/locale-langpack/es/LC_MESSAGES/libc.mo
7f78400fe000-7f78400ff000 ---p 00000000 00:00 0 
7f78400ff000-7f78423b4000 rw-p 00000000 00:00 0 
7f78423b4000-7f78430f8000 ---p 00000000 00:00 0 
7f78430f8000-7f78432b4000 rw-p 00000000 00:00 0 
7f78432b4000-7f7843ff8000 ---p 00000000 00:00 0 
7f7843ff8000-7f7844000000 rw-p 00000000 00:00 0 
7f7844000000-7f7844021000 rw-p 00000000 00:00 0 
7f7844021000-7f7848000000 ---p 00000000 00:00 0 
7f7848000000-7f7848003000 r--p 00000000 08:05 14297204                   /usr/lib/jvm/java-11-openjdk-amd64/lib/libmanagement.so
7f7848003000-7f7848004000 r-xp 00003000 08:05 14297204                   /usr/lib/jvm/java-11-openjdk-amd64/lib/libmanagement.so
7f7848004000-7f7848005000 r--p 00004000 08:05 14297204                   /usr/lib/jvm/java-11-openjdk-amd64/lib/libmanagement.so
7f7848005000-7f7848006000 r--p 00004000 08:05 14297204                   /usr/lib/jvm/java-11-openjdk-amd64/lib/libmanagement.so
7f7848006000-7f7848007000 rw-p 00005000 08:05 14297204                   /usr/lib/jvm/java-11-openjdk-amd64/lib/libmanagement.so
7f7848007000-7f784800e000 r--s 00000000 08:05 12202554                   /usr/lib/x86_64-linux-gnu/gconv/gconv-modules.cache
7f784800e000-7f784803f000 rw-p 00000000 00:00 0 
7f784803f000-7f7848043000 r--p 00000000 08:05 14297208                   /usr/lib/jvm/java-11-openjdk-amd64/lib/libnet.so
7f7848043000-7f7848051000 r-xp 00004000 08:05 14297208                   /usr/lib/jvm/java-11-openjdk-amd64/lib/libnet.so
7f7848051000-7f7848055000 r--p 00012000 08:05 14297208                   /usr/lib/jvm/java-11-openjdk-amd64/lib/libnet.so
7f7848055000-7f7848056000 r--p 00015000 08:05 14297208                   /usr/lib/jvm/java-11-openjdk-amd64/lib/libnet.so
7f7848056000-7f7848057000 rw-p 00016000 08:05 14297208                   /usr/lib/jvm/java-11-openjdk-amd64/lib/libnet.so
7f7848057000-7f7848133000 rw-p 00000000 00:00 0 
7f7848133000-7f7848134000 ---p 00000000 00:00 0 
7f7848134000-7f7848235000 rw-p 00000000 00:00 0 
7f7848235000-7f7848236000 ---p 00000000 00:00 0 
7f7848236000-7f784873b000 rw-p 00000000 00:00 0 
7f784873b000-7f784873c000 ---p 00000000 00:00 0 
7f784873c000-7f784883d000 rw-p 00000000 00:00 0 
7f784883d000-7f7848aad000 rwxp 00000000 00:00 0 
7f7848aad000-7f7848ee4000 ---p 00000000 00:00 0 
7f7848ee4000-7f78494e4000 rwxp 00000000 00:00 0 
7f78494e4000-7f785783d000 ---p 00000000 00:00 0 
7f785783d000-7f7860000000 r--s 00000000 08:05 14297218                   /usr/lib/jvm/java-11-openjdk-amd64/lib/modules
7f7860000000-7f786128a000 rw-p 00000000 00:00 0 
7f786128a000-7f7864000000 ---p 00000000 00:00 0 
7f7864000000-7f7864001000 r--p 00000000 08:05 11540978                   /usr/lib/x86_64-linux-gnu/libnss_mdns4_minimal.so.2
7f7864001000-7f7864003000 r-xp 00001000 08:05 11540978                   /usr/lib/x86_64-linux-gnu/libnss_mdns4_minimal.so.2
7f7864003000-7f7864004000 r--p 00003000 08:05 11540978                   /usr/lib/x86_64-linux-gnu/libnss_mdns4_minimal.so.2
7f7864004000-7f7864005000 r--p 00003000 08:05 11540978                   /usr/lib/x86_64-linux-gnu/libnss_mdns4_minimal.so.2
7f7864005000-7f7864006000 rw-p 00004000 08:05 11540978                   /usr/lib/x86_64-linux-gnu/libnss_mdns4_minimal.so.2
7f7864006000-7f786400d000 r--p 00000000 08:05 14297209                   /usr/lib/jvm/java-11-openjdk-amd64/lib/libnio.so
7f786400d000-7f7864015000 r-xp 00007000 08:05 14297209                   /usr/lib/jvm/java-11-openjdk-amd64/lib/libnio.so
7f7864015000-7f7864018000 r--p 0000f000 08:05 14297209                   /usr/lib/jvm/java-11-openjdk-amd64/lib/libnio.so
7f7864018000-7f7864019000 r--p 00011000 08:05 14297209                   /usr/lib/jvm/java-11-openjdk-amd64/lib/libnio.so
7f7864019000-7f786401a000 rw-p 00012000 08:05 14297209                   /usr/lib/jvm/java-11-openjdk-amd64/lib/libnio.so
7f786401a000-7f7864084000 rw-p 00000000 00:00 0 
7f7864084000-7f7864085000 ---p 00000000 00:00 0 
7f7864085000-7f78641dd000 rw-p 00000000 00:00 0 
7f78641dd000-7f7864385000 ---p 00000000 00:00 0 
7f7864385000-7f78643bd000 rw-p 00000000 00:00 0 
7f78643bd000-7f7864565000 ---p 00000000 00:00 0 
7f7864565000-7f786459d000 rw-p 00000000 00:00 0 
7f786459d000-7f7864745000 ---p 00000000 00:00 0 
7f7864745000-7f7864b4a000 rw-p 00000000 00:00 0 
7f7864b4a000-7f7864b4b000 ---p 00000000 00:00 0 
7f7864b4b000-7f7864c58000 rw-p 00000000 00:00 0 
7f7864c58000-7f7864e1f000 ---p 00000000 00:00 0 
7f7864e1f000-7f7864e24000 rw-p 00000000 00:00 0 
7f7864e24000-7f7864e2d000 ---p 00000000 00:00 0 
7f7864e2d000-7f7864e2f000 r--s 0000c000 08:05 12322362                   /usr/share/java/java-atk-wrapper.jar
7f7864e2f000-7f7864e31000 r--p 00000000 08:05 14297217                   /usr/lib/jvm/java-11-openjdk-amd64/lib/libzip.so
7f7864e31000-7f7864e36000 r-xp 00002000 08:05 14297217                   /usr/lib/jvm/java-11-openjdk-amd64/lib/libzip.so
7f7864e36000-7f7864e38000 r--p 00007000 08:05 14297217                   /usr/lib/jvm/java-11-openjdk-amd64/lib/libzip.so
7f7864e38000-7f7864e39000 r--p 00008000 08:05 14297217                   /usr/lib/jvm/java-11-openjdk-amd64/lib/libzip.so
7f7864e39000-7f7864e3a000 rw-p 00009000 08:05 14297217                   /usr/lib/jvm/java-11-openjdk-amd64/lib/libzip.so
7f7864e3a000-7f7864e42000 rw-s 00000000 08:05 7340751                    /tmp/hsperfdata_dibier/33575
7f7864e42000-7f7864e44000 r--p 00000000 08:05 14297200                   /usr/lib/jvm/java-11-openjdk-amd64/lib/libjimage.so
7f7864e44000-7f7864e47000 r-xp 00002000 08:05 14297200                   /usr/lib/jvm/java-11-openjdk-amd64/lib/libjimage.so
7f7864e47000-7f7864e48000 r--p 00005000 08:05 14297200                   /usr/lib/jvm/java-11-openjdk-amd64/lib/libjimage.so
7f7864e48000-7f7864e49000 ---p 00006000 08:05 14297200                   /usr/lib/jvm/java-11-openjdk-amd64/lib/libjimage.so
7f7864e49000-7f7864e4a000 r--p 00006000 08:05 14297200                   /usr/lib/jvm/java-11-openjdk-amd64/lib/libjimage.so
7f7864e4a000-7f7864e4b000 rw-p 00007000 08:05 14297200                   /usr/lib/jvm/java-11-openjdk-amd64/lib/libjimage.so
7f7864e4b000-7f7864e58000 r--p 00000000 08:05 14297197                   /usr/lib/jvm/java-11-openjdk-amd64/lib/libjava.so
7f7864e58000-7f7864e6e000 r-xp 0000d000 08:05 14297197                   /usr/lib/jvm/java-11-openjdk-amd64/lib/libjava.so
7f7864e6e000-7f7864e75000 r--p 00023000 08:05 14297197                   /usr/lib/jvm/java-11-openjdk-amd64/lib/libjava.so
7f7864e75000-7f7864e76000 r--p 00029000 08:05 14297197                   /usr/lib/jvm/java-11-openjdk-amd64/lib/libjava.so
7f7864e76000-7f7864e77000 rw-p 0002a000 08:05 14297197                   /usr/lib/jvm/java-11-openjdk-amd64/lib/libjava.so
7f7864e77000-7f7864e78000 rw-p 00000000 00:00 0 
7f7864e78000-7f7864e79000 r--p 00000000 08:05 11536890                   /usr/lib/x86_64-linux-gnu/librt.so.1
7f7864e79000-7f7864e7a000 r-xp 00001000 08:05 11536890                   /usr/lib/x86_64-linux-gnu/librt.so.1
7f7864e7a000-7f7864e7b000 r--p 00002000 08:05 11536890                   /usr/lib/x86_64-linux-gnu/librt.so.1
7f7864e7b000-7f7864e7c000 r--p 00002000 08:05 11536890                   /usr/lib/x86_64-linux-gnu/librt.so.1
7f7864e7c000-7f7864e7d000 rw-p 00003000 08:05 11536890                   /usr/lib/x86_64-linux-gnu/librt.so.1
7f7864e7d000-7f7864e81000 ---p 00000000 00:00 0 
7f7864e81000-7f7864f7d000 rw-p 00000000 00:00 0 
7f7864f7d000-7f7864f80000 r--p 00000000 08:05 11534946                   /usr/lib/x86_64-linux-gnu/libgcc_s.so.1
7f7864f80000-7f7864f97000 r-xp 00003000 08:05 11534946                   /usr/lib/x86_64-linux-gnu/libgcc_s.so.1
7f7864f97000-7f7864f9b000 r--p 0001a000 08:05 11534946                   /usr/lib/x86_64-linux-gnu/libgcc_s.so.1
7f7864f9b000-7f7864f9c000 r--p 0001d000 08:05 11534946                   /usr/lib/x86_64-linux-gnu/libgcc_s.so.1
7f7864f9c000-7f7864f9d000 rw-p 0001e000 08:05 11534946                   /usr/lib/x86_64-linux-gnu/libgcc_s.so.1
7f7864f9d000-7f7864fab000 r--p 00000000 08:05 11536529                   /usr/lib/x86_64-linux-gnu/libm.so.6
7f7864fab000-7f7865027000 r-xp 0000e000 08:05 11536529                   /usr/lib/x86_64-linux-gnu/libm.so.6
7f7865027000-7f7865082000 r--p 0008a000 08:05 11536529                   /usr/lib/x86_64-linux-gnu/libm.so.6
7f7865082000-7f7865083000 r--p 000e4000 08:05 11536529                   /usr/lib/x86_64-linux-gnu/libm.so.6
7f7865083000-7f7865084000 rw-p 000e5000 08:05 11536529                   /usr/lib/x86_64-linux-gnu/libm.so.6
7f7865084000-7f786511e000 r--p 00000000 08:05 11534599                   /usr/lib/x86_64-linux-gnu/libstdc++.so.6.0.30
7f786511e000-7f786522f000 r-xp 0009a000 08:05 11534599                   /usr/lib/x86_64-linux-gnu/libstdc++.so.6.0.30
7f786522f000-7f786529f000 r--p 001ab000 08:05 11534599                   /usr/lib/x86_64-linux-gnu/libstdc++.so.6.0.30
7f786529f000-7f78652aa000 r--p 0021a000 08:05 11534599                   /usr/lib/x86_64-linux-gnu/libstdc++.so.6.0.30
7f78652aa000-7f78652ad000 rw-p 00225000 08:05 11534599                   /usr/lib/x86_64-linux-gnu/libstdc++.so.6.0.30
7f78652ad000-7f78652b0000 rw-p 00000000 00:00 0 
7f78652b0000-7f7865532000 r--p 00000000 08:05 14297221                   /usr/lib/jvm/java-11-openjdk-amd64/lib/server/libjvm.so
7f7865532000-7f78661c1000 r-xp 00282000 08:05 14297221                   /usr/lib/jvm/java-11-openjdk-amd64/lib/server/libjvm.so
7f78661c1000-7f7866419000 r--p 00f11000 08:05 14297221                   /usr/lib/jvm/java-11-openjdk-amd64/lib/server/libjvm.so
7f7866419000-7f78664dd000 r--p 01168000 08:05 14297221                   /usr/lib/jvm/java-11-openjdk-amd64/lib/server/libjvm.so
7f78664dd000-7f7866518000 rw-p 0122c000 08:05 14297221                   /usr/lib/jvm/java-11-openjdk-amd64/lib/server/libjvm.so
7f7866518000-7f7866571000 rw-p 00000000 00:00 0 
7f7866571000-7f7866573000 r--p 00000000 08:05 11535186                   /usr/lib/x86_64-linux-gnu/libz.so.1.2.11
7f7866573000-7f7866584000 r-xp 00002000 08:05 11535186                   /usr/lib/x86_64-linux-gnu/libz.so.1.2.11
7f7866584000-7f786658a000 r--p 00013000 08:05 11535186                   /usr/lib/x86_64-linux-gnu/libz.so.1.2.11
7f786658a000-7f786658b000 ---p 00019000 08:05 11535186                   /usr/lib/x86_64-linux-gnu/libz.so.1.2.11
7f786658b000-7f786658c000 r--p 00019000 08:05 11535186                   /usr/lib/x86_64-linux-gnu/libz.so.1.2.11
7f786658c000-7f786658d000 rw-p 0001a000 08:05 11535186                   /usr/lib/x86_64-linux-gnu/libz.so.1.2.11
7f786658d000-7f78665b5000 r--p 00000000 08:05 11536516                   /usr/lib/x86_64-linux-gnu/libc.so.6
7f78665b5000-7f786674a000 r-xp 00028000 08:05 11536516                   /usr/lib/x86_64-linux-gnu/libc.so.6
7f786674a000-7f78667a2000 r--p 001bd000 08:05 11536516                   /usr/lib/x86_64-linux-gnu/libc.so.6
7f78667a2000-7f78667a6000 r--p 00214000 08:05 11536516                   /usr/lib/x86_64-linux-gnu/libc.so.6
7f78667a6000-7f78667a8000 rw-p 00218000 08:05 11536516                   /usr/lib/x86_64-linux-gnu/libc.so.6
7f78667a8000-7f78667b5000 rw-p 00000000 00:00 0 
7f78667b5000-7f78667b6000 ---p 00000000 00:00 0 
7f78667b6000-7f78667b7000 r--p 00000000 00:00 0 
7f78667b7000-7f78667bc000 r--p 00000000 08:05 14297216                   /usr/lib/jvm/java-11-openjdk-amd64/lib/libverify.so
7f78667bc000-7f78667c3000 r-xp 00005000 08:05 14297216                   /usr/lib/jvm/java-11-openjdk-amd64/lib/libverify.so
7f78667c3000-7f78667c5000 r--p 0000c000 08:05 14297216                   /usr/lib/jvm/java-11-openjdk-amd64/lib/libverify.so
7f78667c5000-7f78667c7000 r--p 0000d000 08:05 14297216                   /usr/lib/jvm/java-11-openjdk-amd64/lib/libverify.so
7f78667c7000-7f78667c8000 rw-p 0000f000 08:05 14297216                   /usr/lib/jvm/java-11-openjdk-amd64/lib/libverify.so
7f78667c8000-7f78667cb000 r--p 00000000 08:05 14297182                   /usr/lib/jvm/java-11-openjdk-amd64/lib/jli/libjli.so
7f78667cb000-7f78667d5000 r-xp 00003000 08:05 14297182                   /usr/lib/jvm/java-11-openjdk-amd64/lib/jli/libjli.so
7f78667d5000-7f78667d8000 r--p 0000d000 08:05 14297182                   /usr/lib/jvm/java-11-openjdk-amd64/lib/jli/libjli.so
7f78667d8000-7f78667d9000 ---p 00010000 08:05 14297182                   /usr/lib/jvm/java-11-openjdk-amd64/lib/jli/libjli.so
7f78667d9000-7f78667da000 r--p 00010000 08:05 14297182                   /usr/lib/jvm/java-11-openjdk-amd64/lib/jli/libjli.so
7f78667da000-7f78667db000 rw-p 00011000 08:05 14297182                   /usr/lib/jvm/java-11-openjdk-amd64/lib/jli/libjli.so
7f78667db000-7f78667dd000 rw-p 00000000 00:00 0 
7f78667dd000-7f78667df000 r--p 00000000 08:05 11534632                   /usr/lib/x86_64-linux-gnu/ld-linux-x86-64.so.2
7f78667df000-7f7866809000 r-xp 00002000 08:05 11534632                   /usr/lib/x86_64-linux-gnu/ld-linux-x86-64.so.2
7f7866809000-7f7866814000 r--p 0002c000 08:05 11534632                   /usr/lib/x86_64-linux-gnu/ld-linux-x86-64.so.2
7f7866815000-7f7866817000 r--p 00037000 08:05 11534632                   /usr/lib/x86_64-linux-gnu/ld-linux-x86-64.so.2
7f7866817000-7f7866819000 rw-p 00039000 08:05 11534632                   /usr/lib/x86_64-linux-gnu/ld-linux-x86-64.so.2
7fffa1b13000-7fffa1b36000 rw-p 00000000 00:00 0                          [stack]
7fffa1b51000-7fffa1b55000 r--p 00000000 00:00 0                          [vvar]
7fffa1b55000-7fffa1b57000 r-xp 00000000 00:00 0                          [vdso]
ffffffffff600000-ffffffffff601000 --xp 00000000 00:00 0                  [vsyscall]


VM Arguments:
jvm_args: -Xverify:none -XX:TieredStopAtLevel=1 -Dfile.encoding=UTF-8 -Duser.country=CO -Duser.language=es -Duser.variant 
java_command: com.example.demo.DemoApplication
java_class_path (initial): /home/dibier/Java/demo/build/classes/java/main:/home/dibier/Java/demo/build/resources/main:/home/dibier/.gradle/caches/modules-2/files-2.1/de.mkammerer/argon2-jvm/2.1/125fb33fa3c8eccef311fc4149e9b5b595d0abaf/argon2-jvm-2.1.jar:/home/dibier/.gradle/caches/modules-2/files-2.1/mysql/mysql-connector-java/8.0.28/33678b1729d4f832b9e4bcb2d5bbd67940920a7a/mysql-connector-java-8.0.28.jar:/home/dibier/.gradle/caches/modules-2/files-2.1/org.springframework.batch/spring-batch-core/4.3.5/b5ff5d227600df2ba087344160db2b8a38476cb3/spring-batch-core-4.3.5.jar:/home/dibier/.gradle/caches/modules-2/files-2.1/jakarta.transaction/jakarta.transaction-api/1.3.3/c4179d48720a1e87202115fbed6089bdc4195405/jakarta.transaction-api-1.3.3.jar:/home/dibier/.gradle/caches/modules-2/files-2.1/jakarta.persistence/jakarta.persistence-api/2.2.3/8f6ea5daedc614f07a3654a455660145286f024e/jakarta.persistence-api-2.2.3.jar:/home/dibier/.gradle/caches/modules-2/files-2.1/org.hibernate/hibernate-core/5.6.5.Final/d5c41d9018d16ca6076726f0f037ba8a0ebc0cb4/hibernate-core-5.6.5.Final.jar:/home/dibier/.gradle/caches/modules-2/files-2.1/org.springframework.data/spring-data-jpa/2.6.2/aa7da518dee4b20433c7e055ef5f2cda584f412f/spring-data-jpa-2.6.2.jar:/home/dibier/.gradle/caches/modules-2/files-2.1/org.springframework/spring-aspects/5.3.16/499f2cd13d26fc0d6eb3312f0251c4f380300001/spring-aspects-5.3.16.jar:/home/dibier/.gradle/caches/modules-2/files-2.1/org.springframework/spring-webmvc/5.3.16/18e0d7a9cf1c43b100296f86f61b58821dd1e6b9/spring-webmvc-5.3.16.jar:/home/dibier/.gradle/caches/modules-2/files-2.1/org.springframework/spring-web/5.3.16/224ae9b45e138034980a423e2f85d7bd63539a49/spring-web-5.3.16.jar:/home/dibier/.gradle/caches/modules-2/files-2.1/net.java.dev.jna/jna/4.2.1/fcc5b10cb812c41b00708e7b57baccc3aee5567c/jna-4.2.1.jar:/home/dibier/.gradle/caches/modules-2/files-2.1/jakarta.annotation/jakarta.annotation-api/1.3.5/59eb84ee0d616332ff44aba065f3888cf002cd2d/jakarta.annotation-api-1.
Launcher Type: SUN_STANDARD

[Global flags]
     bool BytecodeVerificationLocal                = false                                     {product} {command line}
     bool BytecodeVerificationRemote               = false                                     {product} {command line}
     intx CICompilerCount                          = 3                                         {product} {ergonomic}
     uint ConcGCThreads                            = 1                                         {product} {ergonomic}
     uint G1ConcRefinementThreads                  = 4                                         {product} {ergonomic}
   size_t G1HeapRegionSize                         = 1048576                                   {product} {ergonomic}
    uintx GCDrainStackTargetSize                   = 64                                        {product} {ergonomic}
   size_t InitialHeapSize                          = 62914560                                  {product} {ergonomic}
   size_t MarkStackSize                            = 4194304                                   {product} {ergonomic}
   size_t MaxHeapSize                              = 1006632960                                {product} {ergonomic}
   size_t MaxNewSize                               = 603979776                                 {product} {ergonomic}
   size_t MinHeapDeltaBytes                        = 1048576                                   {product} {ergonomic}
    uintx NonNMethodCodeHeapSize                   = 6973028                                {pd product} {ergonomic}
    uintx NonProfiledCodeHeapSize                  = 244685212                              {pd product} {ergonomic}
    uintx ProfiledCodeHeapSize                     = 0                                      {pd product} {ergonomic}
    uintx ReservedCodeCacheSize                    = 251658240                              {pd product} {ergonomic}
     bool SegmentedCodeCache                       = true                                      {product} {ergonomic}
     intx TieredStopAtLevel                        = 1                                         {product} {command line}
     bool UseCompressedClassPointers               = true                                 {lp64_product} {ergonomic}
     bool UseCompressedOops                        = true                                 {lp64_product} {ergonomic}
     bool UseG1GC                                  = true                                      {product} {ergonomic}

Logging:
Log output configuration:
 #0: stdout all=warning uptime,level,tags
 #1: stderr all=off uptime,level,tags

Environment Variables:
JAVA_HOME=/usr/lib/jvm/java-11-openjdk-amd64
PATH=/usr/local/sbin:/usr/local/bin:/usr/sbin:/usr/bin:/sbin:/bin:/usr/games:/usr/local/games:/snap/bin:/snap/bin
USERNAME=dibier
SHELL=/bin/bash
DISPLAY=:0
LANG=es_CO.UTF-8

Signal Handlers:
SIGSEGV: [libjvm.so+0xe9f660], sa_mask[0]=11111111011111111101111111111110, sa_flags=SA_RESTART|SA_SIGINFO
SIGBUS: [libjvm.so+0xe9f660], sa_mask[0]=11111111011111111101111111111110, sa_flags=SA_RESTART|SA_SIGINFO
SIGFPE: [libjvm.so+0xe9f660], sa_mask[0]=11111111011111111101111111111110, sa_flags=SA_RESTART|SA_SIGINFO
SIGPIPE: [libjvm.so+0xbe3bf0], sa_mask[0]=11111111011111111101111111111110, sa_flags=SA_RESTART|SA_SIGINFO
SIGXFSZ: [libjvm.so+0xbe3bf0], sa_mask[0]=11111111011111111101111111111110, sa_flags=SA_RESTART|SA_SIGINFO
SIGILL: [libjvm.so+0xe9f660], sa_mask[0]=11111111011111111101111111111110, sa_flags=SA_RESTART|SA_SIGINFO
SIGUSR2: [libjvm.so+0xbe3a90], sa_mask[0]=00100000000000000000000000000000, sa_flags=SA_RESTART|SA_SIGINFO
SIGHUP: [libjvm.so+0xbe4020], sa_mask[0]=11111111011111111101111111111110, sa_flags=SA_RESTART|SA_SIGINFO
SIGINT: SIG_IGN, sa_mask[0]=00000000000000000000000000000000, sa_flags=none
SIGTERM: [libjvm.so+0xbe4020], sa_mask[0]=11111111011111111101111111111110, sa_flags=SA_RESTART|SA_SIGINFO
SIGQUIT: [libjvm.so+0xbe4020], sa_mask[0]=11111111011111111101111111111110, sa_flags=SA_RESTART|SA_SIGINFO


---------------  S Y S T E M  ---------------

OS:DISTRIB_ID=Ubuntu
DISTRIB_RELEASE=22.04
DISTRIB_CODENAME=jammy
DISTRIB_DESCRIPTION="Ubuntu Jammy Jellyfish (development branch)"
uname:Linux 5.15.0-23-generic #23-Ubuntu SMP Fri Mar 11 14:54:05 UTC 2022 x86_64
OS uptime: 0 days 6:59 hours
libc:glibc 2.35 NPTL 2.35 
rlimit (soft/hard): STACK 8192k/infinity , CORE 0k/infinity , NPROC 15082/15082 , NOFILE 1048576/1048576 , AS infinity/infinity , CPU infinity/infinity , DATA infinity/infinity , FSIZE infinity/infinity , MEMLOCK 491296k/491296k
load average:1,95 2,36 1,83

/proc/meminfo:
MemTotal:        3930372 kB
MemFree:          138108 kB
MemAvailable:     713880 kB
Buffers:           19528 kB
Cached:           777912 kB
SwapCached:        52544 kB
Active:          1561392 kB
Inactive:        1824604 kB
Active(anon):    1216800 kB
Inactive(anon):  1434664 kB
Active(file):     344592 kB
Inactive(file):   389940 kB
Unevictable:          64 kB
Mlocked:              64 kB
SwapTotal:       2097148 kB
SwapFree:         230040 kB
Dirty:               524 kB
Writeback:             0 kB
AnonPages:       2536368 kB
Mapped:           302524 kB
Shmem:             66684 kB
KReclaimable:      97220 kB
Slab:             215664 kB
SReclaimable:      97220 kB
SUnreclaim:       118444 kB
KernelStack:       18848 kB
PageTables:        51308 kB
NFS_Unstable:          0 kB
Bounce:                0 kB
WritebackTmp:          0 kB
CommitLimit:     4062332 kB
Committed_AS:   13876384 kB
VmallocTotal:   34359738367 kB
VmallocUsed:       41480 kB
VmallocChunk:          0 kB
Percpu:             4416 kB
HardwareCorrupted:     0 kB
AnonHugePages:         0 kB
ShmemHugePages:        0 kB
ShmemPmdMapped:        0 kB
FileHugePages:         0 kB
FilePmdMapped:         0 kB
HugePages_Total:       0
HugePages_Free:        0
HugePages_Rsvd:        0
HugePages_Surp:        0
Hugepagesize:       2048 kB
Hugetlb:               0 kB
DirectMap4k:      396160 kB
DirectMap2M:     3708928 kB
DirectMap1G:           0 kB

/sys/kernel/mm/transparent_hugepage/enabled:
always [madvise] never
/sys/kernel/mm/transparent_hugepage/defrag (defrag/compaction efforts parameter):
always defer defer+madvise [madvise] never

Process Memory:
Virtual Size: 4661832K (peak: 12375408K)
Resident Set Size: 217888K (peak: 217888K) (anon: 190916K, file: 26972K, shmem: 0K)
Swapped out: 0K
C-Heap outstanding allocations: 25593K

/proc/sys/kernel/threads-max (system-wide limit on the number of threads):
30165
/proc/sys/vm/max_map_count (maximum number of memory map areas a process may have):
65530
/proc/sys/kernel/pid_max (system-wide limit on number of process identifiers):
4194304

Steal ticks since vm start: 0
Steal ticks percentage since vm start:  0,000

CPU:total 4 (initial active 4) (4 cores per cpu, 1 threads per core) family 6 model 158 stepping 10 microcode 0xea, cmov, cx8, fxsr, mmx, sse, sse2, sse3, ssse3, sse4.1, sse4.2, popcnt, avx, avx2, aes, clmul, erms, 3dnowpref, lzcnt, tsc, tscinvbit, bmi1, bmi2, adx, fma
CPU Model and flags from /proc/cpuinfo:
model name	: Intel(R) Core(TM) i3-9100F CPU @ 3.60GHz
flags		: fpu vme de pse tsc msr pae mce cx8 apic sep mtrr pge mca cmov pat pse36 clflush dts acpi mmx fxsr sse sse2 ss ht tm pbe syscall nx pdpe1gb rdtscp lm constant_tsc art arch_perfmon pebs bts rep_good nopl xtopology nonstop_tsc cpuid aperfmperf pni pclmulqdq dtes64 monitor ds_cpl est tm2 ssse3 sdbg fma cx16 xtpr pdcm pcid sse4_1 sse4_2 x2apic movbe popcnt tsc_deadline_timer aes xsave avx f16c rdrand lahf_lm abm 3dnowprefetch cpuid_fault invpcid_single pti ssbd ibrs ibpb stibp fsgsbase tsc_adjust bmi1 avx2 smep bmi2 erms invpcid mpx rdseed adx smap clflushopt intel_pt xsaveopt xsavec xgetbv1 xsaves dtherm ida arat pln pts hwp hwp_notify hwp_act_window hwp_epp md_clear flush_l1d
Online cpus:
0-3
Offline cpus:

BIOS frequency limitation:
<Not Available>
Frequency switch latency (ns):
0
Available cpu frequencies:
<Not Available>
Current governor:
powersave
Core performance/turbo boost:
<Not Available>

Memory: 4k page, physical 3930372k(138108k free), swap 2097148k(230040k free)

vm_info: OpenJDK 64-Bit Server VM (11.0.14+9-Ubuntu-0ubuntu2) for linux-amd64 JRE (11.0.14+9-Ubuntu-0ubuntu2), built on Jan 19 2022 09:24:04 by "unknown" with gcc 11.2.0

END.
