#
# A fatal error has been detected by the Java Runtime Environment:
#
#  SIGSEGV (0xb) at pc=0x00007f328a28e97d, pid=33412, tid=33450
#
# JRE version: OpenJDK Runtime Environment (11.0.14+9) (build 11.0.14+9-Ubuntu-0ubuntu2)
# Java VM: OpenJDK 64-Bit Server VM (11.0.14+9-Ubuntu-0ubuntu2, mixed mode, sharing, tiered, compressed oops, g1 gc, linux-amd64)
# Problematic frame:
# C  [libc.so.6+0x19d97d]
#
# Core dump will be written. Default location: Core dumps may be processed with "/usr/share/apport/apport %p %s %c %d %P %E" (or dumping to /home/dibier/Java/demo/core.33412)
#
# If you would like to submit a bug report, please visit:
#   https://bugs.launchpad.net/ubuntu/+source/openjdk-lts
# The crash happened outside the Java Virtual Machine in native code.
# See problematic frame for where to report the bug.
#

---------------  S U M M A R Y ------------

Command Line: -Xverify:none -XX:TieredStopAtLevel=1 -Dfile.encoding=UTF-8 -Duser.country=CO -Duser.language=es -Duser.variant com.example.demo.DemoApplication

Host: Intel(R) Core(TM) i3-9100F CPU @ 3.60GHz, 4 cores, 3G, Ubuntu Jammy Jellyfish (development branch)
Time: Wed Mar 23 14:19:08 2022 -05 elapsed time: 29.446298 seconds (0d 0h 0m 29s)

---------------  T H R E A D  ---------------

Current thread (0x00007f328525f000):  JavaThread "http-nio-8080-exec-4" daemon [_thread_in_native, id=33450, stack(0x00007f320ba00000,0x00007f320bb00000)]

Stack: [0x00007f320ba00000,0x00007f320bb00000],  sp=0x00007f320bafb4e8,  free space=1005k
Native frames: (J=compiled Java code, A=aot compiled Java code, j=interpreted, Vv=VM code, C=native code)
C  [libc.so.6+0x19d97d]

Java frames: (J=compiled Java code, j=interpreted, Vv=VM code)
j  com.sun.jna.Native.invokeLong(JI[Ljava/lang/Object;)J+0
j  com.sun.jna.Function.invoke([Ljava/lang/Object;Ljava/lang/Class;Z)Ljava/lang/Object;+256
j  com.sun.jna.Function.invoke(Ljava/lang/reflect/Method;[Ljava/lang/Class;Ljava/lang/Class;[Ljava/lang/Object;Ljava/util/Map;)Ljava/lang/Object;+249
j  com.sun.jna.Library$Handler.invoke(Ljava/lang/Object;Ljava/lang/reflect/Method;[Ljava/lang/Object;)Ljava/lang/Object;+348
j  com.sun.proxy.$Proxy99.argon2_encodedlen(Lde/mkammerer/argon2/jna/Uint32_t;Lde/mkammerer/argon2/jna/Uint32_t;Lde/mkammerer/argon2/jna/Uint32_t;Lde/mkammerer/argon2/jna/Uint32_t;Lde/mkammerer/argon2/jna/Uint32_t;)Lde/mkammerer/argon2/jna/Size_t;+34
j  de.mkammerer.argon2.BaseArgon2.hashBytes(III[B)Ljava/lang/String;+66
j  de.mkammerer.argon2.BaseArgon2.hash(IIILjava/lang/String;Ljava/nio/charset/Charset;)Ljava/lang/String;+15
j  de.mkammerer.argon2.BaseArgon2.hash(IIILjava/lang/String;)Ljava/lang/String;+9
j  com.example.demo.controller.UserController.saveUser(Lcom/example/demo/model/User;)V+17
v  ~StubRoutines::call_stub
J 2263  jdk.internal.reflect.NativeMethodAccessorImpl.invoke0(Ljava/lang/reflect/Method;Ljava/lang/Object;[Ljava/lang/Object;)Ljava/lang/Object; java.base@11.0.14 (0 bytes) @ 0x00007f326d22ae47 [0x00007f326d22adc0+0x0000000000000087]
J 2262 c1 jdk.internal.reflect.NativeMethodAccessorImpl.invoke(Ljava/lang/Object;[Ljava/lang/Object;)Ljava/lang/Object; java.base@11.0.14 (104 bytes) @ 0x00007f326d22b65c [0x00007f326d22b2a0+0x00000000000003bc]
J 2133 c1 jdk.internal.reflect.DelegatingMethodAccessorImpl.invoke(Ljava/lang/Object;[Ljava/lang/Object;)Ljava/lang/Object; java.base@11.0.14 (10 bytes) @ 0x00007f326d1f91a4 [0x00007f326d1f9140+0x0000000000000064]
J 2134 c1 java.lang.reflect.Method.invoke(Ljava/lang/Object;[Ljava/lang/Object;)Ljava/lang/Object; java.base@11.0.14 (65 bytes) @ 0x00007f326d1fa904 [0x00007f326d1fa7e0+0x0000000000000124]
j  org.springframework.web.method.support.InvocableHandlerMethod.doInvoke([Ljava/lang/Object;)Ljava/lang/Object;+28
j  org.springframework.web.method.support.InvocableHandlerMethod.invokeForRequest(Lorg/springframework/web/context/request/NativeWebRequest;Lorg/springframework/web/method/support/ModelAndViewContainer;[Ljava/lang/Object;)Ljava/lang/Object;+54
j  org.springframework.web.servlet.mvc.method.annotation.ServletInvocableHandlerMethod.invokeAndHandle(Lorg/springframework/web/context/request/ServletWebRequest;Lorg/springframework/web/method/support/ModelAndViewContainer;[Ljava/lang/Object;)V+4
j  org.springframework.web.servlet.mvc.method.annotation.RequestMappingHandlerAdapter.invokeHandlerMethod(Ljavax/servlet/http/HttpServletRequest;Ljavax/servlet/http/HttpServletResponse;Lorg/springframework/web/method/HandlerMethod;)Lorg/springframework/web/servlet/ModelAndView;+244
j  org.springframework.web.servlet.mvc.method.annotation.RequestMappingHandlerAdapter.handleInternal(Ljavax/servlet/http/HttpServletRequest;Ljavax/servlet/http/HttpServletResponse;Lorg/springframework/web/method/HandlerMethod;)Lorg/springframework/web/servlet/ModelAndView;+81
j  org.springframework.web.servlet.mvc.method.AbstractHandlerMethodAdapter.handle(Ljavax/servlet/http/HttpServletRequest;Ljavax/servlet/http/HttpServletResponse;Ljava/lang/Object;)Lorg/springframework/web/servlet/ModelAndView;+7
j  org.springframework.web.servlet.DispatcherServlet.doDispatch(Ljavax/servlet/http/HttpServletRequest;Ljavax/servlet/http/HttpServletResponse;)V+259
j  org.springframework.web.servlet.DispatcherServlet.doService(Ljavax/servlet/http/HttpServletRequest;Ljavax/servlet/http/HttpServletResponse;)V+241
j  org.springframework.web.servlet.FrameworkServlet.processRequest(Ljavax/servlet/http/HttpServletRequest;Ljavax/servlet/http/HttpServletResponse;)V+71
j  org.springframework.web.servlet.FrameworkServlet.doPost(Ljavax/servlet/http/HttpServletRequest;Ljavax/servlet/http/HttpServletResponse;)V+3
j  javax.servlet.http.HttpServlet.service(Ljavax/servlet/http/HttpServletRequest;Ljavax/servlet/http/HttpServletResponse;)V+149
j  org.springframework.web.servlet.FrameworkServlet.service(Ljavax/servlet/http/HttpServletRequest;Ljavax/servlet/http/HttpServletResponse;)V+33
j  javax.servlet.http.HttpServlet.service(Ljavax/servlet/ServletRequest;Ljavax/servlet/ServletResponse;)V+36
j  org.apache.catalina.core.ApplicationFilterChain.internalDoFilter(Ljavax/servlet/ServletRequest;Ljavax/servlet/ServletResponse;)V+304
j  org.apache.catalina.core.ApplicationFilterChain.doFilter(Ljavax/servlet/ServletRequest;Ljavax/servlet/ServletResponse;)V+99
j  org.apache.tomcat.websocket.server.WsFilter.doFilter(Ljavax/servlet/ServletRequest;Ljavax/servlet/ServletResponse;Ljavax/servlet/FilterChain;)V+21
j  org.apache.catalina.core.ApplicationFilterChain.internalDoFilter(Ljavax/servlet/ServletRequest;Ljavax/servlet/ServletResponse;)V+135
j  org.apache.catalina.core.ApplicationFilterChain.doFilter(Ljavax/servlet/ServletRequest;Ljavax/servlet/ServletResponse;)V+99
j  org.springframework.web.filter.RequestContextFilter.doFilterInternal(Ljavax/servlet/http/HttpServletRequest;Ljavax/servlet/http/HttpServletResponse;Ljavax/servlet/FilterChain;)V+21
j  org.springframework.web.filter.OncePerRequestFilter.doFilter(Ljavax/servlet/ServletRequest;Ljavax/servlet/ServletResponse;Ljavax/servlet/FilterChain;)V+147
j  org.apache.catalina.core.ApplicationFilterChain.internalDoFilter(Ljavax/servlet/ServletRequest;Ljavax/servlet/ServletResponse;)V+135
j  org.apache.catalina.core.ApplicationFilterChain.doFilter(Ljavax/servlet/ServletRequest;Ljavax/servlet/ServletResponse;)V+99
j  org.springframework.web.filter.FormContentFilter.doFilterInternal(Ljavax/servlet/http/HttpServletRequest;Ljavax/servlet/http/HttpServletResponse;Ljavax/servlet/FilterChain;)V+38
j  org.springframework.web.filter.OncePerRequestFilter.doFilter(Ljavax/servlet/ServletRequest;Ljavax/servlet/ServletResponse;Ljavax/servlet/FilterChain;)V+147
j  org.apache.catalina.core.ApplicationFilterChain.internalDoFilter(Ljavax/servlet/ServletRequest;Ljavax/servlet/ServletResponse;)V+135
j  org.apache.catalina.core.ApplicationFilterChain.doFilter(Ljavax/servlet/ServletRequest;Ljavax/servlet/ServletResponse;)V+99
j  org.springframework.web.filter.CharacterEncodingFilter.doFilterInternal(Ljavax/servlet/http/HttpServletRequest;Ljavax/servlet/http/HttpServletResponse;Ljavax/servlet/FilterChain;)V+53
j  org.springframework.web.filter.OncePerRequestFilter.doFilter(Ljavax/servlet/ServletRequest;Ljavax/servlet/ServletResponse;Ljavax/servlet/FilterChain;)V+147
j  org.apache.catalina.core.ApplicationFilterChain.internalDoFilter(Ljavax/servlet/ServletRequest;Ljavax/servlet/ServletResponse;)V+135
j  org.apache.catalina.core.ApplicationFilterChain.doFilter(Ljavax/servlet/ServletRequest;Ljavax/servlet/ServletResponse;)V+99
j  org.apache.catalina.core.StandardWrapperValve.invoke(Lorg/apache/catalina/connector/Request;Lorg/apache/catalina/connector/Response;)V+694
j  org.apache.catalina.core.StandardContextValve.invoke(Lorg/apache/catalina/connector/Request;Lorg/apache/catalina/connector/Response;)V+169
j  org.apache.catalina.authenticator.AuthenticatorBase.invoke(Lorg/apache/catalina/connector/Request;Lorg/apache/catalina/connector/Response;)V+260
j  org.apache.catalina.core.StandardHostValve.invoke(Lorg/apache/catalina/connector/Request;Lorg/apache/catalina/connector/Response;)V+128
j  org.apache.catalina.valves.ErrorReportValve.invoke(Lorg/apache/catalina/connector/Request;Lorg/apache/catalina/connector/Response;)V+6
j  org.apache.catalina.core.StandardEngineValve.invoke(Lorg/apache/catalina/connector/Request;Lorg/apache/catalina/connector/Response;)V+59
j  org.apache.catalina.connector.CoyoteAdapter.service(Lorg/apache/coyote/Request;Lorg/apache/coyote/Response;)V+203
j  org.apache.coyote.http11.Http11Processor.service(Lorg/apache/tomcat/util/net/SocketWrapperBase;)Lorg/apache/tomcat/util/net/AbstractEndpoint$Handler$SocketState;+796
j  org.apache.coyote.AbstractProcessorLight.process(Lorg/apache/tomcat/util/net/SocketWrapperBase;Lorg/apache/tomcat/util/net/SocketEvent;)Lorg/apache/tomcat/util/net/AbstractEndpoint$Handler$SocketState;+170
j  org.apache.coyote.AbstractProtocol$ConnectionHandler.process(Lorg/apache/tomcat/util/net/SocketWrapperBase;Lorg/apache/tomcat/util/net/SocketEvent;)Lorg/apache/tomcat/util/net/AbstractEndpoint$Handler$SocketState;+495
j  org.apache.tomcat.util.net.NioEndpoint$SocketProcessor.doRun()V+216
j  org.apache.tomcat.util.net.SocketProcessorBase.run()V+21
j  org.apache.tomcat.util.threads.ThreadPoolExecutor.runWorker(Lorg/apache/tomcat/util/threads/ThreadPoolExecutor$Worker;)V+92
j  org.apache.tomcat.util.threads.ThreadPoolExecutor$Worker.run()V+5
j  org.apache.tomcat.util.threads.TaskThread$WrappingRunnable.run()V+4
j  java.lang.Thread.run()V+11 java.base@11.0.14
v  ~StubRoutines::call_stub

siginfo: si_signo: 11 (SIGSEGV), si_code: 1 (SEGV_MAPERR), si_addr: 0x0000000000000000

Register to memory mapping:

RAX=0x0 is NULL
RBX=0x0000000000000001 is an unknown value
RCX=0x0000000000000010 is an unknown value
RDX=0x0 is NULL
RSP=0x00007f320bafb4e8 is pointing into the stack for thread: 0x00007f328525f000
RBP=0x00007f320bafb520 is pointing into the stack for thread: 0x00007f328525f000
RSI=0x0 is NULL
RDI=0x0 is NULL
R8 =0x0000000000000020 is an unknown value
R9 =0x00007f32897296fe: <offset 0x00000000009156fe> in /usr/lib/jvm/java-11-openjdk-amd64/lib/server/libjvm.so at 0x00007f3288e14000
R10=0x00007f328a0ff940: <offset 0x000000000000e940> in /lib/x86_64-linux-gnu/libc.so.6 at 0x00007f328a0f1000
R11=0x00007f328a28e960: <offset 0x000000000019d960> in /lib/x86_64-linux-gnu/libc.so.6 at 0x00007f328a0f1000
R12=0x0000000000000400 is an unknown value
R13=0x0000000000000001 is an unknown value
R14=0x0000000000000010 is an unknown value
R15=0x0000000000000020 is an unknown value


Registers:
RAX=0x0000000000000000, RBX=0x0000000000000001, RCX=0x0000000000000010, RDX=0x0000000000000000
RSP=0x00007f320bafb4e8, RBP=0x00007f320bafb520, RSI=0x0000000000000000, RDI=0x0000000000000000
R8 =0x0000000000000020, R9 =0x00007f32897296fe, R10=0x00007f328a0ff940, R11=0x00007f328a28e960
R12=0x0000000000000400, R13=0x0000000000000001, R14=0x0000000000000010, R15=0x0000000000000020
RIP=0x00007f328a28e97d, EFLAGS=0x0000000000010283, CSGSFS=0x002b000000000033, ERR=0x0000000000000004
  TRAPNO=0x000000000000000e

Top of Stack: (sp=0x00007f320bafb4e8)
0x00007f320bafb4e8:   00007f326c00721d 00007f320bafb680
0x00007f320bafb4f8:   fffffffffffffffc 00007f320bafbfd0
0x00007f320bafb508:   00007f320bafb470 0000000000000005
0x00007f320bafb518:   00007f320aa1265c 000000000000000c 

Instructions: (pc=0x00007f328a28e97d)
0x00007f328a28e87d:   fd d7 ca c5 fd d7 c3 09 c1 75 38 c5 fd 6f 0f c5
0x00007f328a28e88d:   fd 74 d1 48 83 c7 20 c5 dd 74 d9 c5 fd d7 ca c5
0x00007f328a28e89d:   fd d7 c3 09 c1 75 1c c5 fd 6f 0f c5 fd 74 d1 48
0x00007f328a28e8ad:   83 c7 20 c5 dd 74 d9 c5 fd d7 ca c5 fd d7 c3 09
0x00007f328a28e8bd:   c1 74 90 85 c0 75 1c 85 d2 0f 84 84 00 00 00 89
0x00007f328a28e8cd:   d0 48 89 f7 0f bd c0 48 8d 44 07 e0 c5 f8 77 c3
0x00007f328a28e8dd:   0f 1f 00 c5 fd d7 ca 85 c9 75 18 89 c2 48 89 fe
0x00007f328a28e8ed:   e9 5e ff ff ff 66 66 2e 0f 1f 84 00 00 00 00 00
0x00007f328a28e8fd:   0f 1f 00 41 89 c8 41 83 e8 01 41 31 c8 44 21 c0
0x00007f328a28e90d:   85 c0 74 b3 0f bd c0 48 8d 44 07 e0 c5 f8 77 c3
0x00007f328a28e91d:   0f 1f 00 48 01 cf 89 d1 41 89 c8 41 83 e8 01 41
0x00007f328a28e92d:   31 c8 44 21 c0 85 c0 74 1a 0f bd c0 48 8d 44 07
0x00007f328a28e93d:   e0 c5 f8 77 c3 66 66 2e 0f 1f 84 00 00 00 00 00
0x00007f328a28e94d:   0f 1f 00 31 c0 c5 f8 77 c3 66 2e 0f 1f 84 00 00
0x00007f328a28e95d:   00 00 00 f3 0f 1e fa 89 f8 48 89 fa c5 f9 ef c0
0x00007f328a28e96d:   25 ff 0f 00 00 3d e0 0f 00 00 0f 87 33 01 00 00
0x00007f328a28e97d:   c5 fd 74 0f c5 fd d7 c1 85 c0 74 57 f3 0f bc c0
0x00007f328a28e98d:   c5 f8 77 c3 66 66 2e 0f 1f 84 00 00 00 00 00 0f
0x00007f328a28e99d:   1f 40 00 f3 0f bc c0 29 d7 ff c7 01 f8 c5 f8 77
0x00007f328a28e9ad:   c3 66 90 f3 0f bc c0 29 d7 83 c7 21 01 f8 c5 f8
0x00007f328a28e9bd:   77 c3 90 f3 0f bc c0 29 d7 83 c7 41 01 f8 c5 f8
0x00007f328a28e9cd:   77 c3 90 f3 0f bc c0 29 d7 83 c7 61 01 f8 c5 f8
0x00007f328a28e9dd:   77 c3 90 48 83 cf 1f c5 fd 74 4f 01 c5 fd d7 c1
0x00007f328a28e9ed:   85 c0 75 af c5 fd 74 4f 21 c5 fd d7 c1 85 c0 75
0x00007f328a28e9fd:   b2 c5 fd 74 4f 41 c5 fd d7 c1 85 c0 75 b5 c5 fd
0x00007f328a28ea0d:   74 4f 61 c5 fd d7 c1 85 c0 75 b8 48 ff c7 48 83
0x00007f328a28ea1d:   cf 7f 90 c5 fd 6f 4f 01 c5 f5 da 57 21 c5 fd 6f
0x00007f328a28ea2d:   5f 41 c5 e5 da 67 61 c5 dd da ea c5 fd 74 ed c5
0x00007f328a28ea3d:   fd d7 cd 48 83 ef 80 85 c9 74 d8 c5 fd 74 c9 c5
0x00007f328a28ea4d:   fd d7 c1 48 29 d7 85 c0 75 39 c5 fd 74 d2 c5 fd
0x00007f328a28ea5d:   d7 c2 85 c0 75 3d c5 fd 74 db c5 fd d7 c3 48 c1
0x00007f328a28ea6d:   e1 20 48 09 c8 f3 48 0f bc c0 48 83 ef 3f 48 01 


Stack slot to memory mapping:
stack at sp + 0 slots: 0x00007f326c00721d: argon2_encodedlen+0x000000000000002d in /usr/lib/x86_64-linux-gnu/libargon2.so.1 at 0x00007f326c004000
stack at sp + 1 slots: 0x00007f320bafb680 is pointing into the stack for thread: 0x00007f328525f000
stack at sp + 2 slots: 0xfffffffffffffffc is an unknown value
stack at sp + 3 slots: 0x00007f320bafbfd0 is pointing into the stack for thread: 0x00007f328525f000
stack at sp + 4 slots: 0x00007f320bafb470 is pointing into the stack for thread: 0x00007f328525f000
stack at sp + 5 slots: 0x0000000000000005 is an unknown value
stack at sp + 6 slots: 0x00007f320aa1265c: ffi_call_unix64+0x000000000000004c in /tmp/jna--1332058823/jna14512702474684096398.tmp at 0x00007f320aa00000
stack at sp + 7 slots: 0x000000000000000c is an unknown value


---------------  P R O C E S S  ---------------

Threads class SMR info:
_java_thread_list=0x00007f31f00ac750, length=26, elements={
0x00007f32840c0800, 0x00007f32840c2800, 0x00007f32840c8000, 0x00007f32840ca000,
0x00007f32840cc000, 0x00007f32840ce000, 0x00007f3284122000, 0x00007f3284c0e800,
0x00007f3228182800, 0x00007f3284c11000, 0x00007f3284c26000, 0x00007f3284d2d800,
0x00007f328525a000, 0x00007f328525b800, 0x00007f328525d000, 0x00007f328525f000,
0x00007f3285261800, 0x00007f3285263000, 0x00007f3285265000, 0x00007f3285267000,
0x00007f3285269000, 0x00007f328526b000, 0x00007f3285272000, 0x00007f3285274000,
0x00007f3284017800, 0x00007f31f00ab800
}

Java Threads: ( => current thread )
  0x00007f32840c0800 JavaThread "Reference Handler" daemon [_thread_blocked, id=33425, stack(0x00007f325f2f9000,0x00007f325f3f9000)]
  0x00007f32840c2800 JavaThread "Finalizer" daemon [_thread_blocked, id=33426, stack(0x00007f325f1f9000,0x00007f325f2f9000)]
  0x00007f32840c8000 JavaThread "Signal Dispatcher" daemon [_thread_blocked, id=33427, stack(0x00007f325e8f8000,0x00007f325e9f8000)]
  0x00007f32840ca000 JavaThread "Service Thread" daemon [_thread_blocked, id=33428, stack(0x00007f325e7f8000,0x00007f325e8f8000)]
  0x00007f32840cc000 JavaThread "C1 CompilerThread0" daemon [_thread_blocked, id=33429, stack(0x00007f325e6f8000,0x00007f325e7f8000)]
  0x00007f32840ce000 JavaThread "Sweeper thread" daemon [_thread_blocked, id=33430, stack(0x00007f325e5f8000,0x00007f325e6f8000)]
  0x00007f3284122000 JavaThread "Common-Cleaner" daemon [_thread_blocked, id=33432, stack(0x00007f325e3f6000,0x00007f325e4f6000)]
  0x00007f3284c0e800 JavaThread "Catalina-utility-1" [_thread_blocked, id=33440, stack(0x00007f325e1f4000,0x00007f325e2f4000)]
  0x00007f3228182800 JavaThread "Catalina-utility-2" [_thread_blocked, id=33441, stack(0x00007f325d2f0000,0x00007f325d3f0000)]
  0x00007f3284c11000 JavaThread "container-0" [_thread_blocked, id=33442, stack(0x00007f325d1f0000,0x00007f325d2f0000)]
  0x00007f3284c26000 JavaThread "mysql-cj-abandoned-connection-cleanup" daemon [_thread_blocked, id=33443, stack(0x00007f325d0f0000,0x00007f325d1f0000)]
  0x00007f3284d2d800 JavaThread "HikariPool-1 housekeeper" daemon [_thread_blocked, id=33444, stack(0x00007f325cdf0000,0x00007f325cef0000)]
  0x00007f328525a000 JavaThread "http-nio-8080-exec-1" daemon [_thread_blocked, id=33447, stack(0x00007f320bd00000,0x00007f320be00000)]
  0x00007f328525b800 JavaThread "http-nio-8080-exec-2" daemon [_thread_blocked, id=33448, stack(0x00007f320bc00000,0x00007f320bd00000)]
  0x00007f328525d000 JavaThread "http-nio-8080-exec-3" daemon [_thread_blocked, id=33449, stack(0x00007f320bb00000,0x00007f320bc00000)]
=>0x00007f328525f000 JavaThread "http-nio-8080-exec-4" daemon [_thread_in_native, id=33450, stack(0x00007f320ba00000,0x00007f320bb00000)]
  0x00007f3285261800 JavaThread "http-nio-8080-exec-5" daemon [_thread_blocked, id=33451, stack(0x00007f320b900000,0x00007f320ba00000)]
  0x00007f3285263000 JavaThread "http-nio-8080-exec-6" daemon [_thread_blocked, id=33452, stack(0x00007f320b800000,0x00007f320b900000)]
  0x00007f3285265000 JavaThread "http-nio-8080-exec-7" daemon [_thread_blocked, id=33453, stack(0x00007f320b700000,0x00007f320b800000)]
  0x00007f3285267000 JavaThread "http-nio-8080-exec-8" daemon [_thread_blocked, id=33454, stack(0x00007f320b600000,0x00007f320b700000)]
  0x00007f3285269000 JavaThread "http-nio-8080-exec-9" daemon [_thread_blocked, id=33455, stack(0x00007f320b500000,0x00007f320b600000)]
  0x00007f328526b000 JavaThread "http-nio-8080-exec-10" daemon [_thread_blocked, id=33456, stack(0x00007f320b400000,0x00007f320b500000)]
  0x00007f3285272000 JavaThread "http-nio-8080-Poller" daemon [_thread_in_native, id=33457, stack(0x00007f320b300000,0x00007f320b400000)]
  0x00007f3285274000 JavaThread "http-nio-8080-Acceptor" daemon [_thread_in_native, id=33458, stack(0x00007f320b200000,0x00007f320b300000)]
  0x00007f3284017800 JavaThread "DestroyJavaVM" [_thread_blocked, id=33414, stack(0x00007f32889e1000,0x00007f3288ae1000)]
  0x00007f31f00ab800 JavaThread "process reaper" daemon [_thread_blocked, id=33499, stack(0x00007f3264009000,0x00007f326402b000)]

Other Threads:
  0x00007f32840bd800 VMThread "VM Thread" [stack: 0x00007f325f3fb000,0x00007f325f4fb000] [id=33424]
  0x00007f328411f800 WatcherThread [stack: 0x00007f325e4f8000,0x00007f325e5f8000] [id=33431]
  0x00007f3284031000 GCTaskThread "GC Thread#0" [stack: 0x00007f32886b0000,0x00007f32887b0000] [id=33419]
  0x00007f3250001000 GCTaskThread "GC Thread#1" [stack: 0x00007f325e2f6000,0x00007f325e3f6000] [id=33433]
  0x00007f3250003800 GCTaskThread "GC Thread#2" [stack: 0x00007f325def4000,0x00007f325dff4000] [id=33435]
  0x00007f3250005000 GCTaskThread "GC Thread#3" [stack: 0x00007f325ddf2000,0x00007f325def2000] [id=33436]
  0x00007f328404b800 ConcurrentGCThread "G1 Main Marker" [stack: 0x00007f326c37d000,0x00007f326c47d000] [id=33420]
  0x00007f328404d800 ConcurrentGCThread "G1 Conc#0" [stack: 0x00007f326c27b000,0x00007f326c37b000] [id=33421]
  0x00007f328408f800 ConcurrentGCThread "G1 Refine#0" [stack: 0x00007f325fdff000,0x00007f325feff000] [id=33422]
  0x00007f3284091000 ConcurrentGCThread "G1 Young RemSet Sampling" [stack: 0x00007f325fcfd000,0x00007f325fdfd000] [id=33423]

Threads with active compile tasks:

VM state:not at safepoint (normal execution)

VM Mutex/Monitor currently owned by a thread: None

Heap address: 0x00000000c4000000, size: 960 MB, Compressed Oops mode: 32-bit
Narrow klass base: 0x0000000800000000, Narrow klass shift: 3
Compressed class space size: 1073741824 Address: 0x0000000840000000

Heap:
 garbage-first heap   total 145408K, used 49455K [0x00000000c4000000, 0x0000000100000000)
  region size 1024K, 34 young (34816K), 5 survivors (5120K)
 Metaspace       used 47147K, capacity 48580K, committed 48892K, reserved 1091584K
  class space    used 6228K, capacity 6771K, committed 6908K, reserved 1048576K
Heap Regions: E=young(eden), S=young(survivor), O=old, HS=humongous(starts), HC=humongous(continues), CS=collection set, F=free, A=archive, TAMS=top-at-mark-start (previous, next)
|   0|0x00000000c4000000, 0x00000000c4100000, 0x00000000c4100000|100%|HS|  |TAMS 0x00000000c4100000, 0x00000000c4000000| Complete 
|   1|0x00000000c4100000, 0x00000000c4200000, 0x00000000c4200000|100%| O|  |TAMS 0x00000000c4200000, 0x00000000c4100000| Untracked 
|   2|0x00000000c4200000, 0x00000000c4300000, 0x00000000c4300000|100%| O|  |TAMS 0x00000000c4300000, 0x00000000c4200000| Untracked 
|   3|0x00000000c4300000, 0x00000000c4400000, 0x00000000c4400000|100%| O|  |TAMS 0x00000000c4400000, 0x00000000c4300000| Untracked 
|   4|0x00000000c4400000, 0x00000000c4500000, 0x00000000c4500000|100%| O|  |TAMS 0x00000000c4500000, 0x00000000c4400000| Untracked 
|   5|0x00000000c4500000, 0x00000000c4600000, 0x00000000c4600000|100%| O|  |TAMS 0x00000000c4600000, 0x00000000c4500000| Untracked 
|   6|0x00000000c4600000, 0x00000000c4700000, 0x00000000c4700000|100%| O|  |TAMS 0x00000000c4700000, 0x00000000c4600000| Untracked 
|   7|0x00000000c4700000, 0x00000000c4800000, 0x00000000c4800000|100%| O|  |TAMS 0x00000000c4800000, 0x00000000c4700000| Untracked 
|   8|0x00000000c4800000, 0x00000000c4900000, 0x00000000c4900000|100%| O|  |TAMS 0x00000000c4900000, 0x00000000c4800000| Untracked 
|   9|0x00000000c4900000, 0x00000000c4a00000, 0x00000000c4a00000|100%| O|  |TAMS 0x00000000c4a00000, 0x00000000c4900000| Untracked 
|  10|0x00000000c4a00000, 0x00000000c4b00000, 0x00000000c4b00000|100%| O|  |TAMS 0x00000000c4b00000, 0x00000000c4a00000| Untracked 
|  11|0x00000000c4b00000, 0x00000000c4c00000, 0x00000000c4c00000|100%| O|  |TAMS 0x00000000c4bd3600, 0x00000000c4b00000| Untracked 
|  12|0x00000000c4c00000, 0x00000000c4d00000, 0x00000000c4d00000|100%| O|  |TAMS 0x00000000c4c00000, 0x00000000c4c00000| Untracked 
|  13|0x00000000c4d00000, 0x00000000c4e00000, 0x00000000c4e00000|100%| O|  |TAMS 0x00000000c4d00000, 0x00000000c4d00000| Untracked 
|  14|0x00000000c4e00000, 0x00000000c4f00000, 0x00000000c4f00000|100%| O|  |TAMS 0x00000000c4e00000, 0x00000000c4e00000| Untracked 
|  15|0x00000000c4f00000, 0x00000000c4f99c00, 0x00000000c5000000| 60%| O|  |TAMS 0x00000000c4f00000, 0x00000000c4f00000| Untracked 
|  16|0x00000000c5000000, 0x00000000c5000000, 0x00000000c5100000|  0%| F|  |TAMS 0x00000000c5000000, 0x00000000c5000000| Untracked 
|  17|0x00000000c5100000, 0x00000000c5100000, 0x00000000c5200000|  0%| F|  |TAMS 0x00000000c5100000, 0x00000000c5100000| Untracked 
|  18|0x00000000c5200000, 0x00000000c5200000, 0x00000000c5300000|  0%| F|  |TAMS 0x00000000c5200000, 0x00000000c5200000| Untracked 
|  19|0x00000000c5300000, 0x00000000c5300000, 0x00000000c5400000|  0%| F|  |TAMS 0x00000000c5300000, 0x00000000c5300000| Untracked 
|  20|0x00000000c5400000, 0x00000000c5400000, 0x00000000c5500000|  0%| F|  |TAMS 0x00000000c5400000, 0x00000000c5400000| Untracked 
|  21|0x00000000c5500000, 0x00000000c5500000, 0x00000000c5600000|  0%| F|  |TAMS 0x00000000c5500000, 0x00000000c5500000| Untracked 
|  22|0x00000000c5600000, 0x00000000c5600000, 0x00000000c5700000|  0%| F|  |TAMS 0x00000000c5600000, 0x00000000c5600000| Untracked 
|  23|0x00000000c5700000, 0x00000000c5700000, 0x00000000c5800000|  0%| F|  |TAMS 0x00000000c5700000, 0x00000000c5700000| Untracked 
|  24|0x00000000c5800000, 0x00000000c5800000, 0x00000000c5900000|  0%| F|  |TAMS 0x00000000c5800000, 0x00000000c5800000| Untracked 
|  25|0x00000000c5900000, 0x00000000c5900000, 0x00000000c5a00000|  0%| F|  |TAMS 0x00000000c5900000, 0x00000000c5900000| Untracked 
|  26|0x00000000c5a00000, 0x00000000c5a00000, 0x00000000c5b00000|  0%| F|  |TAMS 0x00000000c5a00000, 0x00000000c5a00000| Untracked 
|  27|0x00000000c5b00000, 0x00000000c5b00000, 0x00000000c5c00000|  0%| F|  |TAMS 0x00000000c5b00000, 0x00000000c5b00000| Untracked 
|  28|0x00000000c5c00000, 0x00000000c5c00000, 0x00000000c5d00000|  0%| F|  |TAMS 0x00000000c5c00000, 0x00000000c5c00000| Untracked 
|  29|0x00000000c5d00000, 0x00000000c5d00000, 0x00000000c5e00000|  0%| F|  |TAMS 0x00000000c5d00000, 0x00000000c5d00000| Untracked 
|  30|0x00000000c5e00000, 0x00000000c5e00000, 0x00000000c5f00000|  0%| F|  |TAMS 0x00000000c5e00000, 0x00000000c5e00000| Untracked 
|  31|0x00000000c5f00000, 0x00000000c5f00000, 0x00000000c6000000|  0%| F|  |TAMS 0x00000000c5f00000, 0x00000000c5f00000| Untracked 
|  32|0x00000000c6000000, 0x00000000c6000000, 0x00000000c6100000|  0%| F|  |TAMS 0x00000000c6000000, 0x00000000c6000000| Untracked 
|  33|0x00000000c6100000, 0x00000000c6100000, 0x00000000c6200000|  0%| F|  |TAMS 0x00000000c6100000, 0x00000000c6100000| Untracked 
|  34|0x00000000c6200000, 0x00000000c6200000, 0x00000000c6300000|  0%| F|  |TAMS 0x00000000c6200000, 0x00000000c6200000| Untracked 
|  35|0x00000000c6300000, 0x00000000c6300000, 0x00000000c6400000|  0%| F|  |TAMS 0x00000000c6300000, 0x00000000c6300000| Untracked 
|  36|0x00000000c6400000, 0x00000000c6400000, 0x00000000c6500000|  0%| F|  |TAMS 0x00000000c6400000, 0x00000000c6400000| Untracked 
|  37|0x00000000c6500000, 0x00000000c6500000, 0x00000000c6600000|  0%| F|  |TAMS 0x00000000c6500000, 0x00000000c6500000| Untracked 
|  38|0x00000000c6600000, 0x00000000c6600000, 0x00000000c6700000|  0%| F|  |TAMS 0x00000000c6600000, 0x00000000c6600000| Untracked 
|  39|0x00000000c6700000, 0x00000000c6700000, 0x00000000c6800000|  0%| F|  |TAMS 0x00000000c6700000, 0x00000000c6700000| Untracked 
|  40|0x00000000c6800000, 0x00000000c6800000, 0x00000000c6900000|  0%| F|  |TAMS 0x00000000c6800000, 0x00000000c6800000| Untracked 
|  41|0x00000000c6900000, 0x00000000c6900000, 0x00000000c6a00000|  0%| F|  |TAMS 0x00000000c6900000, 0x00000000c6900000| Untracked 
|  42|0x00000000c6a00000, 0x00000000c6b00000, 0x00000000c6b00000|100%| S|CS|TAMS 0x00000000c6a00000, 0x00000000c6a00000| Complete 
|  43|0x00000000c6b00000, 0x00000000c6c00000, 0x00000000c6c00000|100%| S|CS|TAMS 0x00000000c6b00000, 0x00000000c6b00000| Complete 
|  44|0x00000000c6c00000, 0x00000000c6d00000, 0x00000000c6d00000|100%| S|CS|TAMS 0x00000000c6c00000, 0x00000000c6c00000| Complete 
|  45|0x00000000c6d00000, 0x00000000c6e00000, 0x00000000c6e00000|100%| S|CS|TAMS 0x00000000c6d00000, 0x00000000c6d00000| Complete 
|  46|0x00000000c6e00000, 0x00000000c6f00000, 0x00000000c6f00000|100%| S|CS|TAMS 0x00000000c6e00000, 0x00000000c6e00000| Complete 
|  47|0x00000000c6f00000, 0x00000000c6f00000, 0x00000000c7000000|  0%| F|  |TAMS 0x00000000c6f00000, 0x00000000c6f00000| Untracked 
|  48|0x00000000c7000000, 0x00000000c7000000, 0x00000000c7100000|  0%| F|  |TAMS 0x00000000c7000000, 0x00000000c7000000| Untracked 
|  49|0x00000000c7100000, 0x00000000c7100000, 0x00000000c7200000|  0%| F|  |TAMS 0x00000000c7100000, 0x00000000c7100000| Untracked 
|  50|0x00000000c7200000, 0x00000000c7200000, 0x00000000c7300000|  0%| F|  |TAMS 0x00000000c7200000, 0x00000000c7200000| Untracked 
|  51|0x00000000c7300000, 0x00000000c7300000, 0x00000000c7400000|  0%| F|  |TAMS 0x00000000c7300000, 0x00000000c7300000| Untracked 
|  52|0x00000000c7400000, 0x00000000c7400000, 0x00000000c7500000|  0%| F|  |TAMS 0x00000000c7400000, 0x00000000c7400000| Untracked 
|  53|0x00000000c7500000, 0x00000000c7500000, 0x00000000c7600000|  0%| F|  |TAMS 0x00000000c7500000, 0x00000000c7500000| Untracked 
|  54|0x00000000c7600000, 0x00000000c7600000, 0x00000000c7700000|  0%| F|  |TAMS 0x00000000c7600000, 0x00000000c7600000| Untracked 
|  55|0x00000000c7700000, 0x00000000c7700000, 0x00000000c7800000|  0%| F|  |TAMS 0x00000000c7700000, 0x00000000c7700000| Untracked 
|  56|0x00000000c7800000, 0x00000000c7800000, 0x00000000c7900000|  0%| F|  |TAMS 0x00000000c7800000, 0x00000000c7800000| Untracked 
|  57|0x00000000c7900000, 0x00000000c7900000, 0x00000000c7a00000|  0%| F|  |TAMS 0x00000000c7900000, 0x00000000c7900000| Untracked 
|  58|0x00000000c7a00000, 0x00000000c7a00000, 0x00000000c7b00000|  0%| F|  |TAMS 0x00000000c7a00000, 0x00000000c7a00000| Untracked 
|  59|0x00000000c7b00000, 0x00000000c7b00000, 0x00000000c7c00000|  0%| F|  |TAMS 0x00000000c7b00000, 0x00000000c7b00000| Untracked 
|  60|0x00000000c7c00000, 0x00000000c7c00000, 0x00000000c7d00000|  0%| F|  |TAMS 0x00000000c7c00000, 0x00000000c7c00000| Untracked 
|  61|0x00000000c7d00000, 0x00000000c7d00000, 0x00000000c7e00000|  0%| F|  |TAMS 0x00000000c7d00000, 0x00000000c7d00000| Untracked 
|  62|0x00000000c7e00000, 0x00000000c7e00000, 0x00000000c7f00000|  0%| F|  |TAMS 0x00000000c7e00000, 0x00000000c7e00000| Untracked 
|  63|0x00000000c7f00000, 0x00000000c7f00000, 0x00000000c8000000|  0%| F|  |TAMS 0x00000000c7f00000, 0x00000000c7f00000| Untracked 
|  64|0x00000000c8000000, 0x00000000c8000000, 0x00000000c8100000|  0%| F|  |TAMS 0x00000000c8000000, 0x00000000c8000000| Untracked 
|  65|0x00000000c8100000, 0x00000000c8100000, 0x00000000c8200000|  0%| F|  |TAMS 0x00000000c8100000, 0x00000000c8100000| Untracked 
|  66|0x00000000c8200000, 0x00000000c8200000, 0x00000000c8300000|  0%| F|  |TAMS 0x00000000c8200000, 0x00000000c8200000| Untracked 
|  67|0x00000000c8300000, 0x00000000c8300000, 0x00000000c8400000|  0%| F|  |TAMS 0x00000000c8300000, 0x00000000c8300000| Untracked 
|  68|0x00000000c8400000, 0x00000000c8400000, 0x00000000c8500000|  0%| F|  |TAMS 0x00000000c8400000, 0x00000000c8400000| Untracked 
|  69|0x00000000c8500000, 0x00000000c8500000, 0x00000000c8600000|  0%| F|  |TAMS 0x00000000c8500000, 0x00000000c8500000| Untracked 
|  70|0x00000000c8600000, 0x00000000c8600000, 0x00000000c8700000|  0%| F|  |TAMS 0x00000000c8600000, 0x00000000c8600000| Untracked 
|  71|0x00000000c8700000, 0x00000000c8700000, 0x00000000c8800000|  0%| F|  |TAMS 0x00000000c8700000, 0x00000000c8700000| Untracked 
|  72|0x00000000c8800000, 0x00000000c8800000, 0x00000000c8900000|  0%| F|  |TAMS 0x00000000c8800000, 0x00000000c8800000| Untracked 
|  73|0x00000000c8900000, 0x00000000c8900000, 0x00000000c8a00000|  0%| F|  |TAMS 0x00000000c8900000, 0x00000000c8900000| Untracked 
|  74|0x00000000c8a00000, 0x00000000c8a00000, 0x00000000c8b00000|  0%| F|  |TAMS 0x00000000c8a00000, 0x00000000c8a00000| Untracked 
|  75|0x00000000c8b00000, 0x00000000c8b00000, 0x00000000c8c00000|  0%| F|  |TAMS 0x00000000c8b00000, 0x00000000c8b00000| Untracked 
|  76|0x00000000c8c00000, 0x00000000c8c00000, 0x00000000c8d00000|  0%| F|  |TAMS 0x00000000c8c00000, 0x00000000c8c00000| Untracked 
|  77|0x00000000c8d00000, 0x00000000c8d00000, 0x00000000c8e00000|  0%| F|  |TAMS 0x00000000c8d00000, 0x00000000c8d00000| Untracked 
|  78|0x00000000c8e00000, 0x00000000c8e00000, 0x00000000c8f00000|  0%| F|  |TAMS 0x00000000c8e00000, 0x00000000c8e00000| Untracked 
|  79|0x00000000c8f00000, 0x00000000c8f00000, 0x00000000c9000000|  0%| F|  |TAMS 0x00000000c8f00000, 0x00000000c8f00000| Untracked 
|  80|0x00000000c9000000, 0x00000000c9000000, 0x00000000c9100000|  0%| F|  |TAMS 0x00000000c9000000, 0x00000000c9000000| Untracked 
|  81|0x00000000c9100000, 0x00000000c9100000, 0x00000000c9200000|  0%| F|  |TAMS 0x00000000c9100000, 0x00000000c9100000| Untracked 
|  82|0x00000000c9200000, 0x00000000c9200000, 0x00000000c9300000|  0%| F|  |TAMS 0x00000000c9200000, 0x00000000c9200000| Untracked 
|  83|0x00000000c9300000, 0x00000000c9300000, 0x00000000c9400000|  0%| F|  |TAMS 0x00000000c9300000, 0x00000000c9300000| Untracked 
|  84|0x00000000c9400000, 0x00000000c9400000, 0x00000000c9500000|  0%| F|  |TAMS 0x00000000c9400000, 0x00000000c9400000| Untracked 
|  85|0x00000000c9500000, 0x00000000c9500000, 0x00000000c9600000|  0%| F|  |TAMS 0x00000000c9500000, 0x00000000c9500000| Untracked 
|  86|0x00000000c9600000, 0x00000000c9600000, 0x00000000c9700000|  0%| F|  |TAMS 0x00000000c9600000, 0x00000000c9600000| Untracked 
|  87|0x00000000c9700000, 0x00000000c9700000, 0x00000000c9800000|  0%| F|  |TAMS 0x00000000c9700000, 0x00000000c9700000| Untracked 
|  88|0x00000000c9800000, 0x00000000c9800000, 0x00000000c9900000|  0%| F|  |TAMS 0x00000000c9800000, 0x00000000c9800000| Untracked 
|  89|0x00000000c9900000, 0x00000000c9900000, 0x00000000c9a00000|  0%| F|  |TAMS 0x00000000c9900000, 0x00000000c9900000| Untracked 
|  90|0x00000000c9a00000, 0x00000000c9a00000, 0x00000000c9b00000|  0%| F|  |TAMS 0x00000000c9a00000, 0x00000000c9a00000| Untracked 
|  91|0x00000000c9b00000, 0x00000000c9b00000, 0x00000000c9c00000|  0%| F|  |TAMS 0x00000000c9b00000, 0x00000000c9b00000| Untracked 
|  92|0x00000000c9c00000, 0x00000000c9c00000, 0x00000000c9d00000|  0%| F|  |TAMS 0x00000000c9c00000, 0x00000000c9c00000| Untracked 
|  93|0x00000000c9d00000, 0x00000000c9d00000, 0x00000000c9e00000|  0%| F|  |TAMS 0x00000000c9d00000, 0x00000000c9d00000| Untracked 
|  94|0x00000000c9e00000, 0x00000000c9e00000, 0x00000000c9f00000|  0%| F|  |TAMS 0x00000000c9e00000, 0x00000000c9e00000| Untracked 
|  95|0x00000000c9f00000, 0x00000000c9f00000, 0x00000000ca000000|  0%| F|  |TAMS 0x00000000c9f00000, 0x00000000c9f00000| Untracked 
|  96|0x00000000ca000000, 0x00000000ca000000, 0x00000000ca100000|  0%| F|  |TAMS 0x00000000ca000000, 0x00000000ca000000| Untracked 
|  97|0x00000000ca100000, 0x00000000ca100000, 0x00000000ca200000|  0%| F|  |TAMS 0x00000000ca100000, 0x00000000ca100000| Untracked 
|  98|0x00000000ca200000, 0x00000000ca200000, 0x00000000ca300000|  0%| F|  |TAMS 0x00000000ca200000, 0x00000000ca200000| Untracked 
|  99|0x00000000ca300000, 0x00000000ca300000, 0x00000000ca400000|  0%| F|  |TAMS 0x00000000ca300000, 0x00000000ca300000| Untracked 
| 100|0x00000000ca400000, 0x00000000ca400000, 0x00000000ca500000|  0%| F|  |TAMS 0x00000000ca400000, 0x00000000ca400000| Untracked 
| 101|0x00000000ca500000, 0x00000000ca500000, 0x00000000ca600000|  0%| F|  |TAMS 0x00000000ca500000, 0x00000000ca500000| Untracked 
| 102|0x00000000ca600000, 0x00000000ca600000, 0x00000000ca700000|  0%| F|  |TAMS 0x00000000ca600000, 0x00000000ca600000| Untracked 
| 103|0x00000000ca700000, 0x00000000ca700000, 0x00000000ca800000|  0%| F|  |TAMS 0x00000000ca700000, 0x00000000ca700000| Untracked 
| 104|0x00000000ca800000, 0x00000000ca800000, 0x00000000ca900000|  0%| F|  |TAMS 0x00000000ca800000, 0x00000000ca800000| Untracked 
| 105|0x00000000ca900000, 0x00000000ca900000, 0x00000000caa00000|  0%| F|  |TAMS 0x00000000ca900000, 0x00000000ca900000| Untracked 
| 106|0x00000000caa00000, 0x00000000caa00000, 0x00000000cab00000|  0%| F|  |TAMS 0x00000000caa00000, 0x00000000caa00000| Untracked 
| 107|0x00000000cab00000, 0x00000000cab00000, 0x00000000cac00000|  0%| F|  |TAMS 0x00000000cab00000, 0x00000000cab00000| Untracked 
| 108|0x00000000cac00000, 0x00000000cac00000, 0x00000000cad00000|  0%| F|  |TAMS 0x00000000cac00000, 0x00000000cac00000| Untracked 
| 109|0x00000000cad00000, 0x00000000cad00000, 0x00000000cae00000|  0%| F|  |TAMS 0x00000000cad00000, 0x00000000cad00000| Untracked 
| 110|0x00000000cae00000, 0x00000000cae00000, 0x00000000caf00000|  0%| F|  |TAMS 0x00000000cae00000, 0x00000000cae00000| Untracked 
| 111|0x00000000caf00000, 0x00000000caf7b678, 0x00000000cb000000| 48%| E|  |TAMS 0x00000000caf00000, 0x00000000caf00000| Complete 
| 112|0x00000000cb000000, 0x00000000cb100000, 0x00000000cb100000|100%| E|CS|TAMS 0x00000000cb000000, 0x00000000cb000000| Complete 
| 113|0x00000000cb100000, 0x00000000cb200000, 0x00000000cb200000|100%| E|CS|TAMS 0x00000000cb100000, 0x00000000cb100000| Complete 
| 114|0x00000000cb200000, 0x00000000cb300000, 0x00000000cb300000|100%| E|CS|TAMS 0x00000000cb200000, 0x00000000cb200000| Complete 
| 115|0x00000000cb300000, 0x00000000cb400000, 0x00000000cb400000|100%| E|CS|TAMS 0x00000000cb300000, 0x00000000cb300000| Complete 
| 116|0x00000000cb400000, 0x00000000cb500000, 0x00000000cb500000|100%| E|CS|TAMS 0x00000000cb400000, 0x00000000cb400000| Complete 
| 117|0x00000000cb500000, 0x00000000cb600000, 0x00000000cb600000|100%| E|CS|TAMS 0x00000000cb500000, 0x00000000cb500000| Complete 
| 118|0x00000000cb600000, 0x00000000cb700000, 0x00000000cb700000|100%| E|CS|TAMS 0x00000000cb600000, 0x00000000cb600000| Complete 
| 119|0x00000000cb700000, 0x00000000cb800000, 0x00000000cb800000|100%| E|CS|TAMS 0x00000000cb700000, 0x00000000cb700000| Complete 
| 120|0x00000000cb800000, 0x00000000cb900000, 0x00000000cb900000|100%| E|CS|TAMS 0x00000000cb800000, 0x00000000cb800000| Complete 
| 121|0x00000000cb900000, 0x00000000cba00000, 0x00000000cba00000|100%| E|CS|TAMS 0x00000000cb900000, 0x00000000cb900000| Complete 
| 122|0x00000000cba00000, 0x00000000cbb00000, 0x00000000cbb00000|100%| E|CS|TAMS 0x00000000cba00000, 0x00000000cba00000| Complete 
| 123|0x00000000cbb00000, 0x00000000cbc00000, 0x00000000cbc00000|100%| E|CS|TAMS 0x00000000cbb00000, 0x00000000cbb00000| Complete 
| 124|0x00000000cbc00000, 0x00000000cbd00000, 0x00000000cbd00000|100%| E|CS|TAMS 0x00000000cbc00000, 0x00000000cbc00000| Complete 
| 125|0x00000000cbd00000, 0x00000000cbe00000, 0x00000000cbe00000|100%| E|CS|TAMS 0x00000000cbd00000, 0x00000000cbd00000| Complete 
| 126|0x00000000cbe00000, 0x00000000cbf00000, 0x00000000cbf00000|100%| E|CS|TAMS 0x00000000cbe00000, 0x00000000cbe00000| Complete 
| 127|0x00000000cbf00000, 0x00000000cc000000, 0x00000000cc000000|100%| E|CS|TAMS 0x00000000cbf00000, 0x00000000cbf00000| Complete 
| 128|0x00000000cc000000, 0x00000000cc100000, 0x00000000cc100000|100%| E|CS|TAMS 0x00000000cc000000, 0x00000000cc000000| Complete 
| 129|0x00000000cc100000, 0x00000000cc200000, 0x00000000cc200000|100%| E|CS|TAMS 0x00000000cc100000, 0x00000000cc100000| Complete 
| 130|0x00000000cc200000, 0x00000000cc300000, 0x00000000cc300000|100%| E|CS|TAMS 0x00000000cc200000, 0x00000000cc200000| Complete 
| 131|0x00000000cc300000, 0x00000000cc400000, 0x00000000cc400000|100%| E|CS|TAMS 0x00000000cc300000, 0x00000000cc300000| Complete 
| 132|0x00000000cc400000, 0x00000000cc500000, 0x00000000cc500000|100%| E|  |TAMS 0x00000000cc400000, 0x00000000cc400000| Complete 
| 133|0x00000000cc500000, 0x00000000cc600000, 0x00000000cc600000|100%| E|CS|TAMS 0x00000000cc500000, 0x00000000cc500000| Complete 
| 134|0x00000000cc600000, 0x00000000cc700000, 0x00000000cc700000|100%| E|CS|TAMS 0x00000000cc600000, 0x00000000cc600000| Complete 
| 135|0x00000000cc700000, 0x00000000cc800000, 0x00000000cc800000|100%| E|CS|TAMS 0x00000000cc700000, 0x00000000cc700000| Complete 
| 136|0x00000000cc800000, 0x00000000cc900000, 0x00000000cc900000|100%| E|CS|TAMS 0x00000000cc800000, 0x00000000cc800000| Complete 
| 137|0x00000000cc900000, 0x00000000cca00000, 0x00000000cca00000|100%| E|CS|TAMS 0x00000000cc900000, 0x00000000cc900000| Complete 
| 138|0x00000000cca00000, 0x00000000ccb00000, 0x00000000ccb00000|100%| E|CS|TAMS 0x00000000cca00000, 0x00000000cca00000| Complete 
| 139|0x00000000ccb00000, 0x00000000ccc00000, 0x00000000ccc00000|100%| E|CS|TAMS 0x00000000ccb00000, 0x00000000ccb00000| Complete 
| 958|0x00000000ffe00000, 0x00000000ffe47000, 0x00000000fff00000| 27%|OA|  |TAMS 0x00000000ffe47000, 0x00000000ffe00000| Untracked 
| 959|0x00000000fff00000, 0x00000000fff6b000, 0x0000000100000000| 41%|CA|  |TAMS 0x00000000fff6b000, 0x00000000fff00000| Untracked 

Card table byte_map: [0x00007f326c65d000,0x00007f326c83d000] _byte_map_base: 0x00007f326c03d000

Marking Bits (Prev, Next): (CMBitMap*) 0x00007f3284046f68, (CMBitMap*) 0x00007f3284046fa0
 Prev Bits: [0x00007f3267100000, 0x00007f3268000000)
 Next Bits: [0x00007f3266200000, 0x00007f3267100000)

Polling page: 0x00007f328a319000

Metaspace:

Usage:
  Non-class:     40,83 MB capacity,    39,96 MB ( 98%) used,   722,70 KB (  2%) free+waste,   167,12 KB ( <1%) overhead. 
      Class:      6,61 MB capacity,     6,08 MB ( 92%) used,   460,29 KB (  7%) free+waste,    82,62 KB (  1%) overhead. 
       Both:     47,44 MB capacity,    46,04 MB ( 97%) used,     1,16 MB (  2%) free+waste,   249,75 KB ( <1%) overhead. 

Virtual space:
  Non-class space:       42,00 MB reserved,      41,00 MB ( 98%) committed 
      Class space:        1,00 GB reserved,       6,75 MB ( <1%) committed 
             Both:        1,04 GB reserved,      47,75 MB (  4%) committed 

Chunk freelists:
   Non-Class:  47,00 KB
       Class:  13,00 KB
        Both:  60,00 KB

MaxMetaspaceSize: unlimited
CompressedClassSpaceSize: 1,00 GB
Initial GC threshold: 20,80 MB
Current GC threshold: 58,95 MB
CDS: on

CodeHeap 'non-profiled nmethods': size=238948Kb used=6109Kb max_used=6109Kb free=232838Kb
 bounds [0x00007f326cee4000, 0x00007f326d4e4000, 0x00007f327b83d000]
CodeHeap 'non-nmethods': size=6812Kb used=1285Kb max_used=1285Kb free=5526Kb
 bounds [0x00007f326c83d000, 0x00007f326caad000, 0x00007f326cee4000]
 total_blobs=4501 nmethods=3914 adapters=515
 compilation: enabled
              stopped_count=0, restarted_count=0
 full_count=0

Compilation events (20 events):
Event: 29,395 Thread 0x00007f32840cc000 nmethod 3897 0x00007f326d4cb610 code [0x00007f326d4cb8a0, 0x00007f326d4cc1e0]
Event: 29,395 Thread 0x00007f32840cc000 3898       1       com.fasterxml.jackson.databind.cfg.BaseSettings::getAnnotationIntrospector (5 bytes)
Event: 29,395 Thread 0x00007f32840cc000 nmethod 3898 0x00007f326d4cc690 code [0x00007f326d4cc840, 0x00007f326d4cc910]
Event: 29,399 Thread 0x00007f32840cc000 3899   !   1       java.util.concurrent.ConcurrentHashMap::computeIfAbsent (576 bytes)
Event: 29,400 Thread 0x00007f32840cc000 nmethod 3899 0x00007f326d4cc990 code [0x00007f326d4ccca0, 0x00007f326d4ce240]
Event: 29,400 Thread 0x00007f32840cc000 3900       1       jdk.internal.loader.BuiltinClassLoader::getAndVerifyPackage (109 bytes)
Event: 29,401 Thread 0x00007f32840cc000 nmethod 3900 0x00007f326d4ced90 code [0x00007f326d4cf060, 0x00007f326d4cfaa0]
Event: 29,401 Thread 0x00007f32840cc000 3901       1       java.lang.ClassLoader::getDefinedPackage (35 bytes)
Event: 29,401 Thread 0x00007f32840cc000 nmethod 3901 0x00007f326d4d0010 code [0x00007f326d4d01e0, 0x00007f326d4d0440]
Event: 29,401 Thread 0x00007f32840cc000 3902       1       java.lang.ClassLoader::definePackage (84 bytes)
Event: 29,402 Thread 0x00007f32840cc000 nmethod 3902 0x00007f326d4d0590 code [0x00007f326d4d07e0, 0x00007f326d4d0e70]
Event: 29,414 Thread 0x00007f32840cc000 3907       1       jdk.internal.org.objectweb.asm.ClassWriter::newConstItem (320 bytes)
Event: 29,415 Thread 0x00007f32840cc000 nmethod 3907 0x00007f326d4d2710 code [0x00007f326d4d2ac0, 0x00007f326d4d3d10]
Event: 29,416 Thread 0x00007f32840cc000 3911   !   1       java.io.BufferedReader::readLine (304 bytes)
Event: 29,417 Thread 0x00007f32840cc000 nmethod 3911 0x00007f326d4d4610 code [0x00007f326d4d48a0, 0x00007f326d4d5420]
Event: 29,417 Thread 0x00007f32840cc000 3912       1       java.io.BufferedReader::readLine (6 bytes)
Event: 29,421 Thread 0x00007f32840cc000 nmethod 3912 0x00007f326d4d5d10 code [0x00007f326d4d5ec0, 0x00007f326d4d5fc0]
Event: 29,424 Thread 0x00007f32840cc000 3913       1       com.sun.jna.NativeLibrary$2::accept (88 bytes)
Event: 29,424 Thread 0x00007f32840cc000 nmethod 3913 0x00007f326d4d6090 code [0x00007f326d4d6300, 0x00007f326d4d6980]
Event: 29,428 Thread 0x00007f32840cc000 3914   !   1       java.lang.reflect.ProxyGenerator::generateClassFile (691 bytes)

GC Heap History (18 events):
Event: 0,230 GC heap before
{Heap before GC invocations=0 (full 0):
 garbage-first heap   total 63488K, used 16072K [0x00000000c4000000, 0x0000000100000000)
  region size 1024K, 14 young (14336K), 0 survivors (0K)
 Metaspace       used 2860K, capacity 6090K, committed 6272K, reserved 1056768K
  class space    used 321K, capacity 587K, committed 640K, reserved 1048576K
}
Event: 0,236 GC heap after
{Heap after GC invocations=1 (full 0):
 garbage-first heap   total 63488K, used 6156K [0x00000000c4000000, 0x0000000100000000)
  region size 1024K, 2 young (2048K), 2 survivors (2048K)
 Metaspace       used 2860K, capacity 6090K, committed 6272K, reserved 1056768K
  class space    used 321K, capacity 587K, committed 640K, reserved 1048576K
}
Event: 0,347 GC heap before
{Heap before GC invocations=1 (full 0):
 garbage-first heap   total 63488K, used 16396K [0x00000000c4000000, 0x0000000100000000)
  region size 1024K, 12 young (12288K), 2 survivors (2048K)
 Metaspace       used 4871K, capacity 7528K, committed 7808K, reserved 1056768K
  class space    used 633K, capacity 863K, committed 896K, reserved 1048576K
}
Event: 0,353 GC heap after
{Heap after GC invocations=2 (full 0):
 garbage-first heap   total 63488K, used 7261K [0x00000000c4000000, 0x0000000100000000)
  region size 1024K, 1 young (1024K), 1 survivors (1024K)
 Metaspace       used 4871K, capacity 7528K, committed 7808K, reserved 1056768K
  class space    used 633K, capacity 863K, committed 896K, reserved 1048576K
}
Event: 0,490 GC heap before
{Heap before GC invocations=2 (full 0):
 garbage-first heap   total 63488K, used 28765K [0x00000000c4000000, 0x0000000100000000)
  region size 1024K, 23 young (23552K), 1 survivors (1024K)
 Metaspace       used 8865K, capacity 10958K, committed 11264K, reserved 1058816K
  class space    used 1186K, capacity 1424K, committed 1536K, reserved 1048576K
}
Event: 0,493 GC heap after
{Heap after GC invocations=3 (full 0):
 garbage-first heap   total 63488K, used 8220K [0x00000000c4000000, 0x0000000100000000)
  region size 1024K, 2 young (2048K), 2 survivors (2048K)
 Metaspace       used 8865K, capacity 10958K, committed 11264K, reserved 1058816K
  class space    used 1186K, capacity 1424K, committed 1536K, reserved 1048576K
}
Event: 0,621 GC heap before
{Heap before GC invocations=3 (full 0):
 garbage-first heap   total 63488K, used 32796K [0x00000000c4000000, 0x0000000100000000)
  region size 1024K, 26 young (26624K), 2 survivors (2048K)
 Metaspace       used 12735K, capacity 14476K, committed 14720K, reserved 1062912K
  class space    used 1667K, capacity 1897K, committed 1920K, reserved 1048576K
}
Event: 0,637 GC heap after
{Heap after GC invocations=4 (full 0):
 garbage-first heap   total 63488K, used 9268K [0x00000000c4000000, 0x0000000100000000)
  region size 1024K, 3 young (3072K), 3 survivors (3072K)
 Metaspace       used 12735K, capacity 14476K, committed 14720K, reserved 1062912K
  class space    used 1667K, capacity 1897K, committed 1920K, reserved 1048576K
}
Event: 0,841 GC heap before
{Heap before GC invocations=4 (full 0):
 garbage-first heap   total 63488K, used 35892K [0x00000000c4000000, 0x0000000100000000)
  region size 1024K, 29 young (29696K), 3 survivors (3072K)
 Metaspace       used 14469K, capacity 16251K, committed 16512K, reserved 1062912K
  class space    used 1922K, capacity 2170K, committed 2176K, reserved 1048576K
}
Event: 0,846 GC heap after
{Heap after GC invocations=5 (full 0):
 garbage-first heap   total 109568K, used 10581K [0x00000000c4000000, 0x0000000100000000)
  region size 1024K, 3 young (3072K), 3 survivors (3072K)
 Metaspace       used 14469K, capacity 16251K, committed 16512K, reserved 1062912K
  class space    used 1922K, capacity 2170K, committed 2176K, reserved 1048576K
}
Event: 1,154 GC heap before
{Heap before GC invocations=5 (full 0):
 garbage-first heap   total 109568K, used 48469K [0x00000000c4000000, 0x0000000100000000)
  region size 1024K, 41 young (41984K), 3 survivors (3072K)
 Metaspace       used 19820K, capacity 21180K, committed 21248K, reserved 1067008K
  class space    used 2688K, capacity 3043K, committed 3072K, reserved 1048576K
}
Event: 1,161 GC heap after
{Heap after GC invocations=6 (full 0):
 garbage-first heap   total 109568K, used 12964K [0x00000000c4000000, 0x0000000100000000)
  region size 1024K, 5 young (5120K), 5 survivors (5120K)
 Metaspace       used 19820K, capacity 21180K, committed 21248K, reserved 1067008K
  class space    used 2688K, capacity 3043K, committed 3072K, reserved 1048576K
}
Event: 1,465 GC heap before
{Heap before GC invocations=7 (full 0):
 garbage-first heap   total 109568K, used 66212K [0x00000000c4000000, 0x0000000100000000)
  region size 1024K, 57 young (58368K), 5 survivors (5120K)
 Metaspace       used 28092K, capacity 29201K, committed 29564K, reserved 1075200K
  class space    used 3670K, capacity 4091K, committed 4220K, reserved 1048576K
}
Event: 1,473 GC heap after
{Heap after GC invocations=8 (full 0):
 garbage-first heap   total 109568K, used 16874K [0x00000000c4000000, 0x0000000100000000)
  region size 1024K, 8 young (8192K), 8 survivors (8192K)
 Metaspace       used 28092K, capacity 29201K, committed 29564K, reserved 1075200K
  class space    used 3670K, capacity 4091K, committed 4220K, reserved 1048576K
}
Event: 1,677 GC heap before
{Heap before GC invocations=8 (full 0):
 garbage-first heap   total 109568K, used 52714K [0x00000000c4000000, 0x0000000100000000)
  region size 1024K, 44 young (45056K), 8 survivors (8192K)
 Metaspace       used 34704K, capacity 35793K, committed 35964K, reserved 1079296K
  class space    used 4673K, capacity 5114K, committed 5244K, reserved 1048576K
}
Event: 1,685 GC heap after
{Heap after GC invocations=9 (full 0):
 garbage-first heap   total 109568K, used 18912K [0x00000000c4000000, 0x0000000100000000)
  region size 1024K, 6 young (6144K), 6 survivors (6144K)
 Metaspace       used 34704K, capacity 35793K, committed 35964K, reserved 1079296K
  class space    used 4673K, capacity 5114K, committed 5244K, reserved 1048576K
}
Event: 13,972 GC heap before
{Heap before GC invocations=10 (full 0):
 garbage-first heap   total 109568K, used 72160K [0x00000000c4000000, 0x0000000100000000)
  region size 1024K, 58 young (59392K), 6 survivors (6144K)
 Metaspace       used 41065K, capacity 42429K, committed 42492K, reserved 1085440K
  class space    used 5588K, capacity 6104K, committed 6140K, reserved 1048576K
}
Event: 13,982 GC heap after
{Heap after GC invocations=11 (full 0):
 garbage-first heap   total 145408K, used 21807K [0x00000000c4000000, 0x0000000100000000)
  region size 1024K, 5 young (5120K), 5 survivors (5120K)
 Metaspace       used 41065K, capacity 42429K, committed 42492K, reserved 1085440K
  class space    used 5588K, capacity 6104K, committed 6140K, reserved 1048576K
}

Deoptimization events (6 events):
Event: 1,953 Thread 0x00007f3284017800 DEOPT PACKING pc=0x00007f326d15dc25 sp=0x00007f3288ade360
Event: 1,953 Thread 0x00007f3284017800 DEOPT UNPACKING pc=0x00007f326c88764a sp=0x00007f3288add888 mode 3
Event: 1,953 Thread 0x00007f3284017800 DEOPT PACKING pc=0x00007f326d15936e sp=0x00007f3288ade320
Event: 1,953 Thread 0x00007f3284017800 DEOPT UNPACKING pc=0x00007f326c88764a sp=0x00007f3288add888 mode 3
Event: 14,203 Thread 0x00007f328525d000 DEOPT PACKING pc=0x00007f326cf820bc sp=0x00007f320bbfb770
Event: 14,203 Thread 0x00007f328525d000 DEOPT UNPACKING pc=0x00007f326c88764a sp=0x00007f320bbfaca8 mode 0

Classes redefined (0 events):
No events

Internal exceptions (20 events):
Event: 1,829 Thread 0x00007f3284017800 Exception <a 'java/lang/ClassNotFoundException'{0x00000000c9150ad8}: org/springframework/context/ApplicationContextAwareCustomizer> (0x00000000c9150ad8) thrown at [./src/hotspot/share/classfile/systemDictionary.cpp, line 230]
Event: 1,829 Thread 0x00007f3284017800 Exception <a 'java/lang/ClassNotFoundException'{0x00000000c9162dd8}: org/springframework/beans/factory/AwareCustomizer> (0x00000000c9162dd8) thrown at [./src/hotspot/share/classfile/systemDictionary.cpp, line 230]
Event: 1,829 Thread 0x00007f3284017800 Exception <a 'java/lang/ClassNotFoundException'{0x00000000c9175320}: org/springframework/web/context/ServletContextAwareCustomizer> (0x00000000c9175320) thrown at [./src/hotspot/share/classfile/systemDictionary.cpp, line 230]
Event: 1,830 Thread 0x00007f3284017800 Exception <a 'java/lang/ClassNotFoundException'{0x00000000c9187350}: org/springframework/beans/factory/AwareCustomizer> (0x00000000c9187350) thrown at [./src/hotspot/share/classfile/systemDictionary.cpp, line 230]
Event: 1,890 Thread 0x00007f3284017800 Exception <a 'java/lang/NoSuchMethodError'{0x00000000c885d4c8}: 'void java.lang.invoke.DirectMethodHandle$Holder.invokeVirtual(java.lang.Object, java.lang.Object, int)'> (0x00000000c885d4c8) thrown at [./src/hotspot/share/interpreter/linkResolver.cpp, line 772]
Event: 1,891 Thread 0x00007f3284017800 Exception <a 'java/lang/NoSuchMethodError'{0x00000000c88772c0}: 'void java.lang.invoke.DirectMethodHandle$Holder.invokeVirtual(java.lang.Object, java.lang.Object, long)'> (0x00000000c88772c0) thrown at [./src/hotspot/share/interpreter/linkResolver.cpp, line 772]
Event: 1,936 Thread 0x00007f3284017800 Exception <a 'java/lang/IncompatibleClassChangeError'{0x00000000c7c38130}: Found class java.lang.Object, but interface was expected> (0x00000000c7c38130) thrown at [./src/hotspot/share/interpreter/linkResolver.cpp, line 839]
Event: 1,949 Thread 0x00007f3284017800 Exception <a 'java/lang/NoSuchMethodError'{0x00000000c7ba4be0}: 'int java.lang.invoke.DirectMethodHandle$Holder.invokeStaticInit(java.lang.Object, java.lang.Object, java.lang.Object, java.lang.Object)'> (0x00000000c7ba4be0) thrown at [./src/hotspot/share/interpreter/linkResolver.cpp, line 772]
Event: 1,985 Thread 0x00007f3284017800 Exception <a 'java/lang/NoSuchMethodError'{0x00000000c766df90}: 'java.lang.Object java.lang.invoke.DirectMethodHandle$Holder.invokeSpecial(java.lang.Object, java.lang.Object, int, java.lang.Object, int, java.lang.Object)'> (0x00000000c766df90) thrown at [./src/hotspot/share/interpreter/linkResolver.cpp, line 772]
Event: 1,986 Thread 0x00007f3284017800 Exception <a 'java/lang/NoSuchMethodError'{0x00000000c7675478}: 'java.lang.Object java.lang.invoke.DirectMethodHandle$Holder.invokeStatic(java.lang.Object, java.lang.Object, int, java.lang.Object, int)'> (0x00000000c7675478) thrown at [./src/hotspot/share/interpreter/linkResolver.cpp, line 772]
Event: 1,986 Thread 0x00007f3284017800 Exception <a 'java/lang/NoSuchMethodError'{0x00000000c7678c58}: 'java.lang.Object java.lang.invoke.DirectMethodHandle$Holder.invokeSpecial(java.lang.Object, java.lang.Object, java.lang.Object, int, java.lang.Object, int)'> (0x00000000c7678c58) thrown at [./src/hotspot/share/interpreter/linkResolver.cpp, line 772]
Event: 1,986 Thread 0x00007f3284017800 Exception <a 'java/lang/NoSuchMethodError'{0x00000000c76836f0}: 'void java.lang.invoke.DirectMethodHandle$Holder.invokeVirtual(java.lang.Object, java.lang.Object)'> (0x00000000c76836f0) thrown at [./src/hotspot/share/interpreter/linkResolver.cpp, line 772]
Event: 14,173 Thread 0x00007f328525d000 Exception <a 'java/lang/NoSuchMethodError'{0x00000000cbcf0850}: 'java.lang.Object java.lang.invoke.DirectMethodHandle$Holder.invokeStaticInit(java.lang.Object, java.lang.Object, java.lang.Object, java.lang.Object, java.lang.Object, java.lang.Object)'> (0x00000000cbcf0850) thrown at [./src/hotspot/share/interpreter/linkResolver.cpp, line 772]
Event: 29,414 Thread 0x00007f328525f000 Exception <a 'java/lang/NoSuchMethodError'{0x00000000cb11bd90}: 'java.lang.Object java.lang.invoke.DirectMethodHandle$Holder.invokeStaticInit(java.lang.Object, java.lang.Object, long, java.lang.Object)'> (0x00000000cb11bd90) thrown at [./src/hotspot/share/interpreter/linkResolver.cpp, line 772]
Event: 29,414 Thread 0x00007f328525f000 Exception <a 'java/lang/NoSuchMethodError'{0x00000000cb127e00}: 'java.lang.Object java.lang.invoke.Invokers$Holder.linkToTargetMethod(java.lang.Object, long, java.lang.Object)'> (0x00000000cb127e00) thrown at [./src/hotspot/share/interpreter/linkResolver.cpp, line 772]
Event: 29,414 Thread 0x00007f328525f000 Exception <a 'java/lang/NoSuchMethodError'{0x00000000cb12e8b8}: 'java.lang.Object java.lang.invoke.DirectMethodHandle$Holder.invokeStatic(java.lang.Object, java.lang.Object, java.lang.Object, int)'> (0x00000000cb12e8b8) thrown at [./src/hotspot/share/interpreter/linkResolver.cpp, line 772]
Event: 29,415 Thread 0x00007f328525f000 Exception <a 'java/lang/NoSuchMethodError'{0x00000000cb132528}: 'java.lang.Object java.lang.invoke.DirectMethodHandle$Holder.invokeSpecial(java.lang.Object, java.lang.Object, java.lang.Object, java.lang.Object, int)'> (0x00000000cb132528) thrown at [./src/hotspot/share/interpreter/linkResolver.cpp, line 772]
Event: 29,415 Thread 0x00007f328525f000 Exception <a 'java/lang/NoSuchMethodError'{0x00000000cb135838}: 'java.lang.Object java.lang.invoke.Invokers$Holder.linkToTargetMethod(java.lang.Object, java.lang.Object, int, java.lang.Object)'> (0x00000000cb135838) thrown at [./src/hotspot/share/interpreter/linkResolver.cpp, line 772]
Event: 29,422 Thread 0x00007f328525f000 Exception <a 'java/lang/UnsatisfiedLinkError'{0x00000000cb1a8758}: libargon2.so: no se puede abrir el archivo del objeto compartido: No existe el archivo o el directorio> (0x00000000cb1a8758) thrown at [./src/hotspot/share/prims/jni.cpp, line 637]
Event: 29,422 Thread 0x00007f328525f000 Exception <a 'java/lang/UnsatisfiedLinkError'{0x00000000cb1a9b08}: libargon2.so: no se puede abrir el archivo del objeto compartido: No existe el archivo o el directorio> (0x00000000cb1a9b08) thrown at [./src/hotspot/share/prims/jni.cpp, line 637]

Events (20 events):
Event: 29,428 loading class com/sun/jna/VarArgsChecker
Event: 29,428 loading class com/sun/jna/VarArgsChecker done
Event: 29,428 loading class com/sun/jna/VarArgsChecker$RealVarArgsChecker
Event: 29,428 loading class com/sun/jna/VarArgsChecker$RealVarArgsChecker done
Event: 29,429 loading class com/sun/jna/Library$Handler$FunctionInfo
Event: 29,429 loading class com/sun/jna/Library$Handler$FunctionInfo done
Event: 29,429 loading class com/sun/jna/NativeMappedConverter
Event: 29,429 loading class com/sun/jna/NativeMappedConverter done
Event: 29,429 loading class com/sun/jna/TypeConverter
Event: 29,429 loading class com/sun/jna/TypeConverter done
Event: 29,429 loading class com/sun/jna/FromNativeConverter
Event: 29,429 loading class com/sun/jna/FromNativeConverter done
Event: 29,429 loading class com/sun/jna/ToNativeConverter
Event: 29,429 loading class com/sun/jna/ToNativeConverter done
Event: 29,429 loading class com/sun/jna/MethodParameterContext
Event: 29,429 loading class com/sun/jna/MethodParameterContext done
Event: 29,429 loading class com/sun/jna/FunctionParameterContext
Event: 29,429 loading class com/sun/jna/FunctionParameterContext done
Event: 29,429 loading class com/sun/jna/ToNativeContext
Event: 29,429 loading class com/sun/jna/ToNativeContext done


Dynamic libraries:
c4000000-ccc00000 rw-p 00000000 00:00 0 
ccc00000-ffe00000 ---p 00000000 00:00 0 
ffe00000-ffe47000 rw-p 01118000 08:05 14290596                           /usr/lib/jvm/java-11-openjdk-amd64/lib/server/classes.jsa
ffe47000-fff00000 rw-p 00000000 00:00 0 
fff00000-fff6b000 rw-p 010ad000 08:05 14290596                           /usr/lib/jvm/java-11-openjdk-amd64/lib/server/classes.jsa
fff6b000-100000000 rw-p 00000000 00:00 0 
800000000-800002000 rwxp 00001000 08:05 14290596                         /usr/lib/jvm/java-11-openjdk-amd64/lib/server/classes.jsa
800002000-8003cb000 rw-p 00003000 08:05 14290596                         /usr/lib/jvm/java-11-openjdk-amd64/lib/server/classes.jsa
8003cb000-800a99000 r--p 003cc000 08:05 14290596                         /usr/lib/jvm/java-11-openjdk-amd64/lib/server/classes.jsa
800a99000-800a9a000 rw-p 00a9a000 08:05 14290596                         /usr/lib/jvm/java-11-openjdk-amd64/lib/server/classes.jsa
800a9a000-8010ac000 r--p 00a9b000 08:05 14290596                         /usr/lib/jvm/java-11-openjdk-amd64/lib/server/classes.jsa
840000000-8406bf000 rw-p 00000000 00:00 0 
8406bf000-880000000 ---p 00000000 00:00 0 
55ec5ec8e000-55ec5ec8f000 r--p 00000000 08:05 12978824                   /usr/lib/jvm/java-11-openjdk-amd64/bin/java
55ec5ec8f000-55ec5ec90000 r-xp 00001000 08:05 12978824                   /usr/lib/jvm/java-11-openjdk-amd64/bin/java
55ec5ec90000-55ec5ec91000 r--p 00002000 08:05 12978824                   /usr/lib/jvm/java-11-openjdk-amd64/bin/java
55ec5ec91000-55ec5ec92000 r--p 00002000 08:05 12978824                   /usr/lib/jvm/java-11-openjdk-amd64/bin/java
55ec5ec92000-55ec5ec93000 rw-p 00003000 08:05 12978824                   /usr/lib/jvm/java-11-openjdk-amd64/bin/java
55ec608a8000-55ec608c9000 rw-p 00000000 00:00 0                          [heap]
7f31e8000000-7f31e8021000 rw-p 00000000 00:00 0 
7f31e8021000-7f31ec000000 ---p 00000000 00:00 0 
7f31ec000000-7f31ec021000 rw-p 00000000 00:00 0 
7f31ec021000-7f31f0000000 ---p 00000000 00:00 0 
7f31f0000000-7f31f010f000 rw-p 00000000 00:00 0 
7f31f010f000-7f31f4000000 ---p 00000000 00:00 0 
7f31f4000000-7f31f4021000 rw-p 00000000 00:00 0 
7f31f4021000-7f31f8000000 ---p 00000000 00:00 0 
7f31f8000000-7f31f8021000 rw-p 00000000 00:00 0 
7f31f8021000-7f31fc000000 ---p 00000000 00:00 0 
7f31fc000000-7f31fc0ec000 rw-p 00000000 00:00 0 
7f31fc0ec000-7f3200000000 ---p 00000000 00:00 0 
7f3200000000-7f32002c5000 rw-p 00000000 00:00 0 
7f32002c5000-7f3204000000 ---p 00000000 00:00 0 
7f3204000000-7f3204021000 rw-p 00000000 00:00 0 
7f3204021000-7f3208000000 ---p 00000000 00:00 0 
7f320aa00000-7f320aa17000 r-xp 00000000 08:05 7342024                    /tmp/jna--1332058823/jna14512702474684096398.tmp (deleted)
7f320aa17000-7f320ab16000 ---p 00017000 08:05 7342024                    /tmp/jna--1332058823/jna14512702474684096398.tmp (deleted)
7f320ab16000-7f320ab18000 rw-p 00016000 08:05 7342024                    /tmp/jna--1332058823/jna14512702474684096398.tmp (deleted)
7f320ac00000-7f320ad00000 rw-p 00000000 00:00 0 
7f320ad00000-7f320ae00000 ---p 00000000 00:00 0 
7f320ae00000-7f320b000000 rw-p 00000000 00:00 0 
7f320b000000-7f320b200000 rw-p 00000000 00:00 0 
7f320b200000-7f320b204000 ---p 00000000 00:00 0 
7f320b204000-7f320b300000 rw-p 00000000 00:00 0 
7f320b300000-7f320b304000 ---p 00000000 00:00 0 
7f320b304000-7f320b400000 rw-p 00000000 00:00 0 
7f320b400000-7f320b404000 ---p 00000000 00:00 0 
7f320b404000-7f320b500000 rw-p 00000000 00:00 0 
7f320b500000-7f320b504000 ---p 00000000 00:00 0 
7f320b504000-7f320b600000 rw-p 00000000 00:00 0 
7f320b600000-7f320b604000 ---p 00000000 00:00 0 
7f320b604000-7f320b700000 rw-p 00000000 00:00 0 
7f320b700000-7f320b704000 ---p 00000000 00:00 0 
7f320b704000-7f320b800000 rw-p 00000000 00:00 0 
7f320b800000-7f320b804000 ---p 00000000 00:00 0 
7f320b804000-7f320b900000 rw-p 00000000 00:00 0 
7f320b900000-7f320b904000 ---p 00000000 00:00 0 
7f320b904000-7f320ba00000 rw-p 00000000 00:00 0 
7f320ba00000-7f320ba04000 ---p 00000000 00:00 0 
7f320ba04000-7f320bb00000 rw-p 00000000 00:00 0 
7f320bb00000-7f320bb04000 ---p 00000000 00:00 0 
7f320bb04000-7f320bc00000 rw-p 00000000 00:00 0 
7f320bc00000-7f320bc04000 ---p 00000000 00:00 0 
7f320bc04000-7f320bd00000 rw-p 00000000 00:00 0 
7f320bd00000-7f320bd04000 ---p 00000000 00:00 0 
7f320bd04000-7f320c000000 rw-p 00000000 00:00 0 
7f320c000000-7f320c021000 rw-p 00000000 00:00 0 
7f320c021000-7f3210000000 ---p 00000000 00:00 0 
7f3210000000-7f3210021000 rw-p 00000000 00:00 0 
7f3210021000-7f3214000000 ---p 00000000 00:00 0 
7f3214000000-7f3214021000 rw-p 00000000 00:00 0 
7f3214021000-7f3218000000 ---p 00000000 00:00 0 
7f3218000000-7f3218021000 rw-p 00000000 00:00 0 
7f3218021000-7f321c000000 ---p 00000000 00:00 0 
7f321c000000-7f321c021000 rw-p 00000000 00:00 0 
7f321c021000-7f3220000000 ---p 00000000 00:00 0 
7f3220000000-7f3220034000 rw-p 00000000 00:00 0 
7f3220034000-7f3224000000 ---p 00000000 00:00 0 
7f3224000000-7f3224021000 rw-p 00000000 00:00 0 
7f3224021000-7f3228000000 ---p 00000000 00:00 0 
7f3228000000-7f3228199000 rw-p 00000000 00:00 0 
7f3228199000-7f322c000000 ---p 00000000 00:00 0 
7f322c000000-7f322c021000 rw-p 00000000 00:00 0 
7f322c021000-7f3230000000 ---p 00000000 00:00 0 
7f3230000000-7f3230021000 rw-p 00000000 00:00 0 
7f3230021000-7f3234000000 ---p 00000000 00:00 0 
7f3234000000-7f323433f000 rw-p 00000000 00:00 0 
7f323433f000-7f3238000000 ---p 00000000 00:00 0 
7f3238000000-7f3238021000 rw-p 00000000 00:00 0 
7f3238021000-7f323c000000 ---p 00000000 00:00 0 
7f323c000000-7f323c021000 rw-p 00000000 00:00 0 
7f323c021000-7f3240000000 ---p 00000000 00:00 0 
7f3240000000-7f3240021000 rw-p 00000000 00:00 0 
7f3240021000-7f3244000000 ---p 00000000 00:00 0 
7f3244000000-7f3244021000 rw-p 00000000 00:00 0 
7f3244021000-7f3248000000 ---p 00000000 00:00 0 
7f3248000000-7f3248021000 rw-p 00000000 00:00 0 
7f3248021000-7f324c000000 ---p 00000000 00:00 0 
7f324c000000-7f324c021000 rw-p 00000000 00:00 0 
7f324c021000-7f3250000000 ---p 00000000 00:00 0 
7f3250000000-7f3250059000 rw-p 00000000 00:00 0 
7f3250059000-7f3254000000 ---p 00000000 00:00 0 
7f3254000000-7f3254021000 rw-p 00000000 00:00 0 
7f3254021000-7f3258000000 ---p 00000000 00:00 0 
7f3258000000-7f3258021000 rw-p 00000000 00:00 0 
7f3258021000-7f325c000000 ---p 00000000 00:00 0 
7f325c0f0000-7f325c2f0000 rw-p 00000000 00:00 0 
7f325c2f0000-7f325c4f0000 rw-p 00000000 00:00 0 
7f325c4f0000-7f325c6f0000 rw-p 00000000 00:00 0 
7f325c6f0000-7f325c8f0000 rw-p 00000000 00:00 0 
7f325c8f0000-7f325c8f4000 ---p 00000000 00:00 0 
7f325c8f4000-7f325cbf0000 rw-p 00000000 00:00 0 
7f325cbf0000-7f325cdf0000 rw-p 00000000 00:00 0 
7f325cdf0000-7f325cdf4000 ---p 00000000 00:00 0 
7f325cdf4000-7f325d0f0000 rw-p 00000000 00:00 0 
7f325d0f0000-7f325d0f4000 ---p 00000000 00:00 0 
7f325d0f4000-7f325d1f0000 rw-p 00000000 00:00 0 
7f325d1f0000-7f325d1f4000 ---p 00000000 00:00 0 
7f325d1f4000-7f325d2f0000 rw-p 00000000 00:00 0 
7f325d2f0000-7f325d2f4000 ---p 00000000 00:00 0 
7f325d2f4000-7f325d5f0000 rw-p 00000000 00:00 0 
7f325d5f0000-7f325d7f0000 rw-p 00000000 00:00 0 
7f325d7f0000-7f325d9f0000 rw-p 00000000 00:00 0 
7f325d9f0000-7f325dbf0000 rw-p 00000000 00:00 0 
7f325dbf0000-7f325ddf0000 rw-p 00000000 00:00 0 
7f325ddf0000-7f325ddf1000 ---p 00000000 00:00 0 
7f325ddf1000-7f325def2000 rw-p 00000000 00:00 0 
7f325def2000-7f325def3000 ---p 00000000 00:00 0 
7f325def3000-7f325e1f4000 rw-p 00000000 00:00 0 
7f325e1f4000-7f325e1f8000 ---p 00000000 00:00 0 
7f325e1f8000-7f325e2f4000 rw-p 00000000 00:00 0 
7f325e2f4000-7f325e2f5000 ---p 00000000 00:00 0 
7f325e2f5000-7f325e3f6000 rw-p 00000000 00:00 0 
7f325e3f6000-7f325e3fa000 ---p 00000000 00:00 0 
7f325e3fa000-7f325e4f6000 rw-p 00000000 00:00 0 
7f325e4f6000-7f325e4f7000 ---p 00000000 00:00 0 
7f325e4f7000-7f325e5f8000 rw-p 00000000 00:00 0 
7f325e5f8000-7f325e5fc000 ---p 00000000 00:00 0 
7f325e5fc000-7f325e6f8000 rw-p 00000000 00:00 0 
7f325e6f8000-7f325e6fc000 ---p 00000000 00:00 0 
7f325e6fc000-7f325e7f8000 rw-p 00000000 00:00 0 
7f325e7f8000-7f325e7fc000 ---p 00000000 00:00 0 
7f325e7fc000-7f325e8f8000 rw-p 00000000 00:00 0 
7f325e8f8000-7f325e8fc000 ---p 00000000 00:00 0 
7f325e8fc000-7f325e9f8000 rw-p 00000000 00:00 0 
7f325e9f8000-7f325f1f9000 r--p 00000000 08:05 11537267                   /usr/lib/locale/locale-archive
7f325f1f9000-7f325f1fd000 ---p 00000000 00:00 0 
7f325f1fd000-7f325f2f9000 rw-p 00000000 00:00 0 
7f325f2f9000-7f325f2fd000 ---p 00000000 00:00 0 
7f325f2fd000-7f325f3f9000 rw-p 00000000 00:00 0 
7f325f3f9000-7f325f3fa000 ---p 00000000 00:00 0 
7f325f3fa000-7f325fcfb000 rw-p 00000000 00:00 0 
7f325fcfb000-7f325fcfc000 ---p 00000000 00:00 0 
7f325fcfc000-7f325fdfd000 rw-p 00000000 00:00 0 
7f325fdfd000-7f325fdfe000 ---p 00000000 00:00 0 
7f325fdfe000-7f3260000000 rw-p 00000000 00:00 0 
7f3260000000-7f3260021000 rw-p 00000000 00:00 0 
7f3260021000-7f3264000000 ---p 00000000 00:00 0 
7f3264009000-7f326400d000 ---p 00000000 00:00 0 
7f326400d000-7f326402b000 rw-p 00000000 00:00 0 
7f326402b000-7f326404d000 r--p 00000000 08:05 13769325                   /usr/share/locale-langpack/es/LC_MESSAGES/libc.mo
7f326404d000-7f3266430000 rw-p 00000000 00:00 0 
7f3266430000-7f32670f8000 ---p 00000000 00:00 0 
7f32670f8000-7f3267330000 rw-p 00000000 00:00 0 
7f3267330000-7f3267ff8000 ---p 00000000 00:00 0 
7f3267ff8000-7f3268000000 rw-p 00000000 00:00 0 
7f3268000000-7f3268021000 rw-p 00000000 00:00 0 
7f3268021000-7f326c000000 ---p 00000000 00:00 0 
7f326c004000-7f326c005000 r--p 00000000 08:05 11538515                   /usr/lib/x86_64-linux-gnu/libargon2.so.1
7f326c005000-7f326c00a000 r-xp 00001000 08:05 11538515                   /usr/lib/x86_64-linux-gnu/libargon2.so.1
7f326c00a000-7f326c00c000 r--p 00006000 08:05 11538515                   /usr/lib/x86_64-linux-gnu/libargon2.so.1
7f326c00c000-7f326c00d000 r--p 00007000 08:05 11538515                   /usr/lib/x86_64-linux-gnu/libargon2.so.1
7f326c00d000-7f326c00e000 rw-p 00008000 08:05 11538515                   /usr/lib/x86_64-linux-gnu/libargon2.so.1
7f326c00e000-7f326c00f000 r--p 00000000 08:05 14297190                   /usr/lib/jvm/java-11-openjdk-amd64/lib/libextnet.so
7f326c00f000-7f326c010000 r-xp 00001000 08:05 14297190                   /usr/lib/jvm/java-11-openjdk-amd64/lib/libextnet.so
7f326c010000-7f326c011000 r--p 00002000 08:05 14297190                   /usr/lib/jvm/java-11-openjdk-amd64/lib/libextnet.so
7f326c011000-7f326c012000 r--p 00002000 08:05 14297190                   /usr/lib/jvm/java-11-openjdk-amd64/lib/libextnet.so
7f326c012000-7f326c013000 rw-p 00003000 08:05 14297190                   /usr/lib/jvm/java-11-openjdk-amd64/lib/libextnet.so
7f326c013000-7f326c015000 r--p 00000000 08:05 14297206                   /usr/lib/jvm/java-11-openjdk-amd64/lib/libmanagement_ext.so
7f326c015000-7f326c018000 r-xp 00002000 08:05 14297206                   /usr/lib/jvm/java-11-openjdk-amd64/lib/libmanagement_ext.so
7f326c018000-7f326c01a000 r--p 00005000 08:05 14297206                   /usr/lib/jvm/java-11-openjdk-amd64/lib/libmanagement_ext.so
7f326c01a000-7f326c01b000 r--p 00006000 08:05 14297206                   /usr/lib/jvm/java-11-openjdk-amd64/lib/libmanagement_ext.so
7f326c01b000-7f326c01c000 rw-p 00007000 08:05 14297206                   /usr/lib/jvm/java-11-openjdk-amd64/lib/libmanagement_ext.so
7f326c01c000-7f326c279000 rw-p 00000000 00:00 0 
7f326c279000-7f326c27a000 ---p 00000000 00:00 0 
7f326c27a000-7f326c37b000 rw-p 00000000 00:00 0 
7f326c37b000-7f326c37c000 ---p 00000000 00:00 0 
7f326c37c000-7f326c4c3000 rw-p 00000000 00:00 0 
7f326c4c3000-7f326c65c000 ---p 00000000 00:00 0 
7f326c65c000-7f326c6a3000 rw-p 00000000 00:00 0 
7f326c6a3000-7f326c83c000 ---p 00000000 00:00 0 
7f326c83c000-7f326c83d000 rw-p 00000000 00:00 0 
7f326c83d000-7f326caad000 rwxp 00000000 00:00 0 
7f326caad000-7f326cee4000 ---p 00000000 00:00 0 
7f326cee4000-7f326d4e4000 rwxp 00000000 00:00 0 
7f326d4e4000-7f327b83d000 ---p 00000000 00:00 0 
7f327b83d000-7f3284000000 r--s 00000000 08:05 14297218                   /usr/lib/jvm/java-11-openjdk-amd64/lib/modules
7f3284000000-7f3285280000 rw-p 00000000 00:00 0 
7f3285280000-7f3288000000 ---p 00000000 00:00 0 
7f3288000000-7f3288001000 r--p 00000000 08:05 11540978                   /usr/lib/x86_64-linux-gnu/libnss_mdns4_minimal.so.2
7f3288001000-7f3288003000 r-xp 00001000 08:05 11540978                   /usr/lib/x86_64-linux-gnu/libnss_mdns4_minimal.so.2
7f3288003000-7f3288004000 r--p 00003000 08:05 11540978                   /usr/lib/x86_64-linux-gnu/libnss_mdns4_minimal.so.2
7f3288004000-7f3288005000 r--p 00003000 08:05 11540978                   /usr/lib/x86_64-linux-gnu/libnss_mdns4_minimal.so.2
7f3288005000-7f3288006000 rw-p 00004000 08:05 11540978                   /usr/lib/x86_64-linux-gnu/libnss_mdns4_minimal.so.2
7f3288006000-7f3288009000 r--p 00000000 08:05 14297204                   /usr/lib/jvm/java-11-openjdk-amd64/lib/libmanagement.so
7f3288009000-7f328800a000 r-xp 00003000 08:05 14297204                   /usr/lib/jvm/java-11-openjdk-amd64/lib/libmanagement.so
7f328800a000-7f328800b000 r--p 00004000 08:05 14297204                   /usr/lib/jvm/java-11-openjdk-amd64/lib/libmanagement.so
7f328800b000-7f328800c000 r--p 00004000 08:05 14297204                   /usr/lib/jvm/java-11-openjdk-amd64/lib/libmanagement.so
7f328800c000-7f328800d000 rw-p 00005000 08:05 14297204                   /usr/lib/jvm/java-11-openjdk-amd64/lib/libmanagement.so
7f328800d000-7f3288014000 r--s 00000000 08:05 12202554                   /usr/lib/x86_64-linux-gnu/gconv/gconv-modules.cache
7f3288014000-7f3288018000 r--p 00000000 08:05 14297208                   /usr/lib/jvm/java-11-openjdk-amd64/lib/libnet.so
7f3288018000-7f3288026000 r-xp 00004000 08:05 14297208                   /usr/lib/jvm/java-11-openjdk-amd64/lib/libnet.so
7f3288026000-7f328802a000 r--p 00012000 08:05 14297208                   /usr/lib/jvm/java-11-openjdk-amd64/lib/libnet.so
7f328802a000-7f328802b000 r--p 00015000 08:05 14297208                   /usr/lib/jvm/java-11-openjdk-amd64/lib/libnet.so
7f328802b000-7f328802c000 rw-p 00016000 08:05 14297208                   /usr/lib/jvm/java-11-openjdk-amd64/lib/libnet.so
7f328802c000-7f3288033000 r--p 00000000 08:05 14297209                   /usr/lib/jvm/java-11-openjdk-amd64/lib/libnio.so
7f3288033000-7f328803b000 r-xp 00007000 08:05 14297209                   /usr/lib/jvm/java-11-openjdk-amd64/lib/libnio.so
7f328803b000-7f328803e000 r--p 0000f000 08:05 14297209                   /usr/lib/jvm/java-11-openjdk-amd64/lib/libnio.so
7f328803e000-7f328803f000 r--p 00011000 08:05 14297209                   /usr/lib/jvm/java-11-openjdk-amd64/lib/libnio.so
7f328803f000-7f3288040000 rw-p 00012000 08:05 14297209                   /usr/lib/jvm/java-11-openjdk-amd64/lib/libnio.so
7f3288040000-7f3288110000 rw-p 00000000 00:00 0 
7f3288110000-7f32882a9000 ---p 00000000 00:00 0 
7f32882a9000-7f32886ae000 rw-p 00000000 00:00 0 
7f32886ae000-7f32886af000 ---p 00000000 00:00 0 
7f32886af000-7f32887bc000 rw-p 00000000 00:00 0 
7f32887bc000-7f3288983000 ---p 00000000 00:00 0 
7f3288983000-7f3288988000 rw-p 00000000 00:00 0 
7f3288988000-7f3288991000 ---p 00000000 00:00 0 
7f3288991000-7f3288993000 r--s 0000c000 08:05 12322362                   /usr/share/java/java-atk-wrapper.jar
7f3288993000-7f3288995000 r--p 00000000 08:05 14297217                   /usr/lib/jvm/java-11-openjdk-amd64/lib/libzip.so
7f3288995000-7f328899a000 r-xp 00002000 08:05 14297217                   /usr/lib/jvm/java-11-openjdk-amd64/lib/libzip.so
7f328899a000-7f328899c000 r--p 00007000 08:05 14297217                   /usr/lib/jvm/java-11-openjdk-amd64/lib/libzip.so
7f328899c000-7f328899d000 r--p 00008000 08:05 14297217                   /usr/lib/jvm/java-11-openjdk-amd64/lib/libzip.so
7f328899d000-7f328899e000 rw-p 00009000 08:05 14297217                   /usr/lib/jvm/java-11-openjdk-amd64/lib/libzip.so
7f328899e000-7f32889a6000 rw-s 00000000 08:05 7340638                    /tmp/hsperfdata_dibier/33412
7f32889a6000-7f32889a8000 r--p 00000000 08:05 14297200                   /usr/lib/jvm/java-11-openjdk-amd64/lib/libjimage.so
7f32889a8000-7f32889ab000 r-xp 00002000 08:05 14297200                   /usr/lib/jvm/java-11-openjdk-amd64/lib/libjimage.so
7f32889ab000-7f32889ac000 r--p 00005000 08:05 14297200                   /usr/lib/jvm/java-11-openjdk-amd64/lib/libjimage.so
7f32889ac000-7f32889ad000 ---p 00006000 08:05 14297200                   /usr/lib/jvm/java-11-openjdk-amd64/lib/libjimage.so
7f32889ad000-7f32889ae000 r--p 00006000 08:05 14297200                   /usr/lib/jvm/java-11-openjdk-amd64/lib/libjimage.so
7f32889ae000-7f32889af000 rw-p 00007000 08:05 14297200                   /usr/lib/jvm/java-11-openjdk-amd64/lib/libjimage.so
7f32889af000-7f32889bc000 r--p 00000000 08:05 14297197                   /usr/lib/jvm/java-11-openjdk-amd64/lib/libjava.so
7f32889bc000-7f32889d2000 r-xp 0000d000 08:05 14297197                   /usr/lib/jvm/java-11-openjdk-amd64/lib/libjava.so
7f32889d2000-7f32889d9000 r--p 00023000 08:05 14297197                   /usr/lib/jvm/java-11-openjdk-amd64/lib/libjava.so
7f32889d9000-7f32889da000 r--p 00029000 08:05 14297197                   /usr/lib/jvm/java-11-openjdk-amd64/lib/libjava.so
7f32889da000-7f32889db000 rw-p 0002a000 08:05 14297197                   /usr/lib/jvm/java-11-openjdk-amd64/lib/libjava.so
7f32889db000-7f32889dc000 rw-p 00000000 00:00 0 
7f32889dc000-7f32889dd000 r--p 00000000 08:05 11536890                   /usr/lib/x86_64-linux-gnu/librt.so.1
7f32889dd000-7f32889de000 r-xp 00001000 08:05 11536890                   /usr/lib/x86_64-linux-gnu/librt.so.1
7f32889de000-7f32889df000 r--p 00002000 08:05 11536890                   /usr/lib/x86_64-linux-gnu/librt.so.1
7f32889df000-7f32889e0000 r--p 00002000 08:05 11536890                   /usr/lib/x86_64-linux-gnu/librt.so.1
7f32889e0000-7f32889e1000 rw-p 00003000 08:05 11536890                   /usr/lib/x86_64-linux-gnu/librt.so.1
7f32889e1000-7f32889e5000 ---p 00000000 00:00 0 
7f32889e5000-7f3288ae1000 rw-p 00000000 00:00 0 
7f3288ae1000-7f3288ae4000 r--p 00000000 08:05 11534946                   /usr/lib/x86_64-linux-gnu/libgcc_s.so.1
7f3288ae4000-7f3288afb000 r-xp 00003000 08:05 11534946                   /usr/lib/x86_64-linux-gnu/libgcc_s.so.1
7f3288afb000-7f3288aff000 r--p 0001a000 08:05 11534946                   /usr/lib/x86_64-linux-gnu/libgcc_s.so.1
7f3288aff000-7f3288b00000 r--p 0001d000 08:05 11534946                   /usr/lib/x86_64-linux-gnu/libgcc_s.so.1
7f3288b00000-7f3288b01000 rw-p 0001e000 08:05 11534946                   /usr/lib/x86_64-linux-gnu/libgcc_s.so.1
7f3288b01000-7f3288b0f000 r--p 00000000 08:05 11536529                   /usr/lib/x86_64-linux-gnu/libm.so.6
7f3288b0f000-7f3288b8b000 r-xp 0000e000 08:05 11536529                   /usr/lib/x86_64-linux-gnu/libm.so.6
7f3288b8b000-7f3288be6000 r--p 0008a000 08:05 11536529                   /usr/lib/x86_64-linux-gnu/libm.so.6
7f3288be6000-7f3288be7000 r--p 000e4000 08:05 11536529                   /usr/lib/x86_64-linux-gnu/libm.so.6
7f3288be7000-7f3288be8000 rw-p 000e5000 08:05 11536529                   /usr/lib/x86_64-linux-gnu/libm.so.6
7f3288be8000-7f3288c82000 r--p 00000000 08:05 11534599                   /usr/lib/x86_64-linux-gnu/libstdc++.so.6.0.30
7f3288c82000-7f3288d93000 r-xp 0009a000 08:05 11534599                   /usr/lib/x86_64-linux-gnu/libstdc++.so.6.0.30
7f3288d93000-7f3288e03000 r--p 001ab000 08:05 11534599                   /usr/lib/x86_64-linux-gnu/libstdc++.so.6.0.30
7f3288e03000-7f3288e0e000 r--p 0021a000 08:05 11534599                   /usr/lib/x86_64-linux-gnu/libstdc++.so.6.0.30
7f3288e0e000-7f3288e11000 rw-p 00225000 08:05 11534599                   /usr/lib/x86_64-linux-gnu/libstdc++.so.6.0.30
7f3288e11000-7f3288e14000 rw-p 00000000 00:00 0 
7f3288e14000-7f3289096000 r--p 00000000 08:05 14297221                   /usr/lib/jvm/java-11-openjdk-amd64/lib/server/libjvm.so
7f3289096000-7f3289d25000 r-xp 00282000 08:05 14297221                   /usr/lib/jvm/java-11-openjdk-amd64/lib/server/libjvm.so
7f3289d25000-7f3289f7d000 r--p 00f11000 08:05 14297221                   /usr/lib/jvm/java-11-openjdk-amd64/lib/server/libjvm.so
7f3289f7d000-7f328a041000 r--p 01168000 08:05 14297221                   /usr/lib/jvm/java-11-openjdk-amd64/lib/server/libjvm.so
7f328a041000-7f328a07c000 rw-p 0122c000 08:05 14297221                   /usr/lib/jvm/java-11-openjdk-amd64/lib/server/libjvm.so
7f328a07c000-7f328a0d5000 rw-p 00000000 00:00 0 
7f328a0d5000-7f328a0d7000 r--p 00000000 08:05 11535186                   /usr/lib/x86_64-linux-gnu/libz.so.1.2.11
7f328a0d7000-7f328a0e8000 r-xp 00002000 08:05 11535186                   /usr/lib/x86_64-linux-gnu/libz.so.1.2.11
7f328a0e8000-7f328a0ee000 r--p 00013000 08:05 11535186                   /usr/lib/x86_64-linux-gnu/libz.so.1.2.11
7f328a0ee000-7f328a0ef000 ---p 00019000 08:05 11535186                   /usr/lib/x86_64-linux-gnu/libz.so.1.2.11
7f328a0ef000-7f328a0f0000 r--p 00019000 08:05 11535186                   /usr/lib/x86_64-linux-gnu/libz.so.1.2.11
7f328a0f0000-7f328a0f1000 rw-p 0001a000 08:05 11535186                   /usr/lib/x86_64-linux-gnu/libz.so.1.2.11
7f328a0f1000-7f328a119000 r--p 00000000 08:05 11536516                   /usr/lib/x86_64-linux-gnu/libc.so.6
7f328a119000-7f328a2ae000 r-xp 00028000 08:05 11536516                   /usr/lib/x86_64-linux-gnu/libc.so.6
7f328a2ae000-7f328a306000 r--p 001bd000 08:05 11536516                   /usr/lib/x86_64-linux-gnu/libc.so.6
7f328a306000-7f328a30a000 r--p 00214000 08:05 11536516                   /usr/lib/x86_64-linux-gnu/libc.so.6
7f328a30a000-7f328a30c000 rw-p 00218000 08:05 11536516                   /usr/lib/x86_64-linux-gnu/libc.so.6
7f328a30c000-7f328a319000 rw-p 00000000 00:00 0 
7f328a319000-7f328a31a000 ---p 00000000 00:00 0 
7f328a31a000-7f328a31b000 r--p 00000000 00:00 0 
7f328a31b000-7f328a320000 r--p 00000000 08:05 14297216                   /usr/lib/jvm/java-11-openjdk-amd64/lib/libverify.so
7f328a320000-7f328a327000 r-xp 00005000 08:05 14297216                   /usr/lib/jvm/java-11-openjdk-amd64/lib/libverify.so
7f328a327000-7f328a329000 r--p 0000c000 08:05 14297216                   /usr/lib/jvm/java-11-openjdk-amd64/lib/libverify.so
7f328a329000-7f328a32b000 r--p 0000d000 08:05 14297216                   /usr/lib/jvm/java-11-openjdk-amd64/lib/libverify.so
7f328a32b000-7f328a32c000 rw-p 0000f000 08:05 14297216                   /usr/lib/jvm/java-11-openjdk-amd64/lib/libverify.so
7f328a32c000-7f328a32f000 r--p 00000000 08:05 14297182                   /usr/lib/jvm/java-11-openjdk-amd64/lib/jli/libjli.so
7f328a32f000-7f328a339000 r-xp 00003000 08:05 14297182                   /usr/lib/jvm/java-11-openjdk-amd64/lib/jli/libjli.so
7f328a339000-7f328a33c000 r--p 0000d000 08:05 14297182                   /usr/lib/jvm/java-11-openjdk-amd64/lib/jli/libjli.so
7f328a33c000-7f328a33d000 ---p 00010000 08:05 14297182                   /usr/lib/jvm/java-11-openjdk-amd64/lib/jli/libjli.so
7f328a33d000-7f328a33e000 r--p 00010000 08:05 14297182                   /usr/lib/jvm/java-11-openjdk-amd64/lib/jli/libjli.so
7f328a33e000-7f328a33f000 rw-p 00011000 08:05 14297182                   /usr/lib/jvm/java-11-openjdk-amd64/lib/jli/libjli.so
7f328a33f000-7f328a341000 rw-p 00000000 00:00 0 
7f328a341000-7f328a343000 r--p 00000000 08:05 11534632                   /usr/lib/x86_64-linux-gnu/ld-linux-x86-64.so.2
7f328a343000-7f328a36d000 r-xp 00002000 08:05 11534632                   /usr/lib/x86_64-linux-gnu/ld-linux-x86-64.so.2
7f328a36d000-7f328a378000 r--p 0002c000 08:05 11534632                   /usr/lib/x86_64-linux-gnu/ld-linux-x86-64.so.2
7f328a379000-7f328a37b000 r--p 00037000 08:05 11534632                   /usr/lib/x86_64-linux-gnu/ld-linux-x86-64.so.2
7f328a37b000-7f328a37d000 rw-p 00039000 08:05 11534632                   /usr/lib/x86_64-linux-gnu/ld-linux-x86-64.so.2
7fff99fd6000-7fff99ff9000 rw-p 00000000 00:00 0                          [stack]
7fff99ffa000-7fff99ffe000 r--p 00000000 00:00 0                          [vvar]
7fff99ffe000-7fff9a000000 r-xp 00000000 00:00 0                          [vdso]
ffffffffff600000-ffffffffff601000 --xp 00000000 00:00 0                  [vsyscall]


VM Arguments:
jvm_args: -Xverify:none -XX:TieredStopAtLevel=1 -Dfile.encoding=UTF-8 -Duser.country=CO -Duser.language=es -Duser.variant 
java_command: com.example.demo.DemoApplication
java_class_path (initial): /home/dibier/Java/demo/build/classes/java/main:/home/dibier/Java/demo/build/resources/main:/home/dibier/.gradle/caches/modules-2/files-2.1/de.mkammerer/argon2-jvm/2.1/125fb33fa3c8eccef311fc4149e9b5b595d0abaf/argon2-jvm-2.1.jar:/home/dibier/.gradle/caches/modules-2/files-2.1/mysql/mysql-connector-java/8.0.28/33678b1729d4f832b9e4bcb2d5bbd67940920a7a/mysql-connector-java-8.0.28.jar:/home/dibier/.gradle/caches/modules-2/files-2.1/org.springframework.batch/spring-batch-core/4.3.5/b5ff5d227600df2ba087344160db2b8a38476cb3/spring-batch-core-4.3.5.jar:/home/dibier/.gradle/caches/modules-2/files-2.1/jakarta.transaction/jakarta.transaction-api/1.3.3/c4179d48720a1e87202115fbed6089bdc4195405/jakarta.transaction-api-1.3.3.jar:/home/dibier/.gradle/caches/modules-2/files-2.1/jakarta.persistence/jakarta.persistence-api/2.2.3/8f6ea5daedc614f07a3654a455660145286f024e/jakarta.persistence-api-2.2.3.jar:/home/dibier/.gradle/caches/modules-2/files-2.1/org.hibernate/hibernate-core/5.6.5.Final/d5c41d9018d16ca6076726f0f037ba8a0ebc0cb4/hibernate-core-5.6.5.Final.jar:/home/dibier/.gradle/caches/modules-2/files-2.1/org.springframework.data/spring-data-jpa/2.6.2/aa7da518dee4b20433c7e055ef5f2cda584f412f/spring-data-jpa-2.6.2.jar:/home/dibier/.gradle/caches/modules-2/files-2.1/org.springframework/spring-aspects/5.3.16/499f2cd13d26fc0d6eb3312f0251c4f380300001/spring-aspects-5.3.16.jar:/home/dibier/.gradle/caches/modules-2/files-2.1/org.springframework/spring-webmvc/5.3.16/18e0d7a9cf1c43b100296f86f61b58821dd1e6b9/spring-webmvc-5.3.16.jar:/home/dibier/.gradle/caches/modules-2/files-2.1/org.springframework/spring-web/5.3.16/224ae9b45e138034980a423e2f85d7bd63539a49/spring-web-5.3.16.jar:/home/dibier/.gradle/caches/modules-2/files-2.1/net.java.dev.jna/jna/4.2.1/fcc5b10cb812c41b00708e7b57baccc3aee5567c/jna-4.2.1.jar:/home/dibier/.gradle/caches/modules-2/files-2.1/jakarta.annotation/jakarta.annotation-api/1.3.5/59eb84ee0d616332ff44aba065f3888cf002cd2d/jakarta.annotation-api-1.
Launcher Type: SUN_STANDARD

[Global flags]
     bool BytecodeVerificationLocal                = false                                     {product} {command line}
     bool BytecodeVerificationRemote               = false                                     {product} {command line}
     intx CICompilerCount                          = 3                                         {product} {ergonomic}
     uint ConcGCThreads                            = 1                                         {product} {ergonomic}
     uint G1ConcRefinementThreads                  = 4                                         {product} {ergonomic}
   size_t G1HeapRegionSize                         = 1048576                                   {product} {ergonomic}
    uintx GCDrainStackTargetSize                   = 64                                        {product} {ergonomic}
   size_t InitialHeapSize                          = 62914560                                  {product} {ergonomic}
   size_t MarkStackSize                            = 4194304                                   {product} {ergonomic}
   size_t MaxHeapSize                              = 1006632960                                {product} {ergonomic}
   size_t MaxNewSize                               = 603979776                                 {product} {ergonomic}
   size_t MinHeapDeltaBytes                        = 1048576                                   {product} {ergonomic}
    uintx NonNMethodCodeHeapSize                   = 6973028                                {pd product} {ergonomic}
    uintx NonProfiledCodeHeapSize                  = 244685212                              {pd product} {ergonomic}
    uintx ProfiledCodeHeapSize                     = 0                                      {pd product} {ergonomic}
    uintx ReservedCodeCacheSize                    = 251658240                              {pd product} {ergonomic}
     bool SegmentedCodeCache                       = true                                      {product} {ergonomic}
     intx TieredStopAtLevel                        = 1                                         {product} {command line}
     bool UseCompressedClassPointers               = true                                 {lp64_product} {ergonomic}
     bool UseCompressedOops                        = true                                 {lp64_product} {ergonomic}
     bool UseG1GC                                  = true                                      {product} {ergonomic}

Logging:
Log output configuration:
 #0: stdout all=warning uptime,level,tags
 #1: stderr all=off uptime,level,tags

Environment Variables:
JAVA_HOME=/usr/lib/jvm/java-11-openjdk-amd64
PATH=/usr/local/sbin:/usr/local/bin:/usr/sbin:/usr/bin:/sbin:/bin:/usr/games:/usr/local/games:/snap/bin:/snap/bin
USERNAME=dibier
SHELL=/bin/bash
DISPLAY=:0
LANG=es_CO.UTF-8

Signal Handlers:
SIGSEGV: [libjvm.so+0xe9f660], sa_mask[0]=11111111011111111101111111111110, sa_flags=SA_RESTART|SA_SIGINFO
SIGBUS: [libjvm.so+0xe9f660], sa_mask[0]=11111111011111111101111111111110, sa_flags=SA_RESTART|SA_SIGINFO
SIGFPE: [libjvm.so+0xe9f660], sa_mask[0]=11111111011111111101111111111110, sa_flags=SA_RESTART|SA_SIGINFO
SIGPIPE: [libjvm.so+0xbe3bf0], sa_mask[0]=11111111011111111101111111111110, sa_flags=SA_RESTART|SA_SIGINFO
SIGXFSZ: [libjvm.so+0xbe3bf0], sa_mask[0]=11111111011111111101111111111110, sa_flags=SA_RESTART|SA_SIGINFO
SIGILL: [libjvm.so+0xe9f660], sa_mask[0]=11111111011111111101111111111110, sa_flags=SA_RESTART|SA_SIGINFO
SIGUSR2: [libjvm.so+0xbe3a90], sa_mask[0]=00100000000000000000000000000000, sa_flags=SA_RESTART|SA_SIGINFO
SIGHUP: [libjvm.so+0xbe4020], sa_mask[0]=11111111011111111101111111111110, sa_flags=SA_RESTART|SA_SIGINFO
SIGINT: SIG_IGN, sa_mask[0]=00000000000000000000000000000000, sa_flags=none
SIGTERM: [libjvm.so+0xbe4020], sa_mask[0]=11111111011111111101111111111110, sa_flags=SA_RESTART|SA_SIGINFO
SIGQUIT: [libjvm.so+0xbe4020], sa_mask[0]=11111111011111111101111111111110, sa_flags=SA_RESTART|SA_SIGINFO


---------------  S Y S T E M  ---------------

OS:DISTRIB_ID=Ubuntu
DISTRIB_RELEASE=22.04
DISTRIB_CODENAME=jammy
DISTRIB_DESCRIPTION="Ubuntu Jammy Jellyfish (development branch)"
uname:Linux 5.15.0-23-generic #23-Ubuntu SMP Fri Mar 11 14:54:05 UTC 2022 x86_64
OS uptime: 0 days 6:58 hours
libc:glibc 2.35 NPTL 2.35 
rlimit (soft/hard): STACK 8192k/infinity , CORE 0k/infinity , NPROC 15082/15082 , NOFILE 1048576/1048576 , AS infinity/infinity , CPU infinity/infinity , DATA infinity/infinity , FSIZE infinity/infinity , MEMLOCK 491296k/491296k
load average:1,24 2,14 1,70

/proc/meminfo:
MemTotal:        3930372 kB
MemFree:          122160 kB
MemAvailable:     695944 kB
Buffers:           18820 kB
Cached:           780788 kB
SwapCached:        51908 kB
Active:          1550416 kB
Inactive:        1865388 kB
Active(anon):    1216712 kB
Inactive(anon):  1466548 kB
Active(file):     333704 kB
Inactive(file):   398840 kB
Unevictable:          64 kB
Mlocked:              64 kB
SwapTotal:       2097148 kB
SwapFree:         227736 kB
Dirty:              1080 kB
Writeback:             0 kB
AnonPages:       2564636 kB
Mapped:           303008 kB
Shmem:             70776 kB
KReclaimable:      97220 kB
Slab:             215736 kB
SReclaimable:      97220 kB
SUnreclaim:       118516 kB
KernelStack:       19024 kB
PageTables:        51344 kB
NFS_Unstable:          0 kB
Bounce:                0 kB
WritebackTmp:          0 kB
CommitLimit:     4062332 kB
Committed_AS:   13934316 kB
VmallocTotal:   34359738367 kB
VmallocUsed:       41624 kB
VmallocChunk:          0 kB
Percpu:             4416 kB
HardwareCorrupted:     0 kB
AnonHugePages:         0 kB
ShmemHugePages:        0 kB
ShmemPmdMapped:        0 kB
FileHugePages:         0 kB
FilePmdMapped:         0 kB
HugePages_Total:       0
HugePages_Free:        0
HugePages_Rsvd:        0
HugePages_Surp:        0
Hugepagesize:       2048 kB
Hugetlb:               0 kB
DirectMap4k:      394112 kB
DirectMap2M:     3710976 kB
DirectMap1G:           0 kB

/sys/kernel/mm/transparent_hugepage/enabled:
always [madvise] never
/sys/kernel/mm/transparent_hugepage/defrag (defrag/compaction efforts parameter):
always defer defer+madvise [madvise] never

Process Memory:
Virtual Size: 4661832K (peak: 12375408K)
Resident Set Size: 241736K (peak: 241736K) (anon: 214892K, file: 26844K, shmem: 0K)
Swapped out: 0K
C-Heap outstanding allocations: 25596K

/proc/sys/kernel/threads-max (system-wide limit on the number of threads):
30165
/proc/sys/vm/max_map_count (maximum number of memory map areas a process may have):
65530
/proc/sys/kernel/pid_max (system-wide limit on number of process identifiers):
4194304

Steal ticks since vm start: 0
Steal ticks percentage since vm start:  0,000

CPU:total 4 (initial active 4) (4 cores per cpu, 1 threads per core) family 6 model 158 stepping 10 microcode 0xea, cmov, cx8, fxsr, mmx, sse, sse2, sse3, ssse3, sse4.1, sse4.2, popcnt, avx, avx2, aes, clmul, erms, 3dnowpref, lzcnt, tsc, tscinvbit, bmi1, bmi2, adx, fma
CPU Model and flags from /proc/cpuinfo:
model name	: Intel(R) Core(TM) i3-9100F CPU @ 3.60GHz
flags		: fpu vme de pse tsc msr pae mce cx8 apic sep mtrr pge mca cmov pat pse36 clflush dts acpi mmx fxsr sse sse2 ss ht tm pbe syscall nx pdpe1gb rdtscp lm constant_tsc art arch_perfmon pebs bts rep_good nopl xtopology nonstop_tsc cpuid aperfmperf pni pclmulqdq dtes64 monitor ds_cpl est tm2 ssse3 sdbg fma cx16 xtpr pdcm pcid sse4_1 sse4_2 x2apic movbe popcnt tsc_deadline_timer aes xsave avx f16c rdrand lahf_lm abm 3dnowprefetch cpuid_fault invpcid_single pti ssbd ibrs ibpb stibp fsgsbase tsc_adjust bmi1 avx2 smep bmi2 erms invpcid mpx rdseed adx smap clflushopt intel_pt xsaveopt xsavec xgetbv1 xsaves dtherm ida arat pln pts hwp hwp_notify hwp_act_window hwp_epp md_clear flush_l1d
Online cpus:
0-3
Offline cpus:

BIOS frequency limitation:
<Not Available>
Frequency switch latency (ns):
0
Available cpu frequencies:
<Not Available>
Current governor:
powersave
Core performance/turbo boost:
<Not Available>

Memory: 4k page, physical 3930372k(122160k free), swap 2097148k(227736k free)

vm_info: OpenJDK 64-Bit Server VM (11.0.14+9-Ubuntu-0ubuntu2) for linux-amd64 JRE (11.0.14+9-Ubuntu-0ubuntu2), built on Jan 19 2022 09:24:04 by "unknown" with gcc 11.2.0

END.
