#
# A fatal error has been detected by the Java Runtime Environment:
#
#  SIGSEGV (0xb) at pc=0x00007f81b46f697d, pid=34379, tid=34410
#
# JRE version: OpenJDK Runtime Environment (11.0.14+9) (build 11.0.14+9-Ubuntu-0ubuntu2)
# Java VM: OpenJDK 64-Bit Server VM (11.0.14+9-Ubuntu-0ubuntu2, mixed mode, sharing, tiered, compressed oops, g1 gc, linux-amd64)
# Problematic frame:
# C  [libc.so.6+0x19d97d]
#
# Core dump will be written. Default location: Core dumps may be processed with "/usr/share/apport/apport %p %s %c %d %P %E" (or dumping to /home/dibier/Java/demo/core.34379)
#
# If you would like to submit a bug report, please visit:
#   https://bugs.launchpad.net/ubuntu/+source/openjdk-lts
# The crash happened outside the Java Virtual Machine in native code.
# See problematic frame for where to report the bug.
#

---------------  S U M M A R Y ------------

Command Line: -Xverify:none -XX:TieredStopAtLevel=1 -Dfile.encoding=UTF-8 -Duser.country=CO -Duser.language=es -Duser.variant com.example.demo.DemoApplication

Host: Intel(R) Core(TM) i3-9100F CPU @ 3.60GHz, 4 cores, 3G, Ubuntu Jammy Jellyfish (development branch)
Time: Wed Mar 23 14:26:05 2022 -05 elapsed time: 18.538356 seconds (0d 0h 0m 18s)

---------------  T H R E A D  ---------------

Current thread (0x00007f81ad24c800):  JavaThread "http-nio-8080-exec-3" daemon [_thread_in_native, id=34410, stack(0x00007f8146000000,0x00007f8146100000)]

Stack: [0x00007f8146000000,0x00007f8146100000],  sp=0x00007f81460fb4e8,  free space=1005k
Native frames: (J=compiled Java code, A=aot compiled Java code, j=interpreted, Vv=VM code, C=native code)
C  [libc.so.6+0x19d97d]

Java frames: (J=compiled Java code, j=interpreted, Vv=VM code)
j  com.sun.jna.Native.invokeLong(JI[Ljava/lang/Object;)J+0
j  com.sun.jna.Function.invoke([Ljava/lang/Object;Ljava/lang/Class;Z)Ljava/lang/Object;+256
j  com.sun.jna.Function.invoke(Ljava/lang/reflect/Method;[Ljava/lang/Class;Ljava/lang/Class;[Ljava/lang/Object;Ljava/util/Map;)Ljava/lang/Object;+249
j  com.sun.jna.Library$Handler.invoke(Ljava/lang/Object;Ljava/lang/reflect/Method;[Ljava/lang/Object;)Ljava/lang/Object;+348
j  com.sun.proxy.$Proxy99.argon2_encodedlen(Lde/mkammerer/argon2/jna/Uint32_t;Lde/mkammerer/argon2/jna/Uint32_t;Lde/mkammerer/argon2/jna/Uint32_t;Lde/mkammerer/argon2/jna/Uint32_t;Lde/mkammerer/argon2/jna/Uint32_t;)Lde/mkammerer/argon2/jna/Size_t;+34
j  de.mkammerer.argon2.BaseArgon2.hashBytes(III[B)Ljava/lang/String;+66
j  de.mkammerer.argon2.BaseArgon2.hash(IIILjava/lang/String;Ljava/nio/charset/Charset;)Ljava/lang/String;+15
j  de.mkammerer.argon2.BaseArgon2.hash(IIILjava/lang/String;)Ljava/lang/String;+9
j  com.example.demo.controller.UserController.saveUser(Lcom/example/demo/model/User;)V+17
v  ~StubRoutines::call_stub
J 2273  jdk.internal.reflect.NativeMethodAccessorImpl.invoke0(Ljava/lang/reflect/Method;Ljava/lang/Object;[Ljava/lang/Object;)Ljava/lang/Object; java.base@11.0.14 (0 bytes) @ 0x00007f8195234a47 [0x00007f81952349c0+0x0000000000000087]
J 2272 c1 jdk.internal.reflect.NativeMethodAccessorImpl.invoke(Ljava/lang/Object;[Ljava/lang/Object;)Ljava/lang/Object; java.base@11.0.14 (104 bytes) @ 0x00007f819523525c [0x00007f8195234ea0+0x00000000000003bc]
J 2144 c1 jdk.internal.reflect.DelegatingMethodAccessorImpl.invoke(Ljava/lang/Object;[Ljava/lang/Object;)Ljava/lang/Object; java.base@11.0.14 (10 bytes) @ 0x00007f8195203b24 [0x00007f8195203ac0+0x0000000000000064]
J 1977 c1 java.lang.reflect.Method.invoke(Ljava/lang/Object;[Ljava/lang/Object;)Ljava/lang/Object; java.base@11.0.14 (65 bytes) @ 0x00007f81951c0184 [0x00007f81951c0060+0x0000000000000124]
j  org.springframework.web.method.support.InvocableHandlerMethod.doInvoke([Ljava/lang/Object;)Ljava/lang/Object;+28
j  org.springframework.web.method.support.InvocableHandlerMethod.invokeForRequest(Lorg/springframework/web/context/request/NativeWebRequest;Lorg/springframework/web/method/support/ModelAndViewContainer;[Ljava/lang/Object;)Ljava/lang/Object;+54
j  org.springframework.web.servlet.mvc.method.annotation.ServletInvocableHandlerMethod.invokeAndHandle(Lorg/springframework/web/context/request/ServletWebRequest;Lorg/springframework/web/method/support/ModelAndViewContainer;[Ljava/lang/Object;)V+4
j  org.springframework.web.servlet.mvc.method.annotation.RequestMappingHandlerAdapter.invokeHandlerMethod(Ljavax/servlet/http/HttpServletRequest;Ljavax/servlet/http/HttpServletResponse;Lorg/springframework/web/method/HandlerMethod;)Lorg/springframework/web/servlet/ModelAndView;+244
j  org.springframework.web.servlet.mvc.method.annotation.RequestMappingHandlerAdapter.handleInternal(Ljavax/servlet/http/HttpServletRequest;Ljavax/servlet/http/HttpServletResponse;Lorg/springframework/web/method/HandlerMethod;)Lorg/springframework/web/servlet/ModelAndView;+81
j  org.springframework.web.servlet.mvc.method.AbstractHandlerMethodAdapter.handle(Ljavax/servlet/http/HttpServletRequest;Ljavax/servlet/http/HttpServletResponse;Ljava/lang/Object;)Lorg/springframework/web/servlet/ModelAndView;+7
j  org.springframework.web.servlet.DispatcherServlet.doDispatch(Ljavax/servlet/http/HttpServletRequest;Ljavax/servlet/http/HttpServletResponse;)V+259
j  org.springframework.web.servlet.DispatcherServlet.doService(Ljavax/servlet/http/HttpServletRequest;Ljavax/servlet/http/HttpServletResponse;)V+241
j  org.springframework.web.servlet.FrameworkServlet.processRequest(Ljavax/servlet/http/HttpServletRequest;Ljavax/servlet/http/HttpServletResponse;)V+71
j  org.springframework.web.servlet.FrameworkServlet.doPost(Ljavax/servlet/http/HttpServletRequest;Ljavax/servlet/http/HttpServletResponse;)V+3
j  javax.servlet.http.HttpServlet.service(Ljavax/servlet/http/HttpServletRequest;Ljavax/servlet/http/HttpServletResponse;)V+149
j  org.springframework.web.servlet.FrameworkServlet.service(Ljavax/servlet/http/HttpServletRequest;Ljavax/servlet/http/HttpServletResponse;)V+33
j  javax.servlet.http.HttpServlet.service(Ljavax/servlet/ServletRequest;Ljavax/servlet/ServletResponse;)V+36
j  org.apache.catalina.core.ApplicationFilterChain.internalDoFilter(Ljavax/servlet/ServletRequest;Ljavax/servlet/ServletResponse;)V+304
j  org.apache.catalina.core.ApplicationFilterChain.doFilter(Ljavax/servlet/ServletRequest;Ljavax/servlet/ServletResponse;)V+99
j  org.apache.tomcat.websocket.server.WsFilter.doFilter(Ljavax/servlet/ServletRequest;Ljavax/servlet/ServletResponse;Ljavax/servlet/FilterChain;)V+21
j  org.apache.catalina.core.ApplicationFilterChain.internalDoFilter(Ljavax/servlet/ServletRequest;Ljavax/servlet/ServletResponse;)V+135
j  org.apache.catalina.core.ApplicationFilterChain.doFilter(Ljavax/servlet/ServletRequest;Ljavax/servlet/ServletResponse;)V+99
j  org.springframework.web.filter.RequestContextFilter.doFilterInternal(Ljavax/servlet/http/HttpServletRequest;Ljavax/servlet/http/HttpServletResponse;Ljavax/servlet/FilterChain;)V+21
j  org.springframework.web.filter.OncePerRequestFilter.doFilter(Ljavax/servlet/ServletRequest;Ljavax/servlet/ServletResponse;Ljavax/servlet/FilterChain;)V+147
j  org.apache.catalina.core.ApplicationFilterChain.internalDoFilter(Ljavax/servlet/ServletRequest;Ljavax/servlet/ServletResponse;)V+135
j  org.apache.catalina.core.ApplicationFilterChain.doFilter(Ljavax/servlet/ServletRequest;Ljavax/servlet/ServletResponse;)V+99
j  org.springframework.web.filter.FormContentFilter.doFilterInternal(Ljavax/servlet/http/HttpServletRequest;Ljavax/servlet/http/HttpServletResponse;Ljavax/servlet/FilterChain;)V+38
j  org.springframework.web.filter.OncePerRequestFilter.doFilter(Ljavax/servlet/ServletRequest;Ljavax/servlet/ServletResponse;Ljavax/servlet/FilterChain;)V+147
j  org.apache.catalina.core.ApplicationFilterChain.internalDoFilter(Ljavax/servlet/ServletRequest;Ljavax/servlet/ServletResponse;)V+135
j  org.apache.catalina.core.ApplicationFilterChain.doFilter(Ljavax/servlet/ServletRequest;Ljavax/servlet/ServletResponse;)V+99
j  org.springframework.web.filter.CharacterEncodingFilter.doFilterInternal(Ljavax/servlet/http/HttpServletRequest;Ljavax/servlet/http/HttpServletResponse;Ljavax/servlet/FilterChain;)V+53
j  org.springframework.web.filter.OncePerRequestFilter.doFilter(Ljavax/servlet/ServletRequest;Ljavax/servlet/ServletResponse;Ljavax/servlet/FilterChain;)V+147
j  org.apache.catalina.core.ApplicationFilterChain.internalDoFilter(Ljavax/servlet/ServletRequest;Ljavax/servlet/ServletResponse;)V+135
j  org.apache.catalina.core.ApplicationFilterChain.doFilter(Ljavax/servlet/ServletRequest;Ljavax/servlet/ServletResponse;)V+99
j  org.apache.catalina.core.StandardWrapperValve.invoke(Lorg/apache/catalina/connector/Request;Lorg/apache/catalina/connector/Response;)V+694
j  org.apache.catalina.core.StandardContextValve.invoke(Lorg/apache/catalina/connector/Request;Lorg/apache/catalina/connector/Response;)V+169
j  org.apache.catalina.authenticator.AuthenticatorBase.invoke(Lorg/apache/catalina/connector/Request;Lorg/apache/catalina/connector/Response;)V+260
j  org.apache.catalina.core.StandardHostValve.invoke(Lorg/apache/catalina/connector/Request;Lorg/apache/catalina/connector/Response;)V+128
j  org.apache.catalina.valves.ErrorReportValve.invoke(Lorg/apache/catalina/connector/Request;Lorg/apache/catalina/connector/Response;)V+6
j  org.apache.catalina.core.StandardEngineValve.invoke(Lorg/apache/catalina/connector/Request;Lorg/apache/catalina/connector/Response;)V+59
j  org.apache.catalina.connector.CoyoteAdapter.service(Lorg/apache/coyote/Request;Lorg/apache/coyote/Response;)V+203
j  org.apache.coyote.http11.Http11Processor.service(Lorg/apache/tomcat/util/net/SocketWrapperBase;)Lorg/apache/tomcat/util/net/AbstractEndpoint$Handler$SocketState;+796
j  org.apache.coyote.AbstractProcessorLight.process(Lorg/apache/tomcat/util/net/SocketWrapperBase;Lorg/apache/tomcat/util/net/SocketEvent;)Lorg/apache/tomcat/util/net/AbstractEndpoint$Handler$SocketState;+170
j  org.apache.coyote.AbstractProtocol$ConnectionHandler.process(Lorg/apache/tomcat/util/net/SocketWrapperBase;Lorg/apache/tomcat/util/net/SocketEvent;)Lorg/apache/tomcat/util/net/AbstractEndpoint$Handler$SocketState;+495
j  org.apache.tomcat.util.net.NioEndpoint$SocketProcessor.doRun()V+216
j  org.apache.tomcat.util.net.SocketProcessorBase.run()V+21
j  org.apache.tomcat.util.threads.ThreadPoolExecutor.runWorker(Lorg/apache/tomcat/util/threads/ThreadPoolExecutor$Worker;)V+92
j  org.apache.tomcat.util.threads.ThreadPoolExecutor$Worker.run()V+5
j  org.apache.tomcat.util.threads.TaskThread$WrappingRunnable.run()V+4
j  java.lang.Thread.run()V+11 java.base@11.0.14
v  ~StubRoutines::call_stub

siginfo: si_signo: 11 (SIGSEGV), si_code: 1 (SEGV_MAPERR), si_addr: 0x0000000000000000

Register to memory mapping:

RAX=0x0 is NULL
RBX=0x0000000000000001 is an unknown value
RCX=0x0000000000000010 is an unknown value
RDX=0x0 is NULL
RSP=0x00007f81460fb4e8 is pointing into the stack for thread: 0x00007f81ad24c800
RBP=0x00007f81460fb520 is pointing into the stack for thread: 0x00007f81ad24c800
RSI=0x0 is NULL
RDI=0x0 is NULL
R8 =0x0000000000000020 is an unknown value
R9 =0x00007f81b3b916fe: <offset 0x00000000009156fe> in /usr/lib/jvm/java-11-openjdk-amd64/lib/server/libjvm.so at 0x00007f81b327c000
R10=0x00007f81b4567940: <offset 0x000000000000e940> in /lib/x86_64-linux-gnu/libc.so.6 at 0x00007f81b4559000
R11=0x00007f81b46f6960: <offset 0x000000000019d960> in /lib/x86_64-linux-gnu/libc.so.6 at 0x00007f81b4559000
R12=0x0000000000000400 is an unknown value
R13=0x0000000000000001 is an unknown value
R14=0x0000000000000010 is an unknown value
R15=0x0000000000000020 is an unknown value


Registers:
RAX=0x0000000000000000, RBX=0x0000000000000001, RCX=0x0000000000000010, RDX=0x0000000000000000
RSP=0x00007f81460fb4e8, RBP=0x00007f81460fb520, RSI=0x0000000000000000, RDI=0x0000000000000000
R8 =0x0000000000000020, R9 =0x00007f81b3b916fe, R10=0x00007f81b4567940, R11=0x00007f81b46f6960
R12=0x0000000000000400, R13=0x0000000000000001, R14=0x0000000000000010, R15=0x0000000000000020
RIP=0x00007f81b46f697d, EFLAGS=0x0000000000010283, CSGSFS=0x002b000000000033, ERR=0x0000000000000004
  TRAPNO=0x000000000000000e

Top of Stack: (sp=0x00007f81460fb4e8)
0x00007f81460fb4e8:   00007f818478c21d 00007f81460fb680
0x00007f81460fb4f8:   fffffffffffffffc 00007f81460fbfd0
0x00007f81460fb508:   00007f81460fb470 0000000000000005
0x00007f81460fb518:   00007f8144f1265c 000000000000000c 

Instructions: (pc=0x00007f81b46f697d)
0x00007f81b46f687d:   fd d7 ca c5 fd d7 c3 09 c1 75 38 c5 fd 6f 0f c5
0x00007f81b46f688d:   fd 74 d1 48 83 c7 20 c5 dd 74 d9 c5 fd d7 ca c5
0x00007f81b46f689d:   fd d7 c3 09 c1 75 1c c5 fd 6f 0f c5 fd 74 d1 48
0x00007f81b46f68ad:   83 c7 20 c5 dd 74 d9 c5 fd d7 ca c5 fd d7 c3 09
0x00007f81b46f68bd:   c1 74 90 85 c0 75 1c 85 d2 0f 84 84 00 00 00 89
0x00007f81b46f68cd:   d0 48 89 f7 0f bd c0 48 8d 44 07 e0 c5 f8 77 c3
0x00007f81b46f68dd:   0f 1f 00 c5 fd d7 ca 85 c9 75 18 89 c2 48 89 fe
0x00007f81b46f68ed:   e9 5e ff ff ff 66 66 2e 0f 1f 84 00 00 00 00 00
0x00007f81b46f68fd:   0f 1f 00 41 89 c8 41 83 e8 01 41 31 c8 44 21 c0
0x00007f81b46f690d:   85 c0 74 b3 0f bd c0 48 8d 44 07 e0 c5 f8 77 c3
0x00007f81b46f691d:   0f 1f 00 48 01 cf 89 d1 41 89 c8 41 83 e8 01 41
0x00007f81b46f692d:   31 c8 44 21 c0 85 c0 74 1a 0f bd c0 48 8d 44 07
0x00007f81b46f693d:   e0 c5 f8 77 c3 66 66 2e 0f 1f 84 00 00 00 00 00
0x00007f81b46f694d:   0f 1f 00 31 c0 c5 f8 77 c3 66 2e 0f 1f 84 00 00
0x00007f81b46f695d:   00 00 00 f3 0f 1e fa 89 f8 48 89 fa c5 f9 ef c0
0x00007f81b46f696d:   25 ff 0f 00 00 3d e0 0f 00 00 0f 87 33 01 00 00
0x00007f81b46f697d:   c5 fd 74 0f c5 fd d7 c1 85 c0 74 57 f3 0f bc c0
0x00007f81b46f698d:   c5 f8 77 c3 66 66 2e 0f 1f 84 00 00 00 00 00 0f
0x00007f81b46f699d:   1f 40 00 f3 0f bc c0 29 d7 ff c7 01 f8 c5 f8 77
0x00007f81b46f69ad:   c3 66 90 f3 0f bc c0 29 d7 83 c7 21 01 f8 c5 f8
0x00007f81b46f69bd:   77 c3 90 f3 0f bc c0 29 d7 83 c7 41 01 f8 c5 f8
0x00007f81b46f69cd:   77 c3 90 f3 0f bc c0 29 d7 83 c7 61 01 f8 c5 f8
0x00007f81b46f69dd:   77 c3 90 48 83 cf 1f c5 fd 74 4f 01 c5 fd d7 c1
0x00007f81b46f69ed:   85 c0 75 af c5 fd 74 4f 21 c5 fd d7 c1 85 c0 75
0x00007f81b46f69fd:   b2 c5 fd 74 4f 41 c5 fd d7 c1 85 c0 75 b5 c5 fd
0x00007f81b46f6a0d:   74 4f 61 c5 fd d7 c1 85 c0 75 b8 48 ff c7 48 83
0x00007f81b46f6a1d:   cf 7f 90 c5 fd 6f 4f 01 c5 f5 da 57 21 c5 fd 6f
0x00007f81b46f6a2d:   5f 41 c5 e5 da 67 61 c5 dd da ea c5 fd 74 ed c5
0x00007f81b46f6a3d:   fd d7 cd 48 83 ef 80 85 c9 74 d8 c5 fd 74 c9 c5
0x00007f81b46f6a4d:   fd d7 c1 48 29 d7 85 c0 75 39 c5 fd 74 d2 c5 fd
0x00007f81b46f6a5d:   d7 c2 85 c0 75 3d c5 fd 74 db c5 fd d7 c3 48 c1
0x00007f81b46f6a6d:   e1 20 48 09 c8 f3 48 0f bc c0 48 83 ef 3f 48 01 


Stack slot to memory mapping:
stack at sp + 0 slots: 0x00007f818478c21d: argon2_encodedlen+0x000000000000002d in /usr/lib/x86_64-linux-gnu/libargon2.so.1 at 0x00007f8184789000
stack at sp + 1 slots: 0x00007f81460fb680 is pointing into the stack for thread: 0x00007f81ad24c800
stack at sp + 2 slots: 0xfffffffffffffffc is an unknown value
stack at sp + 3 slots: 0x00007f81460fbfd0 is pointing into the stack for thread: 0x00007f81ad24c800
stack at sp + 4 slots: 0x00007f81460fb470 is pointing into the stack for thread: 0x00007f81ad24c800
stack at sp + 5 slots: 0x0000000000000005 is an unknown value
stack at sp + 6 slots: 0x00007f8144f1265c: ffi_call_unix64+0x000000000000004c in /tmp/jna--1332058823/jna17562018256856518633.tmp at 0x00007f8144f00000
stack at sp + 7 slots: 0x000000000000000c is an unknown value


---------------  P R O C E S S  ---------------

Threads class SMR info:
_java_thread_list=0x00007f8120097080, length=26, elements={
0x00007f81ac0c0800, 0x00007f81ac0c2800, 0x00007f81ac0c8000, 0x00007f81ac0ca000,
0x00007f81ac0cc000, 0x00007f81ac0ce000, 0x00007f81ac111000, 0x00007f81acbfc800,
0x00007f8154193000, 0x00007f81acbff800, 0x00007f81acc14000, 0x00007f81acd1c000,
0x00007f81ad249800, 0x00007f81ad24a800, 0x00007f81ad24c800, 0x00007f81ad24e800,
0x00007f81ad250800, 0x00007f81ad252800, 0x00007f81ad254800, 0x00007f81ad256800,
0x00007f81ad258800, 0x00007f81ad25a800, 0x00007f81ad261000, 0x00007f81ad263800,
0x00007f81ac017800, 0x00007f8120096000
}

Java Threads: ( => current thread )
  0x00007f81ac0c0800 JavaThread "Reference Handler" daemon [_thread_blocked, id=34388, stack(0x00007f8194030000,0x00007f8194130000)]
  0x00007f81ac0c2800 JavaThread "Finalizer" daemon [_thread_blocked, id=34389, stack(0x00007f8185700000,0x00007f8185800000)]
  0x00007f81ac0c8000 JavaThread "Signal Dispatcher" daemon [_thread_blocked, id=34390, stack(0x00007f8184dff000,0x00007f8184eff000)]
  0x00007f81ac0ca000 JavaThread "Service Thread" daemon [_thread_blocked, id=34391, stack(0x00007f8184cff000,0x00007f8184dff000)]
  0x00007f81ac0cc000 JavaThread "C1 CompilerThread0" daemon [_thread_blocked, id=34392, stack(0x00007f8184bff000,0x00007f8184cff000)]
  0x00007f81ac0ce000 JavaThread "Sweeper thread" daemon [_thread_blocked, id=34393, stack(0x00007f8184aff000,0x00007f8184bff000)]
  0x00007f81ac111000 JavaThread "Common-Cleaner" daemon [_thread_blocked, id=34395, stack(0x00007f81848fd000,0x00007f81849fd000)]
  0x00007f81acbfc800 JavaThread "Catalina-utility-1" [_thread_blocked, id=34401, stack(0x00007f818467f000,0x00007f818477f000)]
  0x00007f8154193000 JavaThread "Catalina-utility-2" [_thread_blocked, id=34402, stack(0x00007f8147700000,0x00007f8147800000)]
  0x00007f81acbff800 JavaThread "container-0" [_thread_blocked, id=34403, stack(0x00007f8147600000,0x00007f8147700000)]
  0x00007f81acc14000 JavaThread "mysql-cj-abandoned-connection-cleanup" daemon [_thread_blocked, id=34404, stack(0x00007f8147500000,0x00007f8147600000)]
  0x00007f81acd1c000 JavaThread "HikariPool-1 housekeeper" daemon [_thread_blocked, id=34405, stack(0x00007f8147200000,0x00007f8147300000)]
  0x00007f81ad249800 JavaThread "http-nio-8080-exec-1" daemon [_thread_blocked, id=34408, stack(0x00007f8146200000,0x00007f8146300000)]
  0x00007f81ad24a800 JavaThread "http-nio-8080-exec-2" daemon [_thread_blocked, id=34409, stack(0x00007f8146100000,0x00007f8146200000)]
=>0x00007f81ad24c800 JavaThread "http-nio-8080-exec-3" daemon [_thread_in_native, id=34410, stack(0x00007f8146000000,0x00007f8146100000)]
  0x00007f81ad24e800 JavaThread "http-nio-8080-exec-4" daemon [_thread_blocked, id=34411, stack(0x00007f8145f00000,0x00007f8146000000)]
  0x00007f81ad250800 JavaThread "http-nio-8080-exec-5" daemon [_thread_blocked, id=34412, stack(0x00007f8145e00000,0x00007f8145f00000)]
  0x00007f81ad252800 JavaThread "http-nio-8080-exec-6" daemon [_thread_blocked, id=34413, stack(0x00007f8145d00000,0x00007f8145e00000)]
  0x00007f81ad254800 JavaThread "http-nio-8080-exec-7" daemon [_thread_blocked, id=34414, stack(0x00007f8145c00000,0x00007f8145d00000)]
  0x00007f81ad256800 JavaThread "http-nio-8080-exec-8" daemon [_thread_blocked, id=34415, stack(0x00007f8145b00000,0x00007f8145c00000)]
  0x00007f81ad258800 JavaThread "http-nio-8080-exec-9" daemon [_thread_blocked, id=34416, stack(0x00007f8145a00000,0x00007f8145b00000)]
  0x00007f81ad25a800 JavaThread "http-nio-8080-exec-10" daemon [_thread_blocked, id=34417, stack(0x00007f8145900000,0x00007f8145a00000)]
  0x00007f81ad261000 JavaThread "http-nio-8080-Poller" daemon [_thread_in_native, id=34418, stack(0x00007f8145800000,0x00007f8145900000)]
  0x00007f81ad263800 JavaThread "http-nio-8080-Acceptor" daemon [_thread_in_native, id=34419, stack(0x00007f8145700000,0x00007f8145800000)]
  0x00007f81ac017800 JavaThread "DestroyJavaVM" [_thread_blocked, id=34381, stack(0x00007f81b2e49000,0x00007f81b2f49000)]
  0x00007f8120096000 JavaThread "process reaper" daemon [_thread_blocked, id=34458, stack(0x00007f8184059000,0x00007f818407b000)]

Other Threads:
  0x00007f81ac0bd800 VMThread "VM Thread" [stack: 0x00007f8194132000,0x00007f8194232000] [id=34387]
  0x00007f81ac10e800 WatcherThread [stack: 0x00007f81849ff000,0x00007f8184aff000] [id=34394]
  0x00007f81ac031000 GCTaskThread "GC Thread#0" [stack: 0x00007f81b2b18000,0x00007f81b2c18000] [id=34382]
  0x00007f817c001000 GCTaskThread "GC Thread#1" [stack: 0x00007f81847aa000,0x00007f81848aa000] [id=34396]
  0x00007f817c003800 GCTaskThread "GC Thread#2" [stack: 0x00007f818437f000,0x00007f818447f000] [id=34398]
  0x00007f817c005000 GCTaskThread "GC Thread#3" [stack: 0x00007f818427d000,0x00007f818437d000] [id=34399]
  0x00007f81ac04b800 ConcurrentGCThread "G1 Main Marker" [stack: 0x00007f81b0252000,0x00007f81b0352000] [id=34383]
  0x00007f81ac04d800 ConcurrentGCThread "G1 Conc#0" [stack: 0x00007f81b0150000,0x00007f81b0250000] [id=34384]
  0x00007f81ac08f800 ConcurrentGCThread "G1 Refine#0" [stack: 0x00007f819443a000,0x00007f819453a000] [id=34385]
  0x00007f81ac091000 ConcurrentGCThread "G1 Young RemSet Sampling" [stack: 0x00007f8194338000,0x00007f8194438000] [id=34386]

Threads with active compile tasks:

VM state:not at safepoint (normal execution)

VM Mutex/Monitor currently owned by a thread: None

Heap address: 0x00000000c4000000, size: 960 MB, Compressed Oops mode: 32-bit
Narrow klass base: 0x0000000800000000, Narrow klass shift: 3
Compressed class space size: 1073741824 Address: 0x0000000840000000

Heap:
 garbage-first heap   total 120832K, used 57124K [0x00000000c4000000, 0x0000000100000000)
  region size 1024K, 41 young (41984K), 5 survivors (5120K)
 Metaspace       used 47148K, capacity 48581K, committed 48668K, reserved 1091584K
  class space    used 6227K, capacity 6771K, committed 6784K, reserved 1048576K
Heap Regions: E=young(eden), S=young(survivor), O=old, HS=humongous(starts), HC=humongous(continues), CS=collection set, F=free, A=archive, TAMS=top-at-mark-start (previous, next)
|   0|0x00000000c4000000, 0x00000000c4100000, 0x00000000c4100000|100%|HS|  |TAMS 0x00000000c4100000, 0x00000000c4000000| Complete 
|   1|0x00000000c4100000, 0x00000000c4200000, 0x00000000c4200000|100%| O|  |TAMS 0x00000000c4200000, 0x00000000c4100000| Untracked 
|   2|0x00000000c4200000, 0x00000000c4300000, 0x00000000c4300000|100%| O|  |TAMS 0x00000000c4300000, 0x00000000c4200000| Untracked 
|   3|0x00000000c4300000, 0x00000000c4400000, 0x00000000c4400000|100%| O|  |TAMS 0x00000000c4400000, 0x00000000c4300000| Untracked 
|   4|0x00000000c4400000, 0x00000000c4500000, 0x00000000c4500000|100%| O|  |TAMS 0x00000000c4500000, 0x00000000c4400000| Untracked 
|   5|0x00000000c4500000, 0x00000000c4600000, 0x00000000c4600000|100%| O|  |TAMS 0x00000000c4600000, 0x00000000c4500000| Untracked 
|   6|0x00000000c4600000, 0x00000000c4700000, 0x00000000c4700000|100%| O|  |TAMS 0x00000000c4700000, 0x00000000c4600000| Untracked 
|   7|0x00000000c4700000, 0x00000000c4800000, 0x00000000c4800000|100%| O|  |TAMS 0x00000000c4800000, 0x00000000c4700000| Untracked 
|   8|0x00000000c4800000, 0x00000000c4900000, 0x00000000c4900000|100%| O|  |TAMS 0x00000000c4900000, 0x00000000c4800000| Untracked 
|   9|0x00000000c4900000, 0x00000000c4a00000, 0x00000000c4a00000|100%| O|  |TAMS 0x00000000c4a00000, 0x00000000c4900000| Untracked 
|  10|0x00000000c4a00000, 0x00000000c4b00000, 0x00000000c4b00000|100%| O|  |TAMS 0x00000000c4b00000, 0x00000000c4a00000| Untracked 
|  11|0x00000000c4b00000, 0x00000000c4c00000, 0x00000000c4c00000|100%| O|  |TAMS 0x00000000c4c00000, 0x00000000c4b00000| Untracked 
|  12|0x00000000c4c00000, 0x00000000c4d00000, 0x00000000c4d00000|100%| O|  |TAMS 0x00000000c4d00000, 0x00000000c4c00000| Untracked 
|  13|0x00000000c4d00000, 0x00000000c4e00000, 0x00000000c4e00000|100%| O|  |TAMS 0x00000000c4e00000, 0x00000000c4d00000| Untracked 
|  14|0x00000000c4e00000, 0x00000000c4f00000, 0x00000000c4f00000|100%| O|  |TAMS 0x00000000c4f00000, 0x00000000c4e00000| Untracked 
|  15|0x00000000c4f00000, 0x00000000c4f35800, 0x00000000c5000000| 20%| O|  |TAMS 0x00000000c4f35800, 0x00000000c4f00000| Untracked 
|  16|0x00000000c5000000, 0x00000000c5000000, 0x00000000c5100000|  0%| F|  |TAMS 0x00000000c5000000, 0x00000000c5000000| Untracked 
|  17|0x00000000c5100000, 0x00000000c5100000, 0x00000000c5200000|  0%| F|  |TAMS 0x00000000c5100000, 0x00000000c5100000| Untracked 
|  18|0x00000000c5200000, 0x00000000c5200000, 0x00000000c5300000|  0%| F|  |TAMS 0x00000000c5200000, 0x00000000c5200000| Untracked 
|  19|0x00000000c5300000, 0x00000000c5300000, 0x00000000c5400000|  0%| F|  |TAMS 0x00000000c5300000, 0x00000000c5300000| Untracked 
|  20|0x00000000c5400000, 0x00000000c5400000, 0x00000000c5500000|  0%| F|  |TAMS 0x00000000c5400000, 0x00000000c5400000| Untracked 
|  21|0x00000000c5500000, 0x00000000c5500000, 0x00000000c5600000|  0%| F|  |TAMS 0x00000000c5500000, 0x00000000c5500000| Untracked 
|  22|0x00000000c5600000, 0x00000000c5600000, 0x00000000c5700000|  0%| F|  |TAMS 0x00000000c5600000, 0x00000000c5600000| Untracked 
|  23|0x00000000c5700000, 0x00000000c5700000, 0x00000000c5800000|  0%| F|  |TAMS 0x00000000c5700000, 0x00000000c5700000| Untracked 
|  24|0x00000000c5800000, 0x00000000c5800000, 0x00000000c5900000|  0%| F|  |TAMS 0x00000000c5800000, 0x00000000c5800000| Untracked 
|  25|0x00000000c5900000, 0x00000000c5900000, 0x00000000c5a00000|  0%| F|  |TAMS 0x00000000c5900000, 0x00000000c5900000| Untracked 
|  26|0x00000000c5a00000, 0x00000000c5a00000, 0x00000000c5b00000|  0%| F|  |TAMS 0x00000000c5a00000, 0x00000000c5a00000| Untracked 
|  27|0x00000000c5b00000, 0x00000000c5b00000, 0x00000000c5c00000|  0%| F|  |TAMS 0x00000000c5b00000, 0x00000000c5b00000| Untracked 
|  28|0x00000000c5c00000, 0x00000000c5c00000, 0x00000000c5d00000|  0%| F|  |TAMS 0x00000000c5c00000, 0x00000000c5c00000| Untracked 
|  29|0x00000000c5d00000, 0x00000000c5d00000, 0x00000000c5e00000|  0%| F|  |TAMS 0x00000000c5d00000, 0x00000000c5d00000| Untracked 
|  30|0x00000000c5e00000, 0x00000000c5e00000, 0x00000000c5f00000|  0%| F|  |TAMS 0x00000000c5e00000, 0x00000000c5e00000| Untracked 
|  31|0x00000000c5f00000, 0x00000000c5f00000, 0x00000000c6000000|  0%| F|  |TAMS 0x00000000c5f00000, 0x00000000c5f00000| Untracked 
|  32|0x00000000c6000000, 0x00000000c6000000, 0x00000000c6100000|  0%| F|  |TAMS 0x00000000c6000000, 0x00000000c6000000| Untracked 
|  33|0x00000000c6100000, 0x00000000c6100000, 0x00000000c6200000|  0%| F|  |TAMS 0x00000000c6100000, 0x00000000c6100000| Untracked 
|  34|0x00000000c6200000, 0x00000000c6200000, 0x00000000c6300000|  0%| F|  |TAMS 0x00000000c6200000, 0x00000000c6200000| Untracked 
|  35|0x00000000c6300000, 0x00000000c6300000, 0x00000000c6400000|  0%| F|  |TAMS 0x00000000c6300000, 0x00000000c6300000| Untracked 
|  36|0x00000000c6400000, 0x00000000c6400000, 0x00000000c6500000|  0%| F|  |TAMS 0x00000000c6400000, 0x00000000c6400000| Untracked 
|  37|0x00000000c6500000, 0x00000000c6500000, 0x00000000c6600000|  0%| F|  |TAMS 0x00000000c6500000, 0x00000000c6500000| Untracked 
|  38|0x00000000c6600000, 0x00000000c6600000, 0x00000000c6700000|  0%| F|  |TAMS 0x00000000c6600000, 0x00000000c6600000| Untracked 
|  39|0x00000000c6700000, 0x00000000c6700000, 0x00000000c6800000|  0%| F|  |TAMS 0x00000000c6700000, 0x00000000c6700000| Untracked 
|  40|0x00000000c6800000, 0x00000000c6800000, 0x00000000c6900000|  0%| F|  |TAMS 0x00000000c6800000, 0x00000000c6800000| Untracked 
|  41|0x00000000c6900000, 0x00000000c6900000, 0x00000000c6a00000|  0%| F|  |TAMS 0x00000000c6900000, 0x00000000c6900000| Untracked 
|  42|0x00000000c6a00000, 0x00000000c6a00000, 0x00000000c6b00000|  0%| F|  |TAMS 0x00000000c6a00000, 0x00000000c6a00000| Untracked 
|  43|0x00000000c6b00000, 0x00000000c6b00000, 0x00000000c6c00000|  0%| F|  |TAMS 0x00000000c6b00000, 0x00000000c6b00000| Untracked 
|  44|0x00000000c6c00000, 0x00000000c6c00000, 0x00000000c6d00000|  0%| F|  |TAMS 0x00000000c6c00000, 0x00000000c6c00000| Untracked 
|  45|0x00000000c6d00000, 0x00000000c6d00000, 0x00000000c6e00000|  0%| F|  |TAMS 0x00000000c6d00000, 0x00000000c6d00000| Untracked 
|  46|0x00000000c6e00000, 0x00000000c6e00000, 0x00000000c6f00000|  0%| F|  |TAMS 0x00000000c6e00000, 0x00000000c6e00000| Untracked 
|  47|0x00000000c6f00000, 0x00000000c6f00000, 0x00000000c7000000|  0%| F|  |TAMS 0x00000000c6f00000, 0x00000000c6f00000| Untracked 
|  48|0x00000000c7000000, 0x00000000c7000000, 0x00000000c7100000|  0%| F|  |TAMS 0x00000000c7000000, 0x00000000c7000000| Untracked 
|  49|0x00000000c7100000, 0x00000000c7100000, 0x00000000c7200000|  0%| F|  |TAMS 0x00000000c7100000, 0x00000000c7100000| Untracked 
|  50|0x00000000c7200000, 0x00000000c7200000, 0x00000000c7300000|  0%| F|  |TAMS 0x00000000c7200000, 0x00000000c7200000| Untracked 
|  51|0x00000000c7300000, 0x00000000c7300000, 0x00000000c7400000|  0%| F|  |TAMS 0x00000000c7300000, 0x00000000c7300000| Untracked 
|  52|0x00000000c7400000, 0x00000000c7400000, 0x00000000c7500000|  0%| F|  |TAMS 0x00000000c7400000, 0x00000000c7400000| Untracked 
|  53|0x00000000c7500000, 0x00000000c7500000, 0x00000000c7600000|  0%| F|  |TAMS 0x00000000c7500000, 0x00000000c7500000| Untracked 
|  54|0x00000000c7600000, 0x00000000c7600000, 0x00000000c7700000|  0%| F|  |TAMS 0x00000000c7600000, 0x00000000c7600000| Untracked 
|  55|0x00000000c7700000, 0x00000000c7700000, 0x00000000c7800000|  0%| F|  |TAMS 0x00000000c7700000, 0x00000000c7700000| Untracked 
|  56|0x00000000c7800000, 0x00000000c7800000, 0x00000000c7900000|  0%| F|  |TAMS 0x00000000c7800000, 0x00000000c7800000| Untracked 
|  57|0x00000000c7900000, 0x00000000c7900000, 0x00000000c7a00000|  0%| F|  |TAMS 0x00000000c7900000, 0x00000000c7900000| Untracked 
|  58|0x00000000c7a00000, 0x00000000c7a00000, 0x00000000c7b00000|  0%| F|  |TAMS 0x00000000c7a00000, 0x00000000c7a00000| Untracked 
|  59|0x00000000c7b00000, 0x00000000c7b00000, 0x00000000c7c00000|  0%| F|  |TAMS 0x00000000c7b00000, 0x00000000c7b00000| Untracked 
|  60|0x00000000c7c00000, 0x00000000c7c00000, 0x00000000c7d00000|  0%| F|  |TAMS 0x00000000c7c00000, 0x00000000c7c00000| Untracked 
|  61|0x00000000c7d00000, 0x00000000c7d00000, 0x00000000c7e00000|  0%| F|  |TAMS 0x00000000c7d00000, 0x00000000c7d00000| Untracked 
|  62|0x00000000c7e00000, 0x00000000c7e00000, 0x00000000c7f00000|  0%| F|  |TAMS 0x00000000c7e00000, 0x00000000c7e00000| Untracked 
|  63|0x00000000c7f00000, 0x00000000c7fe1b40, 0x00000000c8000000| 88%| S|CS|TAMS 0x00000000c7f00000, 0x00000000c7f00000| Complete 
|  64|0x00000000c8000000, 0x00000000c8100000, 0x00000000c8100000|100%| S|CS|TAMS 0x00000000c8000000, 0x00000000c8000000| Complete 
|  65|0x00000000c8100000, 0x00000000c8200000, 0x00000000c8200000|100%| S|CS|TAMS 0x00000000c8100000, 0x00000000c8100000| Complete 
|  66|0x00000000c8200000, 0x00000000c8300000, 0x00000000c8300000|100%| S|CS|TAMS 0x00000000c8200000, 0x00000000c8200000| Complete 
|  67|0x00000000c8300000, 0x00000000c8400000, 0x00000000c8400000|100%| S|CS|TAMS 0x00000000c8300000, 0x00000000c8300000| Complete 
|  68|0x00000000c8400000, 0x00000000c8400000, 0x00000000c8500000|  0%| F|  |TAMS 0x00000000c8400000, 0x00000000c8400000| Untracked 
|  69|0x00000000c8500000, 0x00000000c8500000, 0x00000000c8600000|  0%| F|  |TAMS 0x00000000c8500000, 0x00000000c8500000| Untracked 
|  70|0x00000000c8600000, 0x00000000c8600000, 0x00000000c8700000|  0%| F|  |TAMS 0x00000000c8600000, 0x00000000c8600000| Untracked 
|  71|0x00000000c8700000, 0x00000000c8700000, 0x00000000c8800000|  0%| F|  |TAMS 0x00000000c8700000, 0x00000000c8700000| Untracked 
|  72|0x00000000c8800000, 0x00000000c8800000, 0x00000000c8900000|  0%| F|  |TAMS 0x00000000c8800000, 0x00000000c8800000| Untracked 
|  73|0x00000000c8900000, 0x00000000c8900000, 0x00000000c8a00000|  0%| F|  |TAMS 0x00000000c8900000, 0x00000000c8900000| Untracked 
|  74|0x00000000c8a00000, 0x00000000c8a00000, 0x00000000c8b00000|  0%| F|  |TAMS 0x00000000c8a00000, 0x00000000c8a00000| Untracked 
|  75|0x00000000c8b00000, 0x00000000c8b00000, 0x00000000c8c00000|  0%| F|  |TAMS 0x00000000c8b00000, 0x00000000c8b00000| Untracked 
|  76|0x00000000c8c00000, 0x00000000c8c00000, 0x00000000c8d00000|  0%| F|  |TAMS 0x00000000c8c00000, 0x00000000c8c00000| Untracked 
|  77|0x00000000c8d00000, 0x00000000c8d00000, 0x00000000c8e00000|  0%| F|  |TAMS 0x00000000c8d00000, 0x00000000c8d00000| Untracked 
|  78|0x00000000c8e00000, 0x00000000c8e00000, 0x00000000c8f00000|  0%| F|  |TAMS 0x00000000c8e00000, 0x00000000c8e00000| Untracked 
|  79|0x00000000c8f00000, 0x00000000c8f00000, 0x00000000c9000000|  0%| F|  |TAMS 0x00000000c8f00000, 0x00000000c8f00000| Untracked 
|  80|0x00000000c9000000, 0x00000000c9080800, 0x00000000c9100000| 50%| E|  |TAMS 0x00000000c9000000, 0x00000000c9000000| Complete 
|  81|0x00000000c9100000, 0x00000000c9200000, 0x00000000c9200000|100%| E|CS|TAMS 0x00000000c9100000, 0x00000000c9100000| Complete 
|  82|0x00000000c9200000, 0x00000000c9300000, 0x00000000c9300000|100%| E|CS|TAMS 0x00000000c9200000, 0x00000000c9200000| Complete 
|  83|0x00000000c9300000, 0x00000000c9400000, 0x00000000c9400000|100%| E|CS|TAMS 0x00000000c9300000, 0x00000000c9300000| Complete 
|  84|0x00000000c9400000, 0x00000000c9500000, 0x00000000c9500000|100%| E|CS|TAMS 0x00000000c9400000, 0x00000000c9400000| Complete 
|  85|0x00000000c9500000, 0x00000000c9600000, 0x00000000c9600000|100%| E|CS|TAMS 0x00000000c9500000, 0x00000000c9500000| Complete 
|  86|0x00000000c9600000, 0x00000000c9700000, 0x00000000c9700000|100%| E|CS|TAMS 0x00000000c9600000, 0x00000000c9600000| Complete 
|  87|0x00000000c9700000, 0x00000000c9800000, 0x00000000c9800000|100%| E|CS|TAMS 0x00000000c9700000, 0x00000000c9700000| Complete 
|  88|0x00000000c9800000, 0x00000000c9900000, 0x00000000c9900000|100%| E|CS|TAMS 0x00000000c9800000, 0x00000000c9800000| Complete 
|  89|0x00000000c9900000, 0x00000000c9a00000, 0x00000000c9a00000|100%| E|CS|TAMS 0x00000000c9900000, 0x00000000c9900000| Complete 
|  90|0x00000000c9a00000, 0x00000000c9b00000, 0x00000000c9b00000|100%| E|CS|TAMS 0x00000000c9a00000, 0x00000000c9a00000| Complete 
|  91|0x00000000c9b00000, 0x00000000c9c00000, 0x00000000c9c00000|100%| E|CS|TAMS 0x00000000c9b00000, 0x00000000c9b00000| Complete 
|  92|0x00000000c9c00000, 0x00000000c9d00000, 0x00000000c9d00000|100%| E|CS|TAMS 0x00000000c9c00000, 0x00000000c9c00000| Complete 
|  93|0x00000000c9d00000, 0x00000000c9e00000, 0x00000000c9e00000|100%| E|CS|TAMS 0x00000000c9d00000, 0x00000000c9d00000| Complete 
|  94|0x00000000c9e00000, 0x00000000c9f00000, 0x00000000c9f00000|100%| E|CS|TAMS 0x00000000c9e00000, 0x00000000c9e00000| Complete 
|  95|0x00000000c9f00000, 0x00000000ca000000, 0x00000000ca000000|100%| E|CS|TAMS 0x00000000c9f00000, 0x00000000c9f00000| Complete 
|  96|0x00000000ca000000, 0x00000000ca100000, 0x00000000ca100000|100%| E|CS|TAMS 0x00000000ca000000, 0x00000000ca000000| Complete 
|  97|0x00000000ca100000, 0x00000000ca200000, 0x00000000ca200000|100%| E|CS|TAMS 0x00000000ca100000, 0x00000000ca100000| Complete 
|  98|0x00000000ca200000, 0x00000000ca300000, 0x00000000ca300000|100%| E|CS|TAMS 0x00000000ca200000, 0x00000000ca200000| Complete 
|  99|0x00000000ca300000, 0x00000000ca400000, 0x00000000ca400000|100%| E|CS|TAMS 0x00000000ca300000, 0x00000000ca300000| Complete 
| 100|0x00000000ca400000, 0x00000000ca500000, 0x00000000ca500000|100%| E|CS|TAMS 0x00000000ca400000, 0x00000000ca400000| Complete 
| 101|0x00000000ca500000, 0x00000000ca600000, 0x00000000ca600000|100%| E|CS|TAMS 0x00000000ca500000, 0x00000000ca500000| Complete 
| 102|0x00000000ca600000, 0x00000000ca700000, 0x00000000ca700000|100%| E|CS|TAMS 0x00000000ca600000, 0x00000000ca600000| Complete 
| 103|0x00000000ca700000, 0x00000000ca800000, 0x00000000ca800000|100%| E|CS|TAMS 0x00000000ca700000, 0x00000000ca700000| Complete 
| 104|0x00000000ca800000, 0x00000000ca900000, 0x00000000ca900000|100%| E|CS|TAMS 0x00000000ca800000, 0x00000000ca800000| Complete 
| 105|0x00000000ca900000, 0x00000000caa00000, 0x00000000caa00000|100%| E|CS|TAMS 0x00000000ca900000, 0x00000000ca900000| Complete 
| 106|0x00000000caa00000, 0x00000000cab00000, 0x00000000cab00000|100%| E|CS|TAMS 0x00000000caa00000, 0x00000000caa00000| Complete 
| 107|0x00000000cab00000, 0x00000000cac00000, 0x00000000cac00000|100%| E|CS|TAMS 0x00000000cab00000, 0x00000000cab00000| Complete 
| 108|0x00000000cac00000, 0x00000000cad00000, 0x00000000cad00000|100%| E|CS|TAMS 0x00000000cac00000, 0x00000000cac00000| Complete 
| 109|0x00000000cad00000, 0x00000000cae00000, 0x00000000cae00000|100%| E|CS|TAMS 0x00000000cad00000, 0x00000000cad00000| Complete 
| 110|0x00000000cae00000, 0x00000000caf00000, 0x00000000caf00000|100%| E|CS|TAMS 0x00000000cae00000, 0x00000000cae00000| Complete 
| 111|0x00000000caf00000, 0x00000000cb000000, 0x00000000cb000000|100%| E|CS|TAMS 0x00000000caf00000, 0x00000000caf00000| Complete 
| 112|0x00000000cb000000, 0x00000000cb100000, 0x00000000cb100000|100%| E|CS|TAMS 0x00000000cb000000, 0x00000000cb000000| Complete 
| 113|0x00000000cb100000, 0x00000000cb200000, 0x00000000cb200000|100%| E|CS|TAMS 0x00000000cb100000, 0x00000000cb100000| Complete 
| 114|0x00000000cb200000, 0x00000000cb300000, 0x00000000cb300000|100%| E|CS|TAMS 0x00000000cb200000, 0x00000000cb200000| Complete 
| 115|0x00000000cb300000, 0x00000000cb400000, 0x00000000cb400000|100%| E|CS|TAMS 0x00000000cb300000, 0x00000000cb300000| Complete 
| 958|0x00000000ffe00000, 0x00000000ffe47000, 0x00000000fff00000| 27%|OA|  |TAMS 0x00000000ffe47000, 0x00000000ffe00000| Untracked 
| 959|0x00000000fff00000, 0x00000000fff6b000, 0x0000000100000000| 41%|CA|  |TAMS 0x00000000fff6b000, 0x00000000fff00000| Untracked 

Card table byte_map: [0x00007f81b2352000,0x00007f81b2532000] _byte_map_base: 0x00007f81b1d32000

Marking Bits (Prev, Next): (CMBitMap*) 0x00007f81ac046f68, (CMBitMap*) 0x00007f81ac046fa0
 Prev Bits: [0x00007f81b1272000, 0x00007f81b2172000)
 Next Bits: [0x00007f81b0372000, 0x00007f81b1272000)

Polling page: 0x00007f81b4781000

Metaspace:

Usage:
  Non-class:     40,83 MB capacity,    39,96 MB ( 98%) used,   720,97 KB (  2%) free+waste,   167,19 KB ( <1%) overhead. 
      Class:      6,61 MB capacity,     6,08 MB ( 92%) used,   461,26 KB (  7%) free+waste,    82,62 KB (  1%) overhead. 
       Both:     47,44 MB capacity,    46,04 MB ( 97%) used,     1,15 MB (  2%) free+waste,   249,81 KB ( <1%) overhead. 

Virtual space:
  Non-class space:       42,00 MB reserved,      40,90 MB ( 97%) committed 
      Class space:        1,00 GB reserved,       6,62 MB ( <1%) committed 
             Both:        1,04 GB reserved,      47,53 MB (  4%) committed 

Chunk freelists:
   Non-Class:  10,00 KB
       Class:  13,00 KB
        Both:  23,00 KB

MaxMetaspaceSize: unlimited
CompressedClassSpaceSize: 1,00 GB
Initial GC threshold: 20,80 MB
Current GC threshold: 59,21 MB
CDS: on

CodeHeap 'non-profiled nmethods': size=238948Kb used=6103Kb max_used=6103Kb free=232844Kb
 bounds [0x00007f8194ee4000, 0x00007f81954e4000, 0x00007f81a383d000]
CodeHeap 'non-nmethods': size=6812Kb used=1287Kb max_used=1287Kb free=5524Kb
 bounds [0x00007f819483d000, 0x00007f8194aad000, 0x00007f8194ee4000]
 total_blobs=4489 nmethods=3901 adapters=515
 compilation: enabled
              stopped_count=0, restarted_count=0
 full_count=0

Compilation events (20 events):
Event: 18,487 Thread 0x00007f81ac0cc000 nmethod 3884 0x00007f81954ca890 code [0x00007f81954caa60, 0x00007f81954cacc0]
Event: 18,489 Thread 0x00007f81ac0cc000 3885   !   1       java.lang.ClassLoader::checkCerts (195 bytes)
Event: 18,490 Thread 0x00007f81ac0cc000 nmethod 3885 0x00007f81954cae10 code [0x00007f81954cb0a0, 0x00007f81954cb9e0]
Event: 18,490 Thread 0x00007f81ac0cc000 3886       1       com.fasterxml.jackson.databind.cfg.BaseSettings::getAnnotationIntrospector (5 bytes)
Event: 18,491 Thread 0x00007f81ac0cc000 nmethod 3886 0x00007f81954cbe90 code [0x00007f81954cc040, 0x00007f81954cc110]
Event: 18,494 Thread 0x00007f81ac0cc000 3887   !   1       java.util.concurrent.ConcurrentHashMap::computeIfAbsent (576 bytes)
Event: 18,496 Thread 0x00007f81ac0cc000 nmethod 3887 0x00007f81954cc190 code [0x00007f81954cc4a0, 0x00007f81954cda40]
Event: 18,496 Thread 0x00007f81ac0cc000 3888       1       java.lang.ClassLoader::getNamedPackage (73 bytes)
Event: 18,496 Thread 0x00007f81ac0cc000 nmethod 3888 0x00007f81954ce590 code [0x00007f81954ce760, 0x00007f81954cea00]
Event: 18,496 Thread 0x00007f81ac0cc000 3889       1       java.lang.ClassLoader::definePackage (84 bytes)
Event: 18,497 Thread 0x00007f81ac0cc000 nmethod 3889 0x00007f81954ceb90 code [0x00007f81954cede0, 0x00007f81954cf470]
Event: 18,508 Thread 0x00007f81ac0cc000 3894       1       jdk.internal.org.objectweb.asm.ClassWriter::newConstItem (320 bytes)
Event: 18,509 Thread 0x00007f81ac0cc000 nmethod 3894 0x00007f81954d0d10 code [0x00007f81954d10c0, 0x00007f81954d2310]
Event: 18,510 Thread 0x00007f81ac0cc000 3898   !   1       java.io.BufferedReader::readLine (304 bytes)
Event: 18,511 Thread 0x00007f81ac0cc000 nmethod 3898 0x00007f81954d2c10 code [0x00007f81954d2ea0, 0x00007f81954d3a20]
Event: 18,511 Thread 0x00007f81ac0cc000 3899       1       java.io.BufferedReader::readLine (6 bytes)
Event: 18,511 Thread 0x00007f81ac0cc000 nmethod 3899 0x00007f81954d4310 code [0x00007f81954d44c0, 0x00007f81954d45c0]
Event: 18,514 Thread 0x00007f81ac0cc000 3900       1       com.sun.jna.NativeLibrary$2::accept (88 bytes)
Event: 18,515 Thread 0x00007f81ac0cc000 nmethod 3900 0x00007f81954d4690 code [0x00007f81954d4900, 0x00007f81954d4f80]
Event: 18,518 Thread 0x00007f81ac0cc000 3901   !   1       java.lang.reflect.ProxyGenerator::generateClassFile (691 bytes)

GC Heap History (20 events):
Event: 0,360 GC heap before
{Heap before GC invocations=1 (full 0):
 garbage-first heap   total 63488K, used 16409K [0x00000000c4000000, 0x0000000100000000)
  region size 1024K, 12 young (12288K), 2 survivors (2048K)
 Metaspace       used 4941K, capacity 7592K, committed 7808K, reserved 1056768K
  class space    used 640K, capacity 863K, committed 896K, reserved 1048576K
}
Event: 0,366 GC heap after
{Heap after GC invocations=2 (full 0):
 garbage-first heap   total 63488K, used 7033K [0x00000000c4000000, 0x0000000100000000)
  region size 1024K, 1 young (1024K), 1 survivors (1024K)
 Metaspace       used 4941K, capacity 7592K, committed 7808K, reserved 1056768K
  class space    used 640K, capacity 863K, committed 896K, reserved 1048576K
}
Event: 0,514 GC heap before
{Heap before GC invocations=2 (full 0):
 garbage-first heap   total 63488K, used 28537K [0x00000000c4000000, 0x0000000100000000)
  region size 1024K, 23 young (23552K), 1 survivors (1024K)
 Metaspace       used 8865K, capacity 10965K, committed 11264K, reserved 1058816K
  class space    used 1190K, capacity 1426K, committed 1536K, reserved 1048576K
}
Event: 0,516 GC heap after
{Heap after GC invocations=3 (full 0):
 garbage-first heap   total 63488K, used 8126K [0x00000000c4000000, 0x0000000100000000)
  region size 1024K, 2 young (2048K), 2 survivors (2048K)
 Metaspace       used 8865K, capacity 10965K, committed 11264K, reserved 1058816K
  class space    used 1190K, capacity 1426K, committed 1536K, reserved 1048576K
}
Event: 0,620 GC heap before
{Heap before GC invocations=3 (full 0):
 garbage-first heap   total 63488K, used 31678K [0x00000000c4000000, 0x0000000100000000)
  region size 1024K, 26 young (26624K), 2 survivors (2048K)
 Metaspace       used 12726K, capacity 14477K, committed 14720K, reserved 1062912K
  class space    used 1669K, capacity 1897K, committed 1920K, reserved 1048576K
}
Event: 0,623 GC heap after
{Heap after GC invocations=4 (full 0):
 garbage-first heap   total 63488K, used 9240K [0x00000000c4000000, 0x0000000100000000)
  region size 1024K, 3 young (3072K), 3 survivors (3072K)
 Metaspace       used 12726K, capacity 14477K, committed 14720K, reserved 1062912K
  class space    used 1669K, capacity 1897K, committed 1920K, reserved 1048576K
}
Event: 0,812 GC heap before
{Heap before GC invocations=4 (full 0):
 garbage-first heap   total 63488K, used 35864K [0x00000000c4000000, 0x0000000100000000)
  region size 1024K, 29 young (29696K), 3 survivors (3072K)
 Metaspace       used 14499K, capacity 16316K, committed 16512K, reserved 1062912K
  class space    used 1927K, capacity 2170K, committed 2176K, reserved 1048576K
}
Event: 0,818 GC heap after
{Heap after GC invocations=5 (full 0):
 garbage-first heap   total 84992K, used 10180K [0x00000000c4000000, 0x0000000100000000)
  region size 1024K, 3 young (3072K), 3 survivors (3072K)
 Metaspace       used 14499K, capacity 16316K, committed 16512K, reserved 1062912K
  class space    used 1927K, capacity 2170K, committed 2176K, reserved 1048576K
}
Event: 1,084 GC heap before
{Heap before GC invocations=5 (full 0):
 garbage-first heap   total 84992K, used 42948K [0x00000000c4000000, 0x0000000100000000)
  region size 1024K, 35 young (35840K), 3 survivors (3072K)
 Metaspace       used 18821K, capacity 20602K, committed 20736K, reserved 1067008K
  class space    used 2594K, capacity 2978K, committed 3072K, reserved 1048576K
}
Event: 1,090 GC heap after
{Heap after GC invocations=6 (full 0):
 garbage-first heap   total 84992K, used 12439K [0x00000000c4000000, 0x0000000100000000)
  region size 1024K, 5 young (5120K), 5 survivors (5120K)
 Metaspace       used 18821K, capacity 20602K, committed 20736K, reserved 1067008K
  class space    used 2594K, capacity 2978K, committed 3072K, reserved 1048576K
}
Event: 1,117 GC heap before
{Heap before GC invocations=6 (full 0):
 garbage-first heap   total 84992K, used 16535K [0x00000000c4000000, 0x0000000100000000)
  region size 1024K, 10 young (10240K), 5 survivors (5120K)
 Metaspace       used 19745K, capacity 21178K, committed 21248K, reserved 1067008K
  class space    used 2689K, capacity 3042K, committed 3072K, reserved 1048576K
}
Event: 1,123 GC heap after
{Heap after GC invocations=7 (full 0):
 garbage-first heap   total 84992K, used 12822K [0x00000000c4000000, 0x0000000100000000)
  region size 1024K, 3 young (3072K), 3 survivors (3072K)
 Metaspace       used 19745K, capacity 21178K, committed 21248K, reserved 1067008K
  class space    used 2689K, capacity 3042K, committed 3072K, reserved 1048576K
}
Event: 1,354 GC heap before
{Heap before GC invocations=8 (full 0):
 garbage-first heap   total 84992K, used 49686K [0x00000000c4000000, 0x0000000100000000)
  region size 1024K, 39 young (39936K), 3 survivors (3072K)
 Metaspace       used 25638K, capacity 26707K, committed 26876K, reserved 1073152K
  class space    used 3365K, capacity 3795K, committed 3840K, reserved 1048576K
}
Event: 1,363 GC heap after
{Heap after GC invocations=9 (full 0):
 garbage-first heap   total 84992K, used 16404K [0x00000000c4000000, 0x0000000100000000)
  region size 1024K, 4 young (4096K), 4 survivors (4096K)
 Metaspace       used 25638K, capacity 26707K, committed 26876K, reserved 1073152K
  class space    used 3365K, capacity 3795K, committed 3840K, reserved 1048576K
}
Event: 1,555 GC heap before
{Heap before GC invocations=9 (full 0):
 garbage-first heap   total 84992K, used 53268K [0x00000000c4000000, 0x0000000100000000)
  region size 1024K, 40 young (40960K), 4 survivors (4096K)
 Metaspace       used 31785K, capacity 32932K, committed 33148K, reserved 1077248K
  class space    used 4276K, capacity 4735K, committed 4736K, reserved 1048576K
}
Event: 1,560 GC heap after
{Heap after GC invocations=10 (full 0):
 garbage-first heap   total 120832K, used 18100K [0x00000000c4000000, 0x0000000100000000)
  region size 1024K, 2 young (2048K), 2 survivors (2048K)
 Metaspace       used 31785K, capacity 32932K, committed 33148K, reserved 1077248K
  class space    used 4276K, capacity 4735K, committed 4736K, reserved 1048576K
}
Event: 1,651 GC heap before
{Heap before GC invocations=10 (full 0):
 garbage-first heap   total 120832K, used 33460K [0x00000000c4000000, 0x0000000100000000)
  region size 1024K, 18 young (18432K), 2 survivors (2048K)
 Metaspace       used 34720K, capacity 35858K, committed 36048K, reserved 1081344K
  class space    used 4677K, capacity 5114K, committed 5120K, reserved 1048576K
}
Event: 1,655 GC heap after
{Heap after GC invocations=11 (full 0):
 garbage-first heap   total 120832K, used 18430K [0x00000000c4000000, 0x0000000100000000)
  region size 1024K, 3 young (3072K), 3 survivors (3072K)
 Metaspace       used 34720K, capacity 35858K, committed 36048K, reserved 1081344K
  class space    used 4677K, capacity 5114K, committed 5120K, reserved 1048576K
}
Event: 1,972 GC heap before
{Heap before GC invocations=12 (full 0):
 garbage-first heap   total 120832K, used 64510K [0x00000000c4000000, 0x0000000100000000)
  region size 1024K, 48 young (49152K), 3 survivors (3072K)
 Metaspace       used 40066K, capacity 41378K, committed 41500K, reserved 1085440K
  class space    used 5473K, capacity 5988K, committed 6016K, reserved 1048576K
}
Event: 1,978 GC heap after
{Heap after GC invocations=13 (full 0):
 garbage-first heap   total 120832K, used 21284K [0x00000000c4000000, 0x0000000100000000)
  region size 1024K, 5 young (5120K), 5 survivors (5120K)
 Metaspace       used 40066K, capacity 41378K, committed 41500K, reserved 1085440K
  class space    used 5473K, capacity 5988K, committed 6016K, reserved 1048576K
}

Deoptimization events (6 events):
Event: 1,934 Thread 0x00007f81ac017800 DEOPT PACKING pc=0x00007f819516dca5 sp=0x00007f81b2f46360
Event: 1,934 Thread 0x00007f81ac017800 DEOPT UNPACKING pc=0x00007f819488764a sp=0x00007f81b2f45888 mode 3
Event: 1,935 Thread 0x00007f81ac017800 DEOPT PACKING pc=0x00007f81951690ee sp=0x00007f81b2f46320
Event: 1,935 Thread 0x00007f81ac017800 DEOPT UNPACKING pc=0x00007f819488764a sp=0x00007f81b2f45888 mode 3
Event: 5,586 Thread 0x00007f81ad24a800 DEOPT PACKING pc=0x00007f8194f860bc sp=0x00007f81461fb770
Event: 5,586 Thread 0x00007f81ad24a800 DEOPT UNPACKING pc=0x00007f819488764a sp=0x00007f81461faca8 mode 0

Classes redefined (0 events):
No events

Internal exceptions (20 events):
Event: 1,806 Thread 0x00007f81ac017800 Exception <a 'java/lang/ClassNotFoundException'{0x00000000c993dba8}: org/springframework/context/ApplicationContextAwareCustomizer> (0x00000000c993dba8) thrown at [./src/hotspot/share/classfile/systemDictionary.cpp, line 230]
Event: 1,806 Thread 0x00007f81ac017800 Exception <a 'java/lang/ClassNotFoundException'{0x00000000c994fea8}: org/springframework/beans/factory/AwareCustomizer> (0x00000000c994fea8) thrown at [./src/hotspot/share/classfile/systemDictionary.cpp, line 230]
Event: 1,807 Thread 0x00007f81ac017800 Exception <a 'java/lang/ClassNotFoundException'{0x00000000c99623f0}: org/springframework/web/context/ServletContextAwareCustomizer> (0x00000000c99623f0) thrown at [./src/hotspot/share/classfile/systemDictionary.cpp, line 230]
Event: 1,807 Thread 0x00007f81ac017800 Exception <a 'java/lang/ClassNotFoundException'{0x00000000c99741c8}: org/springframework/beans/factory/AwareCustomizer> (0x00000000c99741c8) thrown at [./src/hotspot/share/classfile/systemDictionary.cpp, line 230]
Event: 1,871 Thread 0x00007f81ac017800 Exception <a 'java/lang/NoSuchMethodError'{0x00000000c9046338}: 'void java.lang.invoke.DirectMethodHandle$Holder.invokeVirtual(java.lang.Object, java.lang.Object, int)'> (0x00000000c9046338) thrown at [./src/hotspot/share/interpreter/linkResolver.cpp, line 772]
Event: 1,872 Thread 0x00007f81ac017800 Exception <a 'java/lang/NoSuchMethodError'{0x00000000c9060130}: 'void java.lang.invoke.DirectMethodHandle$Holder.invokeVirtual(java.lang.Object, java.lang.Object, long)'> (0x00000000c9060130) thrown at [./src/hotspot/share/interpreter/linkResolver.cpp, line 772]
Event: 1,917 Thread 0x00007f81ac017800 Exception <a 'java/lang/IncompatibleClassChangeError'{0x00000000c8a13298}: Found class java.lang.Object, but interface was expected> (0x00000000c8a13298) thrown at [./src/hotspot/share/interpreter/linkResolver.cpp, line 839]
Event: 1,930 Thread 0x00007f81ac017800 Exception <a 'java/lang/NoSuchMethodError'{0x00000000c897f6a8}: 'int java.lang.invoke.DirectMethodHandle$Holder.invokeStaticInit(java.lang.Object, java.lang.Object, java.lang.Object, java.lang.Object)'> (0x00000000c897f6a8) thrown at [./src/hotspot/share/interpreter/linkResolver.cpp, line 772]
Event: 1,967 Thread 0x00007f81ac017800 Exception <a 'java/lang/NoSuchMethodError'{0x00000000c842c388}: 'java.lang.Object java.lang.invoke.DirectMethodHandle$Holder.invokeSpecial(java.lang.Object, java.lang.Object, int, java.lang.Object, int, java.lang.Object)'> (0x00000000c842c388) thrown at [./src/hotspot/share/interpreter/linkResolver.cpp, line 772]
Event: 1,967 Thread 0x00007f81ac017800 Exception <a 'java/lang/NoSuchMethodError'{0x00000000c8433870}: 'java.lang.Object java.lang.invoke.DirectMethodHandle$Holder.invokeStatic(java.lang.Object, java.lang.Object, int, java.lang.Object, int)'> (0x00000000c8433870) thrown at [./src/hotspot/share/interpreter/linkResolver.cpp, line 772]
Event: 1,967 Thread 0x00007f81ac017800 Exception <a 'java/lang/NoSuchMethodError'{0x00000000c8437050}: 'java.lang.Object java.lang.invoke.DirectMethodHandle$Holder.invokeSpecial(java.lang.Object, java.lang.Object, java.lang.Object, int, java.lang.Object, int)'> (0x00000000c8437050) thrown at [./src/hotspot/share/interpreter/linkResolver.cpp, line 772]
Event: 1,968 Thread 0x00007f81ac017800 Exception <a 'java/lang/NoSuchMethodError'{0x00000000c8441850}: 'void java.lang.invoke.DirectMethodHandle$Holder.invokeVirtual(java.lang.Object, java.lang.Object)'> (0x00000000c8441850) thrown at [./src/hotspot/share/interpreter/linkResolver.cpp, line 772]
Event: 5,558 Thread 0x00007f81ad24a800 Exception <a 'java/lang/NoSuchMethodError'{0x00000000c9d2fdf8}: 'java.lang.Object java.lang.invoke.DirectMethodHandle$Holder.invokeStaticInit(java.lang.Object, java.lang.Object, java.lang.Object, java.lang.Object, java.lang.Object, java.lang.Object)'> (0x00000000c9d2fdf8) thrown at [./src/hotspot/share/interpreter/linkResolver.cpp, line 772]
Event: 18,508 Thread 0x00007f81ad24c800 Exception <a 'java/lang/NoSuchMethodError'{0x00000000c93a8710}: 'java.lang.Object java.lang.invoke.DirectMethodHandle$Holder.invokeStaticInit(java.lang.Object, java.lang.Object, long, java.lang.Object)'> (0x00000000c93a8710) thrown at [./src/hotspot/share/interpreter/linkResolver.cpp, line 772]
Event: 18,508 Thread 0x00007f81ad24c800 Exception <a 'java/lang/NoSuchMethodError'{0x00000000c93b4780}: 'java.lang.Object java.lang.invoke.Invokers$Holder.linkToTargetMethod(java.lang.Object, long, java.lang.Object)'> (0x00000000c93b4780) thrown at [./src/hotspot/share/interpreter/linkResolver.cpp, line 772]
Event: 18,508 Thread 0x00007f81ad24c800 Exception <a 'java/lang/NoSuchMethodError'{0x00000000c93baff8}: 'java.lang.Object java.lang.invoke.DirectMethodHandle$Holder.invokeStatic(java.lang.Object, java.lang.Object, java.lang.Object, int)'> (0x00000000c93baff8) thrown at [./src/hotspot/share/interpreter/linkResolver.cpp, line 772]
Event: 18,509 Thread 0x00007f81ad24c800 Exception <a 'java/lang/NoSuchMethodError'{0x00000000c93bec68}: 'java.lang.Object java.lang.invoke.DirectMethodHandle$Holder.invokeSpecial(java.lang.Object, java.lang.Object, java.lang.Object, java.lang.Object, int)'> (0x00000000c93bec68) thrown at [./src/hotspot/share/interpreter/linkResolver.cpp, line 772]
Event: 18,509 Thread 0x00007f81ad24c800 Exception <a 'java/lang/NoSuchMethodError'{0x00000000c93c1f78}: 'java.lang.Object java.lang.invoke.Invokers$Holder.linkToTargetMethod(java.lang.Object, java.lang.Object, int, java.lang.Object)'> (0x00000000c93c1f78) thrown at [./src/hotspot/share/interpreter/linkResolver.cpp, line 772]
Event: 18,512 Thread 0x00007f81ad24c800 Exception <a 'java/lang/UnsatisfiedLinkError'{0x00000000c928c730}: libargon2.so: no se puede abrir el archivo del objeto compartido: No existe el archivo o el directorio> (0x00000000c928c730) thrown at [./src/hotspot/share/prims/jni.cpp, line 637]
Event: 18,512 Thread 0x00007f81ad24c800 Exception <a 'java/lang/UnsatisfiedLinkError'{0x00000000c928d890}: libargon2.so: no se puede abrir el archivo del objeto compartido: No existe el archivo o el directorio> (0x00000000c928d890) thrown at [./src/hotspot/share/prims/jni.cpp, line 637]

Events (20 events):
Event: 18,518 loading class com/sun/jna/VarArgsChecker
Event: 18,518 loading class com/sun/jna/VarArgsChecker done
Event: 18,518 loading class com/sun/jna/VarArgsChecker$RealVarArgsChecker
Event: 18,518 loading class com/sun/jna/VarArgsChecker$RealVarArgsChecker done
Event: 18,519 loading class com/sun/jna/Library$Handler$FunctionInfo
Event: 18,519 loading class com/sun/jna/Library$Handler$FunctionInfo done
Event: 18,519 loading class com/sun/jna/NativeMappedConverter
Event: 18,519 loading class com/sun/jna/NativeMappedConverter done
Event: 18,519 loading class com/sun/jna/TypeConverter
Event: 18,519 loading class com/sun/jna/TypeConverter done
Event: 18,519 loading class com/sun/jna/FromNativeConverter
Event: 18,519 loading class com/sun/jna/FromNativeConverter done
Event: 18,519 loading class com/sun/jna/ToNativeConverter
Event: 18,519 loading class com/sun/jna/ToNativeConverter done
Event: 18,519 loading class com/sun/jna/MethodParameterContext
Event: 18,519 loading class com/sun/jna/MethodParameterContext done
Event: 18,519 loading class com/sun/jna/FunctionParameterContext
Event: 18,519 loading class com/sun/jna/FunctionParameterContext done
Event: 18,519 loading class com/sun/jna/ToNativeContext
Event: 18,519 loading class com/sun/jna/ToNativeContext done


Dynamic libraries:
c4000000-cb400000 rw-p 00000000 00:00 0 
cb400000-ffe00000 ---p 00000000 00:00 0 
ffe00000-ffe47000 rw-p 01118000 08:05 14290596                           /usr/lib/jvm/java-11-openjdk-amd64/lib/server/classes.jsa
ffe47000-fff00000 rw-p 00000000 00:00 0 
fff00000-fff6b000 rw-p 010ad000 08:05 14290596                           /usr/lib/jvm/java-11-openjdk-amd64/lib/server/classes.jsa
fff6b000-100000000 rw-p 00000000 00:00 0 
800000000-800002000 rwxp 00001000 08:05 14290596                         /usr/lib/jvm/java-11-openjdk-amd64/lib/server/classes.jsa
800002000-8003cb000 rw-p 00003000 08:05 14290596                         /usr/lib/jvm/java-11-openjdk-amd64/lib/server/classes.jsa
8003cb000-800a99000 r--p 003cc000 08:05 14290596                         /usr/lib/jvm/java-11-openjdk-amd64/lib/server/classes.jsa
800a99000-800a9a000 rw-p 00a9a000 08:05 14290596                         /usr/lib/jvm/java-11-openjdk-amd64/lib/server/classes.jsa
800a9a000-8010ac000 r--p 00a9b000 08:05 14290596                         /usr/lib/jvm/java-11-openjdk-amd64/lib/server/classes.jsa
840000000-8406a0000 rw-p 00000000 00:00 0 
8406a0000-880000000 ---p 00000000 00:00 0 
558a444c6000-558a444c7000 r--p 00000000 08:05 12978824                   /usr/lib/jvm/java-11-openjdk-amd64/bin/java
558a444c7000-558a444c8000 r-xp 00001000 08:05 12978824                   /usr/lib/jvm/java-11-openjdk-amd64/bin/java
558a444c8000-558a444c9000 r--p 00002000 08:05 12978824                   /usr/lib/jvm/java-11-openjdk-amd64/bin/java
558a444c9000-558a444ca000 r--p 00002000 08:05 12978824                   /usr/lib/jvm/java-11-openjdk-amd64/bin/java
558a444ca000-558a444cb000 rw-p 00003000 08:05 12978824                   /usr/lib/jvm/java-11-openjdk-amd64/bin/java
558a455e7000-558a45608000 rw-p 00000000 00:00 0                          [heap]
7f8110000000-7f8110021000 rw-p 00000000 00:00 0 
7f8110021000-7f8114000000 ---p 00000000 00:00 0 
7f8118000000-7f8118021000 rw-p 00000000 00:00 0 
7f8118021000-7f811c000000 ---p 00000000 00:00 0 
7f811c000000-7f811c021000 rw-p 00000000 00:00 0 
7f811c021000-7f8120000000 ---p 00000000 00:00 0 
7f8120000000-7f81200f2000 rw-p 00000000 00:00 0 
7f81200f2000-7f8124000000 ---p 00000000 00:00 0 
7f8124000000-7f8124021000 rw-p 00000000 00:00 0 
7f8124021000-7f8128000000 ---p 00000000 00:00 0 
7f8128000000-7f812829c000 rw-p 00000000 00:00 0 
7f812829c000-7f812c000000 ---p 00000000 00:00 0 
7f812c000000-7f812c0ec000 rw-p 00000000 00:00 0 
7f812c0ec000-7f8130000000 ---p 00000000 00:00 0 
7f8130000000-7f8130021000 rw-p 00000000 00:00 0 
7f8130021000-7f8134000000 ---p 00000000 00:00 0 
7f8134000000-7f8134021000 rw-p 00000000 00:00 0 
7f8134021000-7f8138000000 ---p 00000000 00:00 0 
7f8138000000-7f8138021000 rw-p 00000000 00:00 0 
7f8138021000-7f813c000000 ---p 00000000 00:00 0 
7f813c000000-7f813c021000 rw-p 00000000 00:00 0 
7f813c021000-7f8140000000 ---p 00000000 00:00 0 
7f8140000000-7f8140021000 rw-p 00000000 00:00 0 
7f8140021000-7f8144000000 ---p 00000000 00:00 0 
7f8144f00000-7f8144f17000 r-xp 00000000 08:05 7342190                    /tmp/jna--1332058823/jna17562018256856518633.tmp (deleted)
7f8144f17000-7f8145016000 ---p 00017000 08:05 7342190                    /tmp/jna--1332058823/jna17562018256856518633.tmp (deleted)
7f8145016000-7f8145018000 rw-p 00016000 08:05 7342190                    /tmp/jna--1332058823/jna17562018256856518633.tmp (deleted)
7f8145100000-7f8145200000 rw-p 00000000 00:00 0 
7f8145200000-7f8145300000 ---p 00000000 00:00 0 
7f8145300000-7f8145500000 rw-p 00000000 00:00 0 
7f8145500000-7f8145700000 rw-p 00000000 00:00 0 
7f8145700000-7f8145704000 ---p 00000000 00:00 0 
7f8145704000-7f8145800000 rw-p 00000000 00:00 0 
7f8145800000-7f8145804000 ---p 00000000 00:00 0 
7f8145804000-7f8145900000 rw-p 00000000 00:00 0 
7f8145900000-7f8145904000 ---p 00000000 00:00 0 
7f8145904000-7f8145a00000 rw-p 00000000 00:00 0 
7f8145a00000-7f8145a04000 ---p 00000000 00:00 0 
7f8145a04000-7f8145b00000 rw-p 00000000 00:00 0 
7f8145b00000-7f8145b04000 ---p 00000000 00:00 0 
7f8145b04000-7f8145c00000 rw-p 00000000 00:00 0 
7f8145c00000-7f8145c04000 ---p 00000000 00:00 0 
7f8145c04000-7f8145d00000 rw-p 00000000 00:00 0 
7f8145d00000-7f8145d04000 ---p 00000000 00:00 0 
7f8145d04000-7f8145e00000 rw-p 00000000 00:00 0 
7f8145e00000-7f8145e04000 ---p 00000000 00:00 0 
7f8145e04000-7f8145f00000 rw-p 00000000 00:00 0 
7f8145f00000-7f8145f04000 ---p 00000000 00:00 0 
7f8145f04000-7f8146000000 rw-p 00000000 00:00 0 
7f8146000000-7f8146004000 ---p 00000000 00:00 0 
7f8146004000-7f8146100000 rw-p 00000000 00:00 0 
7f8146100000-7f8146104000 ---p 00000000 00:00 0 
7f8146104000-7f8146200000 rw-p 00000000 00:00 0 
7f8146200000-7f8146204000 ---p 00000000 00:00 0 
7f8146204000-7f8146500000 rw-p 00000000 00:00 0 
7f8146500000-7f8146700000 rw-p 00000000 00:00 0 
7f8146700000-7f81468e8000 rw-p 00000000 00:00 0 
7f81468e8000-7f8146900000 ---p 00000000 00:00 0 
7f8146900000-7f8146b00000 rw-p 00000000 00:00 0 
7f8146b00000-7f8146d00000 rw-p 00000000 00:00 0 
7f8146d00000-7f8146d04000 ---p 00000000 00:00 0 
7f8146d04000-7f8147000000 rw-p 00000000 00:00 0 
7f8147000000-7f8147200000 rw-p 00000000 00:00 0 
7f8147200000-7f8147204000 ---p 00000000 00:00 0 
7f8147204000-7f8147500000 rw-p 00000000 00:00 0 
7f8147500000-7f8147504000 ---p 00000000 00:00 0 
7f8147504000-7f8147600000 rw-p 00000000 00:00 0 
7f8147600000-7f8147604000 ---p 00000000 00:00 0 
7f8147604000-7f8147700000 rw-p 00000000 00:00 0 
7f8147700000-7f8147704000 ---p 00000000 00:00 0 
7f8147704000-7f8147a00000 rw-p 00000000 00:00 0 
7f8147a00000-7f8147bff000 rw-p 00000000 00:00 0 
7f8147bff000-7f8147c00000 ---p 00000000 00:00 0 
7f8147c00000-7f8147e00000 rw-p 00000000 00:00 0 
7f8147e00000-7f8148000000 rw-p 00000000 00:00 0 
7f8148000000-7f8148021000 rw-p 00000000 00:00 0 
7f8148021000-7f814c000000 ---p 00000000 00:00 0 
7f814c000000-7f814c033000 rw-p 00000000 00:00 0 
7f814c033000-7f8150000000 ---p 00000000 00:00 0 
7f8150000000-7f8150021000 rw-p 00000000 00:00 0 
7f8150021000-7f8154000000 ---p 00000000 00:00 0 
7f8154000000-7f81541a8000 rw-p 00000000 00:00 0 
7f81541a8000-7f8158000000 ---p 00000000 00:00 0 
7f8158000000-7f8158021000 rw-p 00000000 00:00 0 
7f8158021000-7f815c000000 ---p 00000000 00:00 0 
7f815c000000-7f815c021000 rw-p 00000000 00:00 0 
7f815c021000-7f8160000000 ---p 00000000 00:00 0 
7f8160000000-7f816033d000 rw-p 00000000 00:00 0 
7f816033d000-7f8164000000 ---p 00000000 00:00 0 
7f8164000000-7f8164021000 rw-p 00000000 00:00 0 
7f8164021000-7f8168000000 ---p 00000000 00:00 0 
7f8168000000-7f8168021000 rw-p 00000000 00:00 0 
7f8168021000-7f816c000000 ---p 00000000 00:00 0 
7f816c000000-7f816c021000 rw-p 00000000 00:00 0 
7f816c021000-7f8170000000 ---p 00000000 00:00 0 
7f8170000000-7f8170021000 rw-p 00000000 00:00 0 
7f8170021000-7f8174000000 ---p 00000000 00:00 0 
7f8174000000-7f8174021000 rw-p 00000000 00:00 0 
7f8174021000-7f8178000000 ---p 00000000 00:00 0 
7f8178000000-7f8178021000 rw-p 00000000 00:00 0 
7f8178021000-7f817c000000 ---p 00000000 00:00 0 
7f817c000000-7f817c0ff000 rw-p 00000000 00:00 0 
7f817c0ff000-7f8180000000 ---p 00000000 00:00 0 
7f8180000000-7f8180021000 rw-p 00000000 00:00 0 
7f8180021000-7f8184000000 ---p 00000000 00:00 0 
7f8184059000-7f818405d000 ---p 00000000 00:00 0 
7f818405d000-7f818427b000 rw-p 00000000 00:00 0 
7f818427b000-7f818427c000 ---p 00000000 00:00 0 
7f818427c000-7f818437d000 rw-p 00000000 00:00 0 
7f818437d000-7f818437e000 ---p 00000000 00:00 0 
7f818437e000-7f818467f000 rw-p 00000000 00:00 0 
7f818467f000-7f8184683000 ---p 00000000 00:00 0 
7f8184683000-7f818477f000 rw-p 00000000 00:00 0 
7f818477f000-7f8184780000 r--p 00000000 08:05 11540978                   /usr/lib/x86_64-linux-gnu/libnss_mdns4_minimal.so.2
7f8184780000-7f8184782000 r-xp 00001000 08:05 11540978                   /usr/lib/x86_64-linux-gnu/libnss_mdns4_minimal.so.2
7f8184782000-7f8184783000 r--p 00003000 08:05 11540978                   /usr/lib/x86_64-linux-gnu/libnss_mdns4_minimal.so.2
7f8184783000-7f8184784000 r--p 00003000 08:05 11540978                   /usr/lib/x86_64-linux-gnu/libnss_mdns4_minimal.so.2
7f8184784000-7f8184785000 rw-p 00004000 08:05 11540978                   /usr/lib/x86_64-linux-gnu/libnss_mdns4_minimal.so.2
7f8184789000-7f818478a000 r--p 00000000 08:05 11538515                   /usr/lib/x86_64-linux-gnu/libargon2.so.1
7f818478a000-7f818478f000 r-xp 00001000 08:05 11538515                   /usr/lib/x86_64-linux-gnu/libargon2.so.1
7f818478f000-7f8184791000 r--p 00006000 08:05 11538515                   /usr/lib/x86_64-linux-gnu/libargon2.so.1
7f8184791000-7f8184792000 r--p 00007000 08:05 11538515                   /usr/lib/x86_64-linux-gnu/libargon2.so.1
7f8184792000-7f8184793000 rw-p 00008000 08:05 11538515                   /usr/lib/x86_64-linux-gnu/libargon2.so.1
7f8184793000-7f8184794000 r--p 00000000 08:05 14297190                   /usr/lib/jvm/java-11-openjdk-amd64/lib/libextnet.so
7f8184794000-7f8184795000 r-xp 00001000 08:05 14297190                   /usr/lib/jvm/java-11-openjdk-amd64/lib/libextnet.so
7f8184795000-7f8184796000 r--p 00002000 08:05 14297190                   /usr/lib/jvm/java-11-openjdk-amd64/lib/libextnet.so
7f8184796000-7f8184797000 r--p 00002000 08:05 14297190                   /usr/lib/jvm/java-11-openjdk-amd64/lib/libextnet.so
7f8184797000-7f8184798000 rw-p 00003000 08:05 14297190                   /usr/lib/jvm/java-11-openjdk-amd64/lib/libextnet.so
7f8184798000-7f818479a000 r--p 00000000 08:05 14297206                   /usr/lib/jvm/java-11-openjdk-amd64/lib/libmanagement_ext.so
7f818479a000-7f818479d000 r-xp 00002000 08:05 14297206                   /usr/lib/jvm/java-11-openjdk-amd64/lib/libmanagement_ext.so
7f818479d000-7f818479f000 r--p 00005000 08:05 14297206                   /usr/lib/jvm/java-11-openjdk-amd64/lib/libmanagement_ext.so
7f818479f000-7f81847a0000 r--p 00006000 08:05 14297206                   /usr/lib/jvm/java-11-openjdk-amd64/lib/libmanagement_ext.so
7f81847a0000-7f81847a1000 rw-p 00007000 08:05 14297206                   /usr/lib/jvm/java-11-openjdk-amd64/lib/libmanagement_ext.so
7f81847a1000-7f81847a4000 r--p 00000000 08:05 14297204                   /usr/lib/jvm/java-11-openjdk-amd64/lib/libmanagement.so
7f81847a4000-7f81847a5000 r-xp 00003000 08:05 14297204                   /usr/lib/jvm/java-11-openjdk-amd64/lib/libmanagement.so
7f81847a5000-7f81847a6000 r--p 00004000 08:05 14297204                   /usr/lib/jvm/java-11-openjdk-amd64/lib/libmanagement.so
7f81847a6000-7f81847a7000 r--p 00004000 08:05 14297204                   /usr/lib/jvm/java-11-openjdk-amd64/lib/libmanagement.so
7f81847a7000-7f81847a8000 rw-p 00005000 08:05 14297204                   /usr/lib/jvm/java-11-openjdk-amd64/lib/libmanagement.so
7f81847a8000-7f81847a9000 ---p 00000000 00:00 0 
7f81847a9000-7f81848aa000 rw-p 00000000 00:00 0 
7f81848aa000-7f81848cc000 r--p 00000000 08:05 13769325                   /usr/share/locale-langpack/es/LC_MESSAGES/libc.mo
7f81848cc000-7f81848fd000 rw-p 00000000 00:00 0 
7f81848fd000-7f8184901000 ---p 00000000 00:00 0 
7f8184901000-7f81849fd000 rw-p 00000000 00:00 0 
7f81849fd000-7f81849fe000 ---p 00000000 00:00 0 
7f81849fe000-7f8184aff000 rw-p 00000000 00:00 0 
7f8184aff000-7f8184b03000 ---p 00000000 00:00 0 
7f8184b03000-7f8184bff000 rw-p 00000000 00:00 0 
7f8184bff000-7f8184c03000 ---p 00000000 00:00 0 
7f8184c03000-7f8184cff000 rw-p 00000000 00:00 0 
7f8184cff000-7f8184d03000 ---p 00000000 00:00 0 
7f8184d03000-7f8184dff000 rw-p 00000000 00:00 0 
7f8184dff000-7f8184e03000 ---p 00000000 00:00 0 
7f8184e03000-7f8184eff000 rw-p 00000000 00:00 0 
7f8184eff000-7f8185700000 r--p 00000000 08:05 11537267                   /usr/lib/locale/locale-archive
7f8185700000-7f8185704000 ---p 00000000 00:00 0 
7f8185704000-7f8188000000 rw-p 00000000 00:00 0 
7f8188000000-7f8188021000 rw-p 00000000 00:00 0 
7f8188021000-7f818c000000 ---p 00000000 00:00 0 
7f818c000000-7f818c021000 rw-p 00000000 00:00 0 
7f818c021000-7f8190000000 ---p 00000000 00:00 0 
7f8190000000-7f8190021000 rw-p 00000000 00:00 0 
7f8190021000-7f8194000000 ---p 00000000 00:00 0 
7f8194004000-7f8194008000 r--p 00000000 08:05 14297208                   /usr/lib/jvm/java-11-openjdk-amd64/lib/libnet.so
7f8194008000-7f8194016000 r-xp 00004000 08:05 14297208                   /usr/lib/jvm/java-11-openjdk-amd64/lib/libnet.so
7f8194016000-7f819401a000 r--p 00012000 08:05 14297208                   /usr/lib/jvm/java-11-openjdk-amd64/lib/libnet.so
7f819401a000-7f819401b000 r--p 00015000 08:05 14297208                   /usr/lib/jvm/java-11-openjdk-amd64/lib/libnet.so
7f819401b000-7f819401c000 rw-p 00016000 08:05 14297208                   /usr/lib/jvm/java-11-openjdk-amd64/lib/libnet.so
7f819401c000-7f8194023000 r--p 00000000 08:05 14297209                   /usr/lib/jvm/java-11-openjdk-amd64/lib/libnio.so
7f8194023000-7f819402b000 r-xp 00007000 08:05 14297209                   /usr/lib/jvm/java-11-openjdk-amd64/lib/libnio.so
7f819402b000-7f819402e000 r--p 0000f000 08:05 14297209                   /usr/lib/jvm/java-11-openjdk-amd64/lib/libnio.so
7f819402e000-7f819402f000 r--p 00011000 08:05 14297209                   /usr/lib/jvm/java-11-openjdk-amd64/lib/libnio.so
7f819402f000-7f8194030000 rw-p 00012000 08:05 14297209                   /usr/lib/jvm/java-11-openjdk-amd64/lib/libnio.so
7f8194030000-7f8194034000 ---p 00000000 00:00 0 
7f8194034000-7f8194130000 rw-p 00000000 00:00 0 
7f8194130000-7f8194131000 ---p 00000000 00:00 0 
7f8194131000-7f8194336000 rw-p 00000000 00:00 0 
7f8194336000-7f8194337000 ---p 00000000 00:00 0 
7f8194337000-7f8194438000 rw-p 00000000 00:00 0 
7f8194438000-7f8194439000 ---p 00000000 00:00 0 
7f8194439000-7f819483d000 rw-p 00000000 00:00 0 
7f819483d000-7f8194aad000 rwxp 00000000 00:00 0 
7f8194aad000-7f8194ee4000 ---p 00000000 00:00 0 
7f8194ee4000-7f81954e4000 rwxp 00000000 00:00 0 
7f81954e4000-7f81a383d000 ---p 00000000 00:00 0 
7f81a383d000-7f81ac000000 r--s 00000000 08:05 14297218                   /usr/lib/jvm/java-11-openjdk-amd64/lib/modules
7f81ac000000-7f81ad270000 rw-p 00000000 00:00 0 
7f81ad270000-7f81b0000000 ---p 00000000 00:00 0 
7f81b0004000-7f81b000b000 r--s 00000000 08:05 12202554                   /usr/lib/x86_64-linux-gnu/gconv/gconv-modules.cache
7f81b000b000-7f81b014e000 rw-p 00000000 00:00 0 
7f81b014e000-7f81b014f000 ---p 00000000 00:00 0 
7f81b014f000-7f81b0250000 rw-p 00000000 00:00 0 
7f81b0250000-7f81b0251000 ---p 00000000 00:00 0 
7f81b0251000-7f81b0542000 rw-p 00000000 00:00 0 
7f81b0542000-7f81b126a000 ---p 00000000 00:00 0 
7f81b126a000-7f81b1442000 rw-p 00000000 00:00 0 
7f81b1442000-7f81b216a000 ---p 00000000 00:00 0 
7f81b216a000-7f81b21ac000 rw-p 00000000 00:00 0 
7f81b21ac000-7f81b2351000 ---p 00000000 00:00 0 
7f81b2351000-7f81b238c000 rw-p 00000000 00:00 0 
7f81b238c000-7f81b2531000 ---p 00000000 00:00 0 
7f81b2531000-7f81b256c000 rw-p 00000000 00:00 0 
7f81b256c000-7f81b2711000 ---p 00000000 00:00 0 
7f81b2711000-7f81b2b16000 rw-p 00000000 00:00 0 
7f81b2b16000-7f81b2b17000 ---p 00000000 00:00 0 
7f81b2b17000-7f81b2c24000 rw-p 00000000 00:00 0 
7f81b2c24000-7f81b2deb000 ---p 00000000 00:00 0 
7f81b2deb000-7f81b2df0000 rw-p 00000000 00:00 0 
7f81b2df0000-7f81b2df9000 ---p 00000000 00:00 0 
7f81b2df9000-7f81b2dfb000 r--s 0000c000 08:05 12322362                   /usr/share/java/java-atk-wrapper.jar
7f81b2dfb000-7f81b2dfd000 r--p 00000000 08:05 14297217                   /usr/lib/jvm/java-11-openjdk-amd64/lib/libzip.so
7f81b2dfd000-7f81b2e02000 r-xp 00002000 08:05 14297217                   /usr/lib/jvm/java-11-openjdk-amd64/lib/libzip.so
7f81b2e02000-7f81b2e04000 r--p 00007000 08:05 14297217                   /usr/lib/jvm/java-11-openjdk-amd64/lib/libzip.so
7f81b2e04000-7f81b2e05000 r--p 00008000 08:05 14297217                   /usr/lib/jvm/java-11-openjdk-amd64/lib/libzip.so
7f81b2e05000-7f81b2e06000 rw-p 00009000 08:05 14297217                   /usr/lib/jvm/java-11-openjdk-amd64/lib/libzip.so
7f81b2e06000-7f81b2e0e000 rw-s 00000000 08:05 7342177                    /tmp/hsperfdata_dibier/34379
7f81b2e0e000-7f81b2e10000 r--p 00000000 08:05 14297200                   /usr/lib/jvm/java-11-openjdk-amd64/lib/libjimage.so
7f81b2e10000-7f81b2e13000 r-xp 00002000 08:05 14297200                   /usr/lib/jvm/java-11-openjdk-amd64/lib/libjimage.so
7f81b2e13000-7f81b2e14000 r--p 00005000 08:05 14297200                   /usr/lib/jvm/java-11-openjdk-amd64/lib/libjimage.so
7f81b2e14000-7f81b2e15000 ---p 00006000 08:05 14297200                   /usr/lib/jvm/java-11-openjdk-amd64/lib/libjimage.so
7f81b2e15000-7f81b2e16000 r--p 00006000 08:05 14297200                   /usr/lib/jvm/java-11-openjdk-amd64/lib/libjimage.so
7f81b2e16000-7f81b2e17000 rw-p 00007000 08:05 14297200                   /usr/lib/jvm/java-11-openjdk-amd64/lib/libjimage.so
7f81b2e17000-7f81b2e24000 r--p 00000000 08:05 14297197                   /usr/lib/jvm/java-11-openjdk-amd64/lib/libjava.so
7f81b2e24000-7f81b2e3a000 r-xp 0000d000 08:05 14297197                   /usr/lib/jvm/java-11-openjdk-amd64/lib/libjava.so
7f81b2e3a000-7f81b2e41000 r--p 00023000 08:05 14297197                   /usr/lib/jvm/java-11-openjdk-amd64/lib/libjava.so
7f81b2e41000-7f81b2e42000 r--p 00029000 08:05 14297197                   /usr/lib/jvm/java-11-openjdk-amd64/lib/libjava.so
7f81b2e42000-7f81b2e43000 rw-p 0002a000 08:05 14297197                   /usr/lib/jvm/java-11-openjdk-amd64/lib/libjava.so
7f81b2e43000-7f81b2e44000 rw-p 00000000 00:00 0 
7f81b2e44000-7f81b2e45000 r--p 00000000 08:05 11536890                   /usr/lib/x86_64-linux-gnu/librt.so.1
7f81b2e45000-7f81b2e46000 r-xp 00001000 08:05 11536890                   /usr/lib/x86_64-linux-gnu/librt.so.1
7f81b2e46000-7f81b2e47000 r--p 00002000 08:05 11536890                   /usr/lib/x86_64-linux-gnu/librt.so.1
7f81b2e47000-7f81b2e48000 r--p 00002000 08:05 11536890                   /usr/lib/x86_64-linux-gnu/librt.so.1
7f81b2e48000-7f81b2e49000 rw-p 00003000 08:05 11536890                   /usr/lib/x86_64-linux-gnu/librt.so.1
7f81b2e49000-7f81b2e4d000 ---p 00000000 00:00 0 
7f81b2e4d000-7f81b2f49000 rw-p 00000000 00:00 0 
7f81b2f49000-7f81b2f4c000 r--p 00000000 08:05 11534946                   /usr/lib/x86_64-linux-gnu/libgcc_s.so.1
7f81b2f4c000-7f81b2f63000 r-xp 00003000 08:05 11534946                   /usr/lib/x86_64-linux-gnu/libgcc_s.so.1
7f81b2f63000-7f81b2f67000 r--p 0001a000 08:05 11534946                   /usr/lib/x86_64-linux-gnu/libgcc_s.so.1
7f81b2f67000-7f81b2f68000 r--p 0001d000 08:05 11534946                   /usr/lib/x86_64-linux-gnu/libgcc_s.so.1
7f81b2f68000-7f81b2f69000 rw-p 0001e000 08:05 11534946                   /usr/lib/x86_64-linux-gnu/libgcc_s.so.1
7f81b2f69000-7f81b2f77000 r--p 00000000 08:05 11536529                   /usr/lib/x86_64-linux-gnu/libm.so.6
7f81b2f77000-7f81b2ff3000 r-xp 0000e000 08:05 11536529                   /usr/lib/x86_64-linux-gnu/libm.so.6
7f81b2ff3000-7f81b304e000 r--p 0008a000 08:05 11536529                   /usr/lib/x86_64-linux-gnu/libm.so.6
7f81b304e000-7f81b304f000 r--p 000e4000 08:05 11536529                   /usr/lib/x86_64-linux-gnu/libm.so.6
7f81b304f000-7f81b3050000 rw-p 000e5000 08:05 11536529                   /usr/lib/x86_64-linux-gnu/libm.so.6
7f81b3050000-7f81b30ea000 r--p 00000000 08:05 11534599                   /usr/lib/x86_64-linux-gnu/libstdc++.so.6.0.30
7f81b30ea000-7f81b31fb000 r-xp 0009a000 08:05 11534599                   /usr/lib/x86_64-linux-gnu/libstdc++.so.6.0.30
7f81b31fb000-7f81b326b000 r--p 001ab000 08:05 11534599                   /usr/lib/x86_64-linux-gnu/libstdc++.so.6.0.30
7f81b326b000-7f81b3276000 r--p 0021a000 08:05 11534599                   /usr/lib/x86_64-linux-gnu/libstdc++.so.6.0.30
7f81b3276000-7f81b3279000 rw-p 00225000 08:05 11534599                   /usr/lib/x86_64-linux-gnu/libstdc++.so.6.0.30
7f81b3279000-7f81b327c000 rw-p 00000000 00:00 0 
7f81b327c000-7f81b34fe000 r--p 00000000 08:05 14297221                   /usr/lib/jvm/java-11-openjdk-amd64/lib/server/libjvm.so
7f81b34fe000-7f81b418d000 r-xp 00282000 08:05 14297221                   /usr/lib/jvm/java-11-openjdk-amd64/lib/server/libjvm.so
7f81b418d000-7f81b43e5000 r--p 00f11000 08:05 14297221                   /usr/lib/jvm/java-11-openjdk-amd64/lib/server/libjvm.so
7f81b43e5000-7f81b44a9000 r--p 01168000 08:05 14297221                   /usr/lib/jvm/java-11-openjdk-amd64/lib/server/libjvm.so
7f81b44a9000-7f81b44e4000 rw-p 0122c000 08:05 14297221                   /usr/lib/jvm/java-11-openjdk-amd64/lib/server/libjvm.so
7f81b44e4000-7f81b453d000 rw-p 00000000 00:00 0 
7f81b453d000-7f81b453f000 r--p 00000000 08:05 11535186                   /usr/lib/x86_64-linux-gnu/libz.so.1.2.11
7f81b453f000-7f81b4550000 r-xp 00002000 08:05 11535186                   /usr/lib/x86_64-linux-gnu/libz.so.1.2.11
7f81b4550000-7f81b4556000 r--p 00013000 08:05 11535186                   /usr/lib/x86_64-linux-gnu/libz.so.1.2.11
7f81b4556000-7f81b4557000 ---p 00019000 08:05 11535186                   /usr/lib/x86_64-linux-gnu/libz.so.1.2.11
7f81b4557000-7f81b4558000 r--p 00019000 08:05 11535186                   /usr/lib/x86_64-linux-gnu/libz.so.1.2.11
7f81b4558000-7f81b4559000 rw-p 0001a000 08:05 11535186                   /usr/lib/x86_64-linux-gnu/libz.so.1.2.11
7f81b4559000-7f81b4581000 r--p 00000000 08:05 11536516                   /usr/lib/x86_64-linux-gnu/libc.so.6
7f81b4581000-7f81b4716000 r-xp 00028000 08:05 11536516                   /usr/lib/x86_64-linux-gnu/libc.so.6
7f81b4716000-7f81b476e000 r--p 001bd000 08:05 11536516                   /usr/lib/x86_64-linux-gnu/libc.so.6
7f81b476e000-7f81b4772000 r--p 00214000 08:05 11536516                   /usr/lib/x86_64-linux-gnu/libc.so.6
7f81b4772000-7f81b4774000 rw-p 00218000 08:05 11536516                   /usr/lib/x86_64-linux-gnu/libc.so.6
7f81b4774000-7f81b4781000 rw-p 00000000 00:00 0 
7f81b4781000-7f81b4782000 ---p 00000000 00:00 0 
7f81b4782000-7f81b4783000 r--p 00000000 00:00 0 
7f81b4783000-7f81b4788000 r--p 00000000 08:05 14297216                   /usr/lib/jvm/java-11-openjdk-amd64/lib/libverify.so
7f81b4788000-7f81b478f000 r-xp 00005000 08:05 14297216                   /usr/lib/jvm/java-11-openjdk-amd64/lib/libverify.so
7f81b478f000-7f81b4791000 r--p 0000c000 08:05 14297216                   /usr/lib/jvm/java-11-openjdk-amd64/lib/libverify.so
7f81b4791000-7f81b4793000 r--p 0000d000 08:05 14297216                   /usr/lib/jvm/java-11-openjdk-amd64/lib/libverify.so
7f81b4793000-7f81b4794000 rw-p 0000f000 08:05 14297216                   /usr/lib/jvm/java-11-openjdk-amd64/lib/libverify.so
7f81b4794000-7f81b4797000 r--p 00000000 08:05 14297182                   /usr/lib/jvm/java-11-openjdk-amd64/lib/jli/libjli.so
7f81b4797000-7f81b47a1000 r-xp 00003000 08:05 14297182                   /usr/lib/jvm/java-11-openjdk-amd64/lib/jli/libjli.so
7f81b47a1000-7f81b47a4000 r--p 0000d000 08:05 14297182                   /usr/lib/jvm/java-11-openjdk-amd64/lib/jli/libjli.so
7f81b47a4000-7f81b47a5000 ---p 00010000 08:05 14297182                   /usr/lib/jvm/java-11-openjdk-amd64/lib/jli/libjli.so
7f81b47a5000-7f81b47a6000 r--p 00010000 08:05 14297182                   /usr/lib/jvm/java-11-openjdk-amd64/lib/jli/libjli.so
7f81b47a6000-7f81b47a7000 rw-p 00011000 08:05 14297182                   /usr/lib/jvm/java-11-openjdk-amd64/lib/jli/libjli.so
7f81b47a7000-7f81b47a9000 rw-p 00000000 00:00 0 
7f81b47a9000-7f81b47ab000 r--p 00000000 08:05 11534632                   /usr/lib/x86_64-linux-gnu/ld-linux-x86-64.so.2
7f81b47ab000-7f81b47d5000 r-xp 00002000 08:05 11534632                   /usr/lib/x86_64-linux-gnu/ld-linux-x86-64.so.2
7f81b47d5000-7f81b47e0000 r--p 0002c000 08:05 11534632                   /usr/lib/x86_64-linux-gnu/ld-linux-x86-64.so.2
7f81b47e1000-7f81b47e3000 r--p 00037000 08:05 11534632                   /usr/lib/x86_64-linux-gnu/ld-linux-x86-64.so.2
7f81b47e3000-7f81b47e5000 rw-p 00039000 08:05 11534632                   /usr/lib/x86_64-linux-gnu/ld-linux-x86-64.so.2
7fff414c5000-7fff414e8000 rw-p 00000000 00:00 0                          [stack]
7fff41560000-7fff41564000 r--p 00000000 00:00 0                          [vvar]
7fff41564000-7fff41566000 r-xp 00000000 00:00 0                          [vdso]
ffffffffff600000-ffffffffff601000 --xp 00000000 00:00 0                  [vsyscall]


VM Arguments:
jvm_args: -Xverify:none -XX:TieredStopAtLevel=1 -Dfile.encoding=UTF-8 -Duser.country=CO -Duser.language=es -Duser.variant 
java_command: com.example.demo.DemoApplication
java_class_path (initial): /home/dibier/Java/demo/build/classes/java/main:/home/dibier/Java/demo/build/resources/main:/home/dibier/.gradle/caches/modules-2/files-2.1/de.mkammerer/argon2-jvm/2.1/125fb33fa3c8eccef311fc4149e9b5b595d0abaf/argon2-jvm-2.1.jar:/home/dibier/.gradle/caches/modules-2/files-2.1/mysql/mysql-connector-java/8.0.28/33678b1729d4f832b9e4bcb2d5bbd67940920a7a/mysql-connector-java-8.0.28.jar:/home/dibier/.gradle/caches/modules-2/files-2.1/org.springframework.batch/spring-batch-core/4.3.5/b5ff5d227600df2ba087344160db2b8a38476cb3/spring-batch-core-4.3.5.jar:/home/dibier/.gradle/caches/modules-2/files-2.1/jakarta.transaction/jakarta.transaction-api/1.3.3/c4179d48720a1e87202115fbed6089bdc4195405/jakarta.transaction-api-1.3.3.jar:/home/dibier/.gradle/caches/modules-2/files-2.1/jakarta.persistence/jakarta.persistence-api/2.2.3/8f6ea5daedc614f07a3654a455660145286f024e/jakarta.persistence-api-2.2.3.jar:/home/dibier/.gradle/caches/modules-2/files-2.1/org.hibernate/hibernate-core/5.6.5.Final/d5c41d9018d16ca6076726f0f037ba8a0ebc0cb4/hibernate-core-5.6.5.Final.jar:/home/dibier/.gradle/caches/modules-2/files-2.1/org.springframework.data/spring-data-jpa/2.6.2/aa7da518dee4b20433c7e055ef5f2cda584f412f/spring-data-jpa-2.6.2.jar:/home/dibier/.gradle/caches/modules-2/files-2.1/org.springframework/spring-aspects/5.3.16/499f2cd13d26fc0d6eb3312f0251c4f380300001/spring-aspects-5.3.16.jar:/home/dibier/.gradle/caches/modules-2/files-2.1/org.springframework/spring-webmvc/5.3.16/18e0d7a9cf1c43b100296f86f61b58821dd1e6b9/spring-webmvc-5.3.16.jar:/home/dibier/.gradle/caches/modules-2/files-2.1/org.springframework/spring-web/5.3.16/224ae9b45e138034980a423e2f85d7bd63539a49/spring-web-5.3.16.jar:/home/dibier/.gradle/caches/modules-2/files-2.1/net.java.dev.jna/jna/4.2.1/fcc5b10cb812c41b00708e7b57baccc3aee5567c/jna-4.2.1.jar:/home/dibier/.gradle/caches/modules-2/files-2.1/jakarta.annotation/jakarta.annotation-api/1.3.5/59eb84ee0d616332ff44aba065f3888cf002cd2d/jakarta.annotation-api-1.
Launcher Type: SUN_STANDARD

[Global flags]
     bool BytecodeVerificationLocal                = false                                     {product} {command line}
     bool BytecodeVerificationRemote               = false                                     {product} {command line}
     intx CICompilerCount                          = 3                                         {product} {ergonomic}
     uint ConcGCThreads                            = 1                                         {product} {ergonomic}
     uint G1ConcRefinementThreads                  = 4                                         {product} {ergonomic}
   size_t G1HeapRegionSize                         = 1048576                                   {product} {ergonomic}
    uintx GCDrainStackTargetSize                   = 64                                        {product} {ergonomic}
   size_t InitialHeapSize                          = 62914560                                  {product} {ergonomic}
   size_t MarkStackSize                            = 4194304                                   {product} {ergonomic}
   size_t MaxHeapSize                              = 1006632960                                {product} {ergonomic}
   size_t MaxNewSize                               = 603979776                                 {product} {ergonomic}
   size_t MinHeapDeltaBytes                        = 1048576                                   {product} {ergonomic}
    uintx NonNMethodCodeHeapSize                   = 6973028                                {pd product} {ergonomic}
    uintx NonProfiledCodeHeapSize                  = 244685212                              {pd product} {ergonomic}
    uintx ProfiledCodeHeapSize                     = 0                                      {pd product} {ergonomic}
    uintx ReservedCodeCacheSize                    = 251658240                              {pd product} {ergonomic}
     bool SegmentedCodeCache                       = true                                      {product} {ergonomic}
     intx TieredStopAtLevel                        = 1                                         {product} {command line}
     bool UseCompressedClassPointers               = true                                 {lp64_product} {ergonomic}
     bool UseCompressedOops                        = true                                 {lp64_product} {ergonomic}
     bool UseG1GC                                  = true                                      {product} {ergonomic}

Logging:
Log output configuration:
 #0: stdout all=warning uptime,level,tags
 #1: stderr all=off uptime,level,tags

Environment Variables:
JAVA_HOME=/usr/lib/jvm/java-11-openjdk-amd64
PATH=/usr/local/sbin:/usr/local/bin:/usr/sbin:/usr/bin:/sbin:/bin:/usr/games:/usr/local/games:/snap/bin:/snap/bin
USERNAME=dibier
SHELL=/bin/bash
DISPLAY=:0
LANG=es_CO.UTF-8

Signal Handlers:
SIGSEGV: [libjvm.so+0xe9f660], sa_mask[0]=11111111011111111101111111111110, sa_flags=SA_RESTART|SA_SIGINFO
SIGBUS: [libjvm.so+0xe9f660], sa_mask[0]=11111111011111111101111111111110, sa_flags=SA_RESTART|SA_SIGINFO
SIGFPE: [libjvm.so+0xe9f660], sa_mask[0]=11111111011111111101111111111110, sa_flags=SA_RESTART|SA_SIGINFO
SIGPIPE: [libjvm.so+0xbe3bf0], sa_mask[0]=11111111011111111101111111111110, sa_flags=SA_RESTART|SA_SIGINFO
SIGXFSZ: [libjvm.so+0xbe3bf0], sa_mask[0]=11111111011111111101111111111110, sa_flags=SA_RESTART|SA_SIGINFO
SIGILL: [libjvm.so+0xe9f660], sa_mask[0]=11111111011111111101111111111110, sa_flags=SA_RESTART|SA_SIGINFO
SIGUSR2: [libjvm.so+0xbe3a90], sa_mask[0]=00100000000000000000000000000000, sa_flags=SA_RESTART|SA_SIGINFO
SIGHUP: [libjvm.so+0xbe4020], sa_mask[0]=11111111011111111101111111111110, sa_flags=SA_RESTART|SA_SIGINFO
SIGINT: SIG_IGN, sa_mask[0]=00000000000000000000000000000000, sa_flags=none
SIGTERM: [libjvm.so+0xbe4020], sa_mask[0]=11111111011111111101111111111110, sa_flags=SA_RESTART|SA_SIGINFO
SIGQUIT: [libjvm.so+0xbe4020], sa_mask[0]=11111111011111111101111111111110, sa_flags=SA_RESTART|SA_SIGINFO


---------------  S Y S T E M  ---------------

OS:DISTRIB_ID=Ubuntu
DISTRIB_RELEASE=22.04
DISTRIB_CODENAME=jammy
DISTRIB_DESCRIPTION="Ubuntu Jammy Jellyfish (development branch)"
uname:Linux 5.15.0-23-generic #23-Ubuntu SMP Fri Mar 11 14:54:05 UTC 2022 x86_64
OS uptime: 0 days 7:05 hours
libc:glibc 2.35 NPTL 2.35 
rlimit (soft/hard): STACK 8192k/infinity , CORE 0k/infinity , NPROC 15082/15082 , NOFILE 1048576/1048576 , AS infinity/infinity , CPU infinity/infinity , DATA infinity/infinity , FSIZE infinity/infinity , MEMLOCK 491296k/491296k
load average:1,13 1,58 1,64

/proc/meminfo:
MemTotal:        3930372 kB
MemFree:          119864 kB
MemAvailable:     590748 kB
Buffers:           42112 kB
Cached:           653076 kB
SwapCached:        66000 kB
Active:          1548160 kB
Inactive:        1879500 kB
Active(anon):    1170696 kB
Inactive(anon):  1624392 kB
Active(file):     377464 kB
Inactive(file):   255108 kB
Unevictable:          72 kB
Mlocked:              72 kB
SwapTotal:       2097148 kB
SwapFree:         267140 kB
Dirty:              1312 kB
Writeback:             0 kB
AnonPages:       2667172 kB
Mapped:           444020 kB
Shmem:             66376 kB
KReclaimable:      91364 kB
Slab:             210784 kB
SReclaimable:      91364 kB
SUnreclaim:       119420 kB
KernelStack:       19136 kB
PageTables:        52012 kB
NFS_Unstable:          0 kB
Bounce:                0 kB
WritebackTmp:          0 kB
CommitLimit:     4062332 kB
Committed_AS:   14014700 kB
VmallocTotal:   34359738367 kB
VmallocUsed:       41964 kB
VmallocChunk:          0 kB
Percpu:             4416 kB
HardwareCorrupted:     0 kB
AnonHugePages:         0 kB
ShmemHugePages:        0 kB
ShmemPmdMapped:        0 kB
FileHugePages:         0 kB
FilePmdMapped:         0 kB
HugePages_Total:       0
HugePages_Free:        0
HugePages_Rsvd:        0
HugePages_Surp:        0
Hugepagesize:       2048 kB
Hugetlb:               0 kB
DirectMap4k:      396160 kB
DirectMap2M:     3708928 kB
DirectMap1G:           0 kB

/sys/kernel/mm/transparent_hugepage/enabled:
always [madvise] never
/sys/kernel/mm/transparent_hugepage/defrag (defrag/compaction efforts parameter):
always defer defer+madvise [madvise] never

Process Memory:
Virtual Size: 4661832K (peak: 12375408K)
Resident Set Size: 224724K (peak: 224724K) (anon: 198364K, file: 26360K, shmem: 0K)
Swapped out: 0K
C-Heap outstanding allocations: 25545K

/proc/sys/kernel/threads-max (system-wide limit on the number of threads):
30165
/proc/sys/vm/max_map_count (maximum number of memory map areas a process may have):
65530
/proc/sys/kernel/pid_max (system-wide limit on number of process identifiers):
4194304

Steal ticks since vm start: 0
Steal ticks percentage since vm start:  0,000

CPU:total 4 (initial active 4) (4 cores per cpu, 1 threads per core) family 6 model 158 stepping 10 microcode 0xea, cmov, cx8, fxsr, mmx, sse, sse2, sse3, ssse3, sse4.1, sse4.2, popcnt, avx, avx2, aes, clmul, erms, 3dnowpref, lzcnt, tsc, tscinvbit, bmi1, bmi2, adx, fma
CPU Model and flags from /proc/cpuinfo:
model name	: Intel(R) Core(TM) i3-9100F CPU @ 3.60GHz
flags		: fpu vme de pse tsc msr pae mce cx8 apic sep mtrr pge mca cmov pat pse36 clflush dts acpi mmx fxsr sse sse2 ss ht tm pbe syscall nx pdpe1gb rdtscp lm constant_tsc art arch_perfmon pebs bts rep_good nopl xtopology nonstop_tsc cpuid aperfmperf pni pclmulqdq dtes64 monitor ds_cpl est tm2 ssse3 sdbg fma cx16 xtpr pdcm pcid sse4_1 sse4_2 x2apic movbe popcnt tsc_deadline_timer aes xsave avx f16c rdrand lahf_lm abm 3dnowprefetch cpuid_fault invpcid_single pti ssbd ibrs ibpb stibp fsgsbase tsc_adjust bmi1 avx2 smep bmi2 erms invpcid mpx rdseed adx smap clflushopt intel_pt xsaveopt xsavec xgetbv1 xsaves dtherm ida arat pln pts hwp hwp_notify hwp_act_window hwp_epp md_clear flush_l1d
Online cpus:
0-3
Offline cpus:

BIOS frequency limitation:
<Not Available>
Frequency switch latency (ns):
0
Available cpu frequencies:
<Not Available>
Current governor:
powersave
Core performance/turbo boost:
<Not Available>

Memory: 4k page, physical 3930372k(119864k free), swap 2097148k(267140k free)

vm_info: OpenJDK 64-Bit Server VM (11.0.14+9-Ubuntu-0ubuntu2) for linux-amd64 JRE (11.0.14+9-Ubuntu-0ubuntu2), built on Jan 19 2022 09:24:04 by "unknown" with gcc 11.2.0

END.
